<?xml version="1.0" ?>
<testsuites disabled="0" errors="0" failures="2" tests="2" time="1.1824369430541992">
	<testsuite disabled="0" errors="0" failures="2" name="meraki_switch_stack-j982nvtw" skipped="0" tests="2" time="1.1824369430541992">
		<testcase classname="/root/ansible/ansible_collections/cisco/meraki/tests/output/.tmp/integration/meraki_switch_stack-sivrjfxb-ÅÑŚÌβŁÈ/tests/integration/targets/meraki_switch_stack/tasks/main.yml:7" name="[localhost] meraki: meraki_switch_stack : Create new stack auth_key={{ auth_key }}, state=present, org_name={{test_org_name}}, net_name={{test_switch_net_name}}, name=Test stack, serials=['QBSB-BPR6-PRER', 'QBSB-VLNE-E299']" time="0.615020">
			<failure message="Unable to import meraki_switch_stack due to invalid syntax" type="failure">{
&quot;msg&quot;: &quot;Unable to import meraki_switch_stack due to invalid syntax&quot;
}</failure>
		</testcase>
		<testcase classname="/root/ansible/ansible_collections/cisco/meraki/tests/output/.tmp/integration/meraki_switch_stack-sivrjfxb-ÅÑŚÌβŁÈ/tests/integration/targets/meraki_switch_stack/tasks/main.yml:100" name="[localhost] meraki: meraki_switch_stack : Delete stack auth_key={{ auth_key }}, state=absent, org_name={{test_org_name}}, net_name={{test_switch_net_name}}, stack_id={{stack_id}}" time="0.567417">
			<failure message="The task includes an option with an undefined variable. The error was: 'stack_id' is undefined

The error appears to be in '/root/ansible/ansible_collections/cisco/meraki/tests/output/.tmp/integration/meraki_switch_stack-sivrjfxb-ÅÑŚÌβŁÈ/tests/integration/targets/meraki_switch_stack/tasks/main.yml': line 100, column 5, but may
be elsewhere in the file depending on the exact syntax problem.

The offending line appears to be:

  always:
  - name: Delete stack
    ^ here
" type="failure">{
&quot;msg&quot;: &quot;The task includes an option with an undefined variable. The error was: 'stack_id' is undefined\n\nThe error appears to be in '/root/ansible/ansible_collections/cisco/meraki/tests/output/.tmp/integration/meraki_switch_stack-sivrjfxb-ÅÑŚÌβŁÈ/tests/integration/targets/meraki_switch_stack/tasks/main.yml': line 100, column 5, but may\nbe elsewhere in the file depending on the exact syntax problem.\n\nThe offending line appears to be:\n\n  always:\n  - name: Delete stack\n    ^ here\n&quot;
}</failure>
		</testcase>
	</testsuite>
</testsuites>
