<?xml version="1.0" ?>
<testsuites disabled="0" errors="0" failures="0" tests="36" time="54.98030376434326">
	<testsuite disabled="0" errors="0" failures="0" name="meraki_webhook-17pua2by" skipped="1" tests="36" time="54.98030376434326">
		<testcase classname="/root/ansible_collections/cisco/meraki/tests/output/.tmp/integration/meraki_webhook-k_zkjeu4-ÅÑŚÌβŁÈ/tests/integration/targets/meraki_webhook/tasks/tests.yml:7" name="[localhost] meraki: meraki_webhook : Test an API key is provided msg=Please define an API key" time="0.097759">
			<skipped message="Conditional result was False" type="skipped"/>
		</testcase>
		<testcase classname="/root/ansible_collections/cisco/meraki/tests/output/.tmp/integration/meraki_webhook-k_zkjeu4-ÅÑŚÌβŁÈ/tests/integration/targets/meraki_webhook/tasks/tests.yml:12" name="[localhost] meraki: meraki_webhook : Create test network auth_key={{auth_key}}, state=present, org_name={{test_org_name}}, net_name={{test_net_name}}, type=appliance" time="4.906391">
			<system-out>{
&quot;ansible_facts&quot;: {
&quot;discovered_interpreter_python&quot;: &quot;/usr/bin/python&quot;
},
&quot;changed&quot;: true,
&quot;data&quot;: {
&quot;enrollment_string&quot;: null,
&quot;id&quot;: &quot;N_624874448297686123&quot;,
&quot;name&quot;: &quot;Home - Appliance&quot;,
&quot;organization_id&quot;: &quot;133277&quot;,
&quot;product_types&quot;: [
&quot;appliance&quot;
],
&quot;tags&quot;: [],
&quot;time_zone&quot;: &quot;America/Los_Angeles&quot;,
&quot;url&quot;: &quot;https://n110.meraki.com/Home-Appliance/n/wHtOPcUb/manage/usage/list&quot;
},
&quot;deprecations&quot;: [
{
&quot;msg&quot;: &quot;Distribution Ubuntu 18.04 on host localhost should use /usr/bin/python3, but is using /usr/bin/python for backward compatibility with prior Ansible releases. A future Ansible release will default to using the discovered platform python for this host. See https://docs.ansible.com/ansible/2.10/reference_appendices/interpreter_discovery.html for more information&quot;,
&quot;version&quot;: &quot;2.12&quot;
}
],
&quot;response&quot;: &quot;OK (unknown bytes)&quot;,
&quot;status&quot;: 201
}</system-out>
		</testcase>
		<testcase classname="/root/ansible_collections/cisco/meraki/tests/output/.tmp/integration/meraki_webhook-k_zkjeu4-ÅÑŚÌβŁÈ/tests/integration/targets/meraki_webhook/tasks/tests.yml:20" name="[localhost] meraki: meraki_webhook : Create webhook with check mode auth_key={{auth_key}}, state=present, org_name={{test_org_name}}, net_name={{test_net_name}}, name=Test_Hook, url=https://webhook.site/8eb5b76f-b167-4cb8-9fc4-42621b724244, shared_secret=shhhdonttellanyone" time="4.798795">
			<system-out>{
&quot;changed&quot;: true,
&quot;data&quot;: {
&quot;name&quot;: &quot;Test_Hook&quot;,
&quot;network_id&quot;: &quot;N_624874448297686123&quot;,
&quot;shared_secret&quot;: &quot;VALUE_SPECIFIED_IN_NO_LOG_PARAMETER&quot;,
&quot;url&quot;: &quot;https://webhook.site/8eb5b76f-b167-4cb8-9fc4-42621b724244&quot;
},
&quot;response&quot;: &quot;OK (unknown bytes)&quot;,
&quot;status&quot;: 200
}</system-out>
		</testcase>
		<testcase classname="/root/ansible_collections/cisco/meraki/tests/output/.tmp/integration/meraki_webhook-k_zkjeu4-ÅÑŚÌβŁÈ/tests/integration/targets/meraki_webhook/tasks/tests.yml:32" name="[localhost] meraki: meraki_webhook : debug var=create_one_check" time="0.094899">
			<system-out>{
    &quot;changed&quot;: false,
    &quot;create_one_check&quot;: {
        &quot;changed&quot;: true,
        &quot;data&quot;: {
            &quot;name&quot;: &quot;Test_Hook&quot;,
            &quot;network_id&quot;: &quot;N_624874448297686123&quot;,
            &quot;shared_secret&quot;: &quot;VALUE_SPECIFIED_IN_NO_LOG_PARAMETER&quot;,
            &quot;url&quot;: &quot;https://webhook.site/8eb5b76f-b167-4cb8-9fc4-42621b724244&quot;
        },
        &quot;failed&quot;: false,
        &quot;response&quot;: &quot;OK (unknown bytes)&quot;,
        &quot;status&quot;: 200
    }
}</system-out>
		</testcase>
		<testcase classname="/root/ansible_collections/cisco/meraki/tests/output/.tmp/integration/meraki_webhook-k_zkjeu4-ÅÑŚÌβŁÈ/tests/integration/targets/meraki_webhook/tasks/tests.yml:35" name="[localhost] meraki: meraki_webhook : assert that=['create_one_check is changed', 'create_one_check.data is defined']" time="0.118900">
			<system-out>{
    &quot;changed&quot;: false,
    &quot;msg&quot;: &quot;All assertions passed&quot;
}</system-out>
		</testcase>
		<testcase classname="/root/ansible_collections/cisco/meraki/tests/output/.tmp/integration/meraki_webhook-k_zkjeu4-ÅÑŚÌβŁÈ/tests/integration/targets/meraki_webhook/tasks/tests.yml:40" name="[localhost] meraki: meraki_webhook : Create webhook auth_key={{auth_key}}, state=present, org_name={{test_org_name}}, net_name={{test_net_name}}, name=Test_Hook, url=https://webhook.site/8eb5b76f-b167-4cb8-9fc4-42621b724244, shared_secret=shhhdonttellanyone" time="4.846579">
			<system-out>{
&quot;changed&quot;: true,
&quot;data&quot;: {
&quot;id&quot;: &quot;aHR0cHM6Ly93ZWJob29rLnNpdGUvOGViNWI3NmYtYjE2Ny00Y2I4LTlmYzQtNDI2MjFiNzI0MjQ0&quot;,
&quot;name&quot;: &quot;Test_Hook&quot;,
&quot;network_id&quot;: &quot;N_624874448297686123&quot;,
&quot;shared_secret&quot;: &quot;VALUE_SPECIFIED_IN_NO_LOG_PARAMETER&quot;,
&quot;url&quot;: &quot;https://webhook.site/8eb5b76f-b167-4cb8-9fc4-42621b724244&quot;
},
&quot;response&quot;: &quot;OK (unknown bytes)&quot;,
&quot;status&quot;: 201
}</system-out>
		</testcase>
		<testcase classname="/root/ansible_collections/cisco/meraki/tests/output/.tmp/integration/meraki_webhook-k_zkjeu4-ÅÑŚÌβŁÈ/tests/integration/targets/meraki_webhook/tasks/tests.yml:51" name="[localhost] meraki: meraki_webhook : debug var=create_one" time="0.095080">
			<system-out>{
    &quot;changed&quot;: false,
    &quot;create_one&quot;: {
        &quot;changed&quot;: true,
        &quot;data&quot;: {
            &quot;id&quot;: &quot;aHR0cHM6Ly93ZWJob29rLnNpdGUvOGViNWI3NmYtYjE2Ny00Y2I4LTlmYzQtNDI2MjFiNzI0MjQ0&quot;,
            &quot;name&quot;: &quot;Test_Hook&quot;,
            &quot;network_id&quot;: &quot;N_624874448297686123&quot;,
            &quot;shared_secret&quot;: &quot;VALUE_SPECIFIED_IN_NO_LOG_PARAMETER&quot;,
            &quot;url&quot;: &quot;https://webhook.site/8eb5b76f-b167-4cb8-9fc4-42621b724244&quot;
        },
        &quot;failed&quot;: false,
        &quot;response&quot;: &quot;OK (unknown bytes)&quot;,
        &quot;status&quot;: 201
    }
}</system-out>
		</testcase>
		<testcase classname="/root/ansible_collections/cisco/meraki/tests/output/.tmp/integration/meraki_webhook-k_zkjeu4-ÅÑŚÌβŁÈ/tests/integration/targets/meraki_webhook/tasks/tests.yml:54" name="[localhost] meraki: meraki_webhook : assert that=['create_one is changed', 'create_one.data is defined']" time="0.102970">
			<system-out>{
    &quot;changed&quot;: false,
    &quot;msg&quot;: &quot;All assertions passed&quot;
}</system-out>
		</testcase>
		<testcase classname="/root/ansible_collections/cisco/meraki/tests/output/.tmp/integration/meraki_webhook-k_zkjeu4-ÅÑŚÌβŁÈ/tests/integration/targets/meraki_webhook/tasks/tests.yml:59" name="[localhost] meraki: meraki_webhook : set_fact webhook_id={{create_one.data.id}}" time="0.097497">
			<system-out>{
&quot;ansible_facts&quot;: {
&quot;webhook_id&quot;: &quot;aHR0cHM6Ly93ZWJob29rLnNpdGUvOGViNWI3NmYtYjE2Ny00Y2I4LTlmYzQtNDI2MjFiNzI0MjQ0&quot;
},
&quot;changed&quot;: false
}</system-out>
		</testcase>
		<testcase classname="/root/ansible_collections/cisco/meraki/tests/output/.tmp/integration/meraki_webhook-k_zkjeu4-ÅÑŚÌβŁÈ/tests/integration/targets/meraki_webhook/tasks/tests.yml:111" name="[localhost] meraki: meraki_webhook : Update webhook auth_key={{auth_key}}, state=present, org_name={{test_org_name}}, net_name={{test_net_name}}, name=Test_Hook, url=https://webhook.site/8eb5b76f-b167-4cb8-9fc4-42621b724244, shared_secret=shhhdonttellanyonehere" time="4.881816">
			<system-out>{
&quot;changed&quot;: true,
&quot;data&quot;: {
&quot;id&quot;: &quot;aHR0cHM6Ly93ZWJob29rLnNpdGUvOGViNWI3NmYtYjE2Ny00Y2I4LTlmYzQtNDI2MjFiNzI0MjQ0&quot;,
&quot;name&quot;: &quot;Test_Hook&quot;,
&quot;network_id&quot;: &quot;N_624874448297686123&quot;,
&quot;shared_secret&quot;: &quot;VALUE_SPECIFIED_IN_NO_LOG_PARAMETER&quot;,
&quot;url&quot;: &quot;https://webhook.site/8eb5b76f-b167-4cb8-9fc4-42621b724244&quot;
},
&quot;response&quot;: &quot;OK (unknown bytes)&quot;,
&quot;status&quot;: 200
}</system-out>
		</testcase>
		<testcase classname="/root/ansible_collections/cisco/meraki/tests/output/.tmp/integration/meraki_webhook-k_zkjeu4-ÅÑŚÌβŁÈ/tests/integration/targets/meraki_webhook/tasks/tests.yml:122" name="[localhost] meraki: meraki_webhook : debug var=update" time="0.097046">
			<system-out>{
    &quot;changed&quot;: false,
    &quot;update&quot;: {
        &quot;changed&quot;: true,
        &quot;data&quot;: {
            &quot;id&quot;: &quot;aHR0cHM6Ly93ZWJob29rLnNpdGUvOGViNWI3NmYtYjE2Ny00Y2I4LTlmYzQtNDI2MjFiNzI0MjQ0&quot;,
            &quot;name&quot;: &quot;Test_Hook&quot;,
            &quot;network_id&quot;: &quot;N_624874448297686123&quot;,
            &quot;shared_secret&quot;: &quot;VALUE_SPECIFIED_IN_NO_LOG_PARAMETER&quot;,
            &quot;url&quot;: &quot;https://webhook.site/8eb5b76f-b167-4cb8-9fc4-42621b724244&quot;
        },
        &quot;diff&quot;: {
            &quot;after&quot;: {
                &quot;shared_secret&quot;: &quot;VALUE_SPECIFIED_IN_NO_LOG_PARAMETER&quot;
            },
            &quot;before&quot;: {
                &quot;shared_secret&quot;: &quot;VALUE_SPECIFIED_IN_NO_LOG_PARAMETER&quot;
            }
        },
        &quot;failed&quot;: false,
        &quot;response&quot;: &quot;OK (unknown bytes)&quot;,
        &quot;status&quot;: 200
    }
}</system-out>
		</testcase>
		<testcase classname="/root/ansible_collections/cisco/meraki/tests/output/.tmp/integration/meraki_webhook-k_zkjeu4-ÅÑŚÌβŁÈ/tests/integration/targets/meraki_webhook/tasks/tests.yml:125" name="[localhost] meraki: meraki_webhook : assert that=['update is changed', 'update.data is defined', &quot;update.diff.before.shared_secret == 'VALUE_SPECIFIED_IN_NO_LOG_PARAMETER'&quot;]" time="0.099926">
			<system-out>{
    &quot;changed&quot;: false,
    &quot;msg&quot;: &quot;All assertions passed&quot;
}</system-out>
		</testcase>
		<testcase classname="/root/ansible_collections/cisco/meraki/tests/output/.tmp/integration/meraki_webhook-k_zkjeu4-ÅÑŚÌβŁÈ/tests/integration/targets/meraki_webhook/tasks/tests.yml:131" name="[localhost] meraki: meraki_webhook : Update webhook with idempotency auth_key={{auth_key}}, state=present, org_name={{test_org_name}}, net_name={{test_net_name}}, name=Test_Hook, url=https://webhook.site/8eb5b76f-b167-4cb8-9fc4-42621b724244, shared_secret=shhhdonttellanyonehere" time="3.569299">
			<system-out>{
&quot;changed&quot;: false,
&quot;data&quot;: {
&quot;id&quot;: &quot;aHR0cHM6Ly93ZWJob29rLnNpdGUvOGViNWI3NmYtYjE2Ny00Y2I4LTlmYzQtNDI2MjFiNzI0MjQ0&quot;,
&quot;name&quot;: &quot;Test_Hook&quot;,
&quot;network_id&quot;: &quot;N_624874448297686123&quot;,
&quot;shared_secret&quot;: &quot;VALUE_SPECIFIED_IN_NO_LOG_PARAMETER&quot;,
&quot;url&quot;: &quot;https://webhook.site/8eb5b76f-b167-4cb8-9fc4-42621b724244&quot;
},
&quot;response&quot;: &quot;OK (unknown bytes)&quot;,
&quot;status&quot;: 200
}</system-out>
		</testcase>
		<testcase classname="/root/ansible_collections/cisco/meraki/tests/output/.tmp/integration/meraki_webhook-k_zkjeu4-ÅÑŚÌβŁÈ/tests/integration/targets/meraki_webhook/tasks/tests.yml:142" name="[localhost] meraki: meraki_webhook : debug var=update_idempotent" time="0.096386">
			<system-out>{
    &quot;changed&quot;: false,
    &quot;update_idempotent&quot;: {
        &quot;changed&quot;: false,
        &quot;data&quot;: {
            &quot;id&quot;: &quot;aHR0cHM6Ly93ZWJob29rLnNpdGUvOGViNWI3NmYtYjE2Ny00Y2I4LTlmYzQtNDI2MjFiNzI0MjQ0&quot;,
            &quot;name&quot;: &quot;Test_Hook&quot;,
            &quot;network_id&quot;: &quot;N_624874448297686123&quot;,
            &quot;shared_secret&quot;: &quot;VALUE_SPECIFIED_IN_NO_LOG_PARAMETER&quot;,
            &quot;url&quot;: &quot;https://webhook.site/8eb5b76f-b167-4cb8-9fc4-42621b724244&quot;
        },
        &quot;failed&quot;: false,
        &quot;response&quot;: &quot;OK (unknown bytes)&quot;,
        &quot;status&quot;: 200
    }
}</system-out>
		</testcase>
		<testcase classname="/root/ansible_collections/cisco/meraki/tests/output/.tmp/integration/meraki_webhook-k_zkjeu4-ÅÑŚÌβŁÈ/tests/integration/targets/meraki_webhook/tasks/tests.yml:145" name="[localhost] meraki: meraki_webhook : assert that=['update_idempotent is not changed', 'update_idempotent.data is defined']" time="0.096298">
			<system-out>{
    &quot;changed&quot;: false,
    &quot;msg&quot;: &quot;All assertions passed&quot;
}</system-out>
		</testcase>
		<testcase classname="/root/ansible_collections/cisco/meraki/tests/output/.tmp/integration/meraki_webhook-k_zkjeu4-ÅÑŚÌβŁÈ/tests/integration/targets/meraki_webhook/tasks/tests.yml:150" name="[localhost] meraki: meraki_webhook : Update webhook with id auth_key={{auth_key}}, state=present, org_name={{test_org_name}}, net_name={{test_net_name}}, webhook_id={{webhook_id}}, name=Test_Hook, url=https://webhook.site/8eb5b76f-b167-4cb8-9fc4-42621b724244, shared_secret=shhhdonttellanyonehereid" time="3.802508">
			<system-out>{
&quot;changed&quot;: true,
&quot;data&quot;: {
&quot;id&quot;: &quot;aHR0cHM6Ly93ZWJob29rLnNpdGUvOGViNWI3NmYtYjE2Ny00Y2I4LTlmYzQtNDI2MjFiNzI0MjQ0&quot;,
&quot;name&quot;: &quot;Test_Hook&quot;,
&quot;network_id&quot;: &quot;N_624874448297686123&quot;,
&quot;shared_secret&quot;: &quot;VALUE_SPECIFIED_IN_NO_LOG_PARAMETER&quot;,
&quot;url&quot;: &quot;https://webhook.site/8eb5b76f-b167-4cb8-9fc4-42621b724244&quot;
},
&quot;response&quot;: &quot;OK (unknown bytes)&quot;,
&quot;status&quot;: 200
}</system-out>
		</testcase>
		<testcase classname="/root/ansible_collections/cisco/meraki/tests/output/.tmp/integration/meraki_webhook-k_zkjeu4-ÅÑŚÌβŁÈ/tests/integration/targets/meraki_webhook/tasks/tests.yml:162" name="[localhost] meraki: meraki_webhook : debug var=update_id" time="0.094219">
			<system-out>{
    &quot;changed&quot;: false,
    &quot;update_id&quot;: {
        &quot;changed&quot;: true,
        &quot;data&quot;: {
            &quot;id&quot;: &quot;aHR0cHM6Ly93ZWJob29rLnNpdGUvOGViNWI3NmYtYjE2Ny00Y2I4LTlmYzQtNDI2MjFiNzI0MjQ0&quot;,
            &quot;name&quot;: &quot;Test_Hook&quot;,
            &quot;network_id&quot;: &quot;N_624874448297686123&quot;,
            &quot;shared_secret&quot;: &quot;VALUE_SPECIFIED_IN_NO_LOG_PARAMETER&quot;,
            &quot;url&quot;: &quot;https://webhook.site/8eb5b76f-b167-4cb8-9fc4-42621b724244&quot;
        },
        &quot;diff&quot;: {
            &quot;after&quot;: {
                &quot;shared_secret&quot;: &quot;VALUE_SPECIFIED_IN_NO_LOG_PARAMETER&quot;
            },
            &quot;before&quot;: {
                &quot;shared_secret&quot;: &quot;VALUE_SPECIFIED_IN_NO_LOG_PARAMETER&quot;
            }
        },
        &quot;failed&quot;: false,
        &quot;response&quot;: &quot;OK (unknown bytes)&quot;,
        &quot;status&quot;: 200
    }
}</system-out>
		</testcase>
		<testcase classname="/root/ansible_collections/cisco/meraki/tests/output/.tmp/integration/meraki_webhook-k_zkjeu4-ÅÑŚÌβŁÈ/tests/integration/targets/meraki_webhook/tasks/tests.yml:165" name="[localhost] meraki: meraki_webhook : assert that=['update_id is changed', 'update_id.data is defined']" time="0.098205">
			<system-out>{
    &quot;changed&quot;: false,
    &quot;msg&quot;: &quot;All assertions passed&quot;
}</system-out>
		</testcase>
		<testcase classname="/root/ansible_collections/cisco/meraki/tests/output/.tmp/integration/meraki_webhook-k_zkjeu4-ÅÑŚÌβŁÈ/tests/integration/targets/meraki_webhook/tasks/tests.yml:170" name="[localhost] meraki: meraki_webhook : Create test webhook auth_key={{auth_key}}, state=present, org_name={{test_org_name}}, net_name={{test_net_name}}, name=Test_Hook, test=test, url=https://webhook.site/8eb5b76f-b167-4cb8-9fc4-42621b724244" time="3.647069">
			<system-out>{
&quot;changed&quot;: false,
&quot;data&quot;: {
&quot;id&quot;: &quot;624874448297678464&quot;,
&quot;shared_secret&quot;: &quot;&quot;,
&quot;status&quot;: &quot;enqueued&quot;,
&quot;url&quot;: &quot;https://webhook.site/8eb5b76f-b167-4cb8-9fc4-42621b724244&quot;
},
&quot;response&quot;: &quot;OK (unknown bytes)&quot;,
&quot;status&quot;: 201
}</system-out>
		</testcase>
		<testcase classname="/root/ansible_collections/cisco/meraki/tests/output/.tmp/integration/meraki_webhook-k_zkjeu4-ÅÑŚÌβŁÈ/tests/integration/targets/meraki_webhook/tasks/tests.yml:181" name="[localhost] meraki: meraki_webhook : set_fact test_id={{webhook_test.data.id}}" time="0.101186">
			<system-out>{
&quot;ansible_facts&quot;: {
&quot;test_id&quot;: &quot;624874448297678464&quot;
},
&quot;changed&quot;: false
}</system-out>
		</testcase>
		<testcase classname="/root/ansible_collections/cisco/meraki/tests/output/.tmp/integration/meraki_webhook-k_zkjeu4-ÅÑŚÌβŁÈ/tests/integration/targets/meraki_webhook/tasks/tests.yml:184" name="[localhost] meraki: meraki_webhook : debug var=test_id" time="0.103830">
			<system-out>{
    &quot;changed&quot;: false,
    &quot;test_id&quot;: &quot;624874448297678464&quot;
}</system-out>
		</testcase>
		<testcase classname="/root/ansible_collections/cisco/meraki/tests/output/.tmp/integration/meraki_webhook-k_zkjeu4-ÅÑŚÌβŁÈ/tests/integration/targets/meraki_webhook/tasks/tests.yml:187" name="[localhost] meraki: meraki_webhook : Get webhook status auth_key={{auth_key}}, state=query, org_name={{test_org_name}}, net_name={{test_net_name}}, test_id={{test_id}}" time="3.069159">
			<system-out>{
&quot;changed&quot;: false,
&quot;data&quot;: {
&quot;id&quot;: &quot;624874448297678464&quot;,
&quot;shared_secret&quot;: &quot;VALUE_SPECIFIED_IN_NO_LOG_PARAMETER&quot;,
&quot;status&quot;: &quot;enqueued&quot;,
&quot;url&quot;: &quot;https://webhook.site/8eb5b76f-b167-4cb8-9fc4-42621b724244&quot;
},
&quot;response&quot;: &quot;OK (unknown bytes)&quot;,
&quot;status&quot;: 200
}</system-out>
		</testcase>
		<testcase classname="/root/ansible_collections/cisco/meraki/tests/output/.tmp/integration/meraki_webhook-k_zkjeu4-ÅÑŚÌβŁÈ/tests/integration/targets/meraki_webhook/tasks/tests.yml:196" name="[localhost] meraki: meraki_webhook : debug var=webhook_test_status" time="0.093050">
			<system-out>{
    &quot;changed&quot;: false,
    &quot;webhook_test_status&quot;: {
        &quot;changed&quot;: false,
        &quot;data&quot;: {
            &quot;id&quot;: &quot;624874448297678464&quot;,
            &quot;shared_secret&quot;: &quot;VALUE_SPECIFIED_IN_NO_LOG_PARAMETER&quot;,
            &quot;status&quot;: &quot;enqueued&quot;,
            &quot;url&quot;: &quot;https://webhook.site/8eb5b76f-b167-4cb8-9fc4-42621b724244&quot;
        },
        &quot;failed&quot;: false,
        &quot;response&quot;: &quot;OK (unknown bytes)&quot;,
        &quot;status&quot;: 200
    }
}</system-out>
		</testcase>
		<testcase classname="/root/ansible_collections/cisco/meraki/tests/output/.tmp/integration/meraki_webhook-k_zkjeu4-ÅÑŚÌβŁÈ/tests/integration/targets/meraki_webhook/tasks/tests.yml:199" name="[localhost] meraki: meraki_webhook : assert that=['webhook_test_status.data is defined']" time="0.094700">
			<system-out>{
    &quot;changed&quot;: false,
    &quot;msg&quot;: &quot;All assertions passed&quot;
}</system-out>
		</testcase>
		<testcase classname="/root/ansible_collections/cisco/meraki/tests/output/.tmp/integration/meraki_webhook-k_zkjeu4-ÅÑŚÌβŁÈ/tests/integration/targets/meraki_webhook/tasks/tests.yml:203" name="[localhost] meraki: meraki_webhook : Query all webhooks auth_key={{auth_key}}, state=query, org_name={{test_org_name}}, net_name={{test_net_name}}" time="2.919987">
			<system-out>{
&quot;changed&quot;: false,
&quot;data&quot;: [
{
&quot;id&quot;: &quot;aHR0cHM6Ly93ZWJob29rLnNpdGUvOGViNWI3NmYtYjE2Ny00Y2I4LTlmYzQtNDI2MjFiNzI0MjQ0&quot;,
&quot;name&quot;: &quot;Test_Hook&quot;,
&quot;network_id&quot;: &quot;N_624874448297686123&quot;,
&quot;shared_secret&quot;: &quot;VALUE_SPECIFIED_IN_NO_LOG_PARAMETER&quot;,
&quot;url&quot;: &quot;https://webhook.site/8eb5b76f-b167-4cb8-9fc4-42621b724244&quot;
}
],
&quot;response&quot;: &quot;OK (unknown bytes)&quot;,
&quot;status&quot;: 200
}</system-out>
		</testcase>
		<testcase classname="/root/ansible_collections/cisco/meraki/tests/output/.tmp/integration/meraki_webhook-k_zkjeu4-ÅÑŚÌβŁÈ/tests/integration/targets/meraki_webhook/tasks/tests.yml:211" name="[localhost] meraki: meraki_webhook : debug var=query_all" time="0.092400">
			<system-out>{
    &quot;changed&quot;: false,
    &quot;query_all&quot;: {
        &quot;changed&quot;: false,
        &quot;data&quot;: [
            {
                &quot;id&quot;: &quot;aHR0cHM6Ly93ZWJob29rLnNpdGUvOGViNWI3NmYtYjE2Ny00Y2I4LTlmYzQtNDI2MjFiNzI0MjQ0&quot;,
                &quot;name&quot;: &quot;Test_Hook&quot;,
                &quot;network_id&quot;: &quot;N_624874448297686123&quot;,
                &quot;shared_secret&quot;: &quot;VALUE_SPECIFIED_IN_NO_LOG_PARAMETER&quot;,
                &quot;url&quot;: &quot;https://webhook.site/8eb5b76f-b167-4cb8-9fc4-42621b724244&quot;
            }
        ],
        &quot;failed&quot;: false,
        &quot;response&quot;: &quot;OK (unknown bytes)&quot;,
        &quot;status&quot;: 200
    }
}</system-out>
		</testcase>
		<testcase classname="/root/ansible_collections/cisco/meraki/tests/output/.tmp/integration/meraki_webhook-k_zkjeu4-ÅÑŚÌβŁÈ/tests/integration/targets/meraki_webhook/tasks/tests.yml:214" name="[localhost] meraki: meraki_webhook : Delete webhook invalid webhook auth_key={{auth_key}}, state=absent, org_name={{test_org_name}}, net_name={{test_net_name}}, name=Test_Hook_Invalid" time="2.964577">
			<system-out>{
&quot;changed&quot;: false,
&quot;msg&quot;: &quot;There is no webhook with the name Test_Hook_Invalid&quot;,
&quot;response&quot;: &quot;OK (unknown bytes)&quot;,
&quot;status&quot;: 200
}</system-out>
		</testcase>
		<testcase classname="/root/ansible_collections/cisco/meraki/tests/output/.tmp/integration/meraki_webhook-k_zkjeu4-ÅÑŚÌβŁÈ/tests/integration/targets/meraki_webhook/tasks/tests.yml:225" name="[localhost] meraki: meraki_webhook : debug var=delete_invalid" time="0.091931">
			<system-out>{
    &quot;changed&quot;: false,
    &quot;delete_invalid&quot;: {
        &quot;changed&quot;: false,
        &quot;failed&quot;: true,
        &quot;msg&quot;: &quot;There is no webhook with the name Test_Hook_Invalid&quot;,
        &quot;response&quot;: &quot;OK (unknown bytes)&quot;,
        &quot;status&quot;: 200
    }
}</system-out>
		</testcase>
		<testcase classname="/root/ansible_collections/cisco/meraki/tests/output/.tmp/integration/meraki_webhook-k_zkjeu4-ÅÑŚÌβŁÈ/tests/integration/targets/meraki_webhook/tasks/tests.yml:228" name="[localhost] meraki: meraki_webhook : assert that=['delete_invalid.msg == &quot;There is no webhook with the name Test_Hook_Invalid&quot;']" time="0.095134">
			<system-out>{
    &quot;changed&quot;: false,
    &quot;msg&quot;: &quot;All assertions passed&quot;
}</system-out>
		</testcase>
		<testcase classname="/root/ansible_collections/cisco/meraki/tests/output/.tmp/integration/meraki_webhook-k_zkjeu4-ÅÑŚÌβŁÈ/tests/integration/targets/meraki_webhook/tasks/tests.yml:232" name="[localhost] meraki: meraki_webhook : Delete webhook in check mode auth_key={{auth_key}}, state=absent, org_name={{test_org_name}}, net_name={{test_net_name}}, name=Test_Hook" time="2.928232">
			<system-out>{
&quot;changed&quot;: true,
&quot;data&quot;: null,
&quot;response&quot;: &quot;OK (unknown bytes)&quot;,
&quot;status&quot;: 200
}</system-out>
		</testcase>
		<testcase classname="/root/ansible_collections/cisco/meraki/tests/output/.tmp/integration/meraki_webhook-k_zkjeu4-ÅÑŚÌβŁÈ/tests/integration/targets/meraki_webhook/tasks/tests.yml:242" name="[localhost] meraki: meraki_webhook : debug var=delete_check" time="0.091004">
			<system-out>{
    &quot;changed&quot;: false,
    &quot;delete_check&quot;: {
        &quot;changed&quot;: true,
        &quot;data&quot;: null,
        &quot;failed&quot;: false,
        &quot;response&quot;: &quot;OK (unknown bytes)&quot;,
        &quot;status&quot;: 200
    }
}</system-out>
		</testcase>
		<testcase classname="/root/ansible_collections/cisco/meraki/tests/output/.tmp/integration/meraki_webhook-k_zkjeu4-ÅÑŚÌβŁÈ/tests/integration/targets/meraki_webhook/tasks/tests.yml:245" name="[localhost] meraki: meraki_webhook : assert that=['delete_check is changed']" time="0.092700">
			<system-out>{
    &quot;changed&quot;: false,
    &quot;msg&quot;: &quot;All assertions passed&quot;
}</system-out>
		</testcase>
		<testcase classname="/root/ansible_collections/cisco/meraki/tests/output/.tmp/integration/meraki_webhook-k_zkjeu4-ÅÑŚÌβŁÈ/tests/integration/targets/meraki_webhook/tasks/tests.yml:249" name="[localhost] meraki: meraki_webhook : Delete webhook auth_key={{auth_key}}, state=absent, org_name={{test_org_name}}, net_name={{test_net_name}}, name=Test_Hook" time="3.562399">
			<system-out>{
&quot;changed&quot;: true,
&quot;data&quot;: {},
&quot;response&quot;: &quot;OK (unknown bytes)&quot;,
&quot;status&quot;: 204
}</system-out>
		</testcase>
		<testcase classname="/root/ansible_collections/cisco/meraki/tests/output/.tmp/integration/meraki_webhook-k_zkjeu4-ÅÑŚÌβŁÈ/tests/integration/targets/meraki_webhook/tasks/tests.yml:258" name="[localhost] meraki: meraki_webhook : debug var=delete" time="0.094276">
			<system-out>{
    &quot;changed&quot;: false,
    &quot;delete&quot;: {
        &quot;changed&quot;: true,
        &quot;data&quot;: {},
        &quot;failed&quot;: false,
        &quot;response&quot;: &quot;OK (unknown bytes)&quot;,
        &quot;status&quot;: 204
    }
}</system-out>
		</testcase>
		<testcase classname="/root/ansible_collections/cisco/meraki/tests/output/.tmp/integration/meraki_webhook-k_zkjeu4-ÅÑŚÌβŁÈ/tests/integration/targets/meraki_webhook/tasks/tests.yml:261" name="[localhost] meraki: meraki_webhook : assert that=['delete is changed']" time="0.093921">
			<system-out>{
    &quot;changed&quot;: false,
    &quot;msg&quot;: &quot;All assertions passed&quot;
}</system-out>
		</testcase>
		<testcase classname="/root/ansible_collections/cisco/meraki/tests/output/.tmp/integration/meraki_webhook-k_zkjeu4-ÅÑŚÌβŁÈ/tests/integration/targets/meraki_webhook/tasks/tests.yml:269" name="[localhost] meraki: meraki_webhook : Delete test network auth_key={{auth_key}}, state=absent, org_name={{test_org_name}}, net_name={{test_net_name}}" time="6.850175">
			<system-out>{
&quot;changed&quot;: true,
&quot;response&quot;: &quot;OK (unknown bytes)&quot;,
&quot;status&quot;: 204
}</system-out>
		</testcase>
	</testsuite>
</testsuites>
