<?xml version="1.0" ?>
<testsuites disabled="0" errors="0" failures="0" tests="33" time="85.1206865310669">
	<testsuite disabled="0" errors="0" failures="0" name="meraki_device-r7xzubas" skipped="0" tests="33" time="85.1206865310669">
		<testcase classname="/root/ansible/ansible_collections/cisco/meraki/tests/output/.tmp/integration/meraki_device-jxwz88sx-ÅÑŚÌβŁÈ/tests/integration/targets/meraki_device/tasks/main.yml:17" name="[localhost] meraki: meraki_device : Create network auth_key={{auth_key}}, org_name={{test_org_name}}, net_name={{test_net_name}}, type=appliance, state=present" time="3.926095">
			<system-out>{
&quot;ansible_facts&quot;: {
&quot;discovered_interpreter_python&quot;: &quot;/usr/bin/python&quot;
},
&quot;changed&quot;: false,
&quot;data&quot;: {
&quot;disable_my_meraki_com&quot;: false,
&quot;disable_remote_status_page&quot;: true,
&quot;id&quot;: &quot;N_624874448297684981&quot;,
&quot;name&quot;: &quot;Home - Appliance&quot;,
&quot;organization_id&quot;: &quot;133277&quot;,
&quot;product_types&quot;: [
&quot;appliance&quot;
],
&quot;tags&quot;: null,
&quot;time_zone&quot;: &quot;America/Los_Angeles&quot;,
&quot;type&quot;: &quot;appliance&quot;
},
&quot;deprecations&quot;: [
{
&quot;msg&quot;: &quot;Distribution Ubuntu 18.04 on host localhost should use /usr/bin/python3, but is using /usr/bin/python for backward compatibility with prior Ansible releases. A future Ansible release will default to using the discovered platform python for this host. See https://docs.ansible.com/ansible/2.9/reference_appendices/interpreter_discovery.html for more information&quot;,
&quot;version&quot;: &quot;2.12&quot;
}
],
&quot;response&quot;: &quot;OK (unknown bytes)&quot;,
&quot;status&quot;: 200
}</system-out>
		</testcase>
		<testcase classname="/root/ansible/ansible_collections/cisco/meraki/tests/output/.tmp/integration/meraki_device-jxwz88sx-ÅÑŚÌβŁÈ/tests/integration/targets/meraki_device/tasks/main.yml:26" name="[localhost] meraki: meraki_device : set_fact net_id={{net_info.data.id}}" time="0.651614">
			<system-out>{
&quot;ansible_facts&quot;: {
&quot;net_id&quot;: &quot;N_624874448297684981&quot;
},
&quot;changed&quot;: false
}</system-out>
		</testcase>
		<testcase classname="/root/ansible/ansible_collections/cisco/meraki/tests/output/.tmp/integration/meraki_device-jxwz88sx-ÅÑŚÌβŁÈ/tests/integration/targets/meraki_device/tasks/main.yml:29" name="[localhost] meraki: meraki_device : Query status of all devices in an organization auth_key={{auth_key}}, org_name={{test_org_name}}, state=query" time="4.331062">
			<system-out>{
&quot;changed&quot;: false,
&quot;data&quot;: [
{
&quot;claimed_at&quot;: &quot;1437856184.88479&quot;,
&quot;mac&quot;: &quot;00:18:0a:b2:b0:8f&quot;,
&quot;model&quot;: &quot;MS220-8P&quot;,
&quot;name&quot;: &quot;&quot;,
&quot;network_id&quot;: &quot;N_624874448297683727&quot;,
&quot;public_ip&quot;: &quot;73.75.66.18&quot;,
&quot;serial&quot;: &quot;Q2HP-2C6E-GTLD&quot;
},
{
&quot;claimed_at&quot;: &quot;1582921758.03133&quot;,
&quot;mac&quot;: &quot;4c:c8:a1:03:00:03&quot;,
&quot;model&quot;: &quot;MX450&quot;,
&quot;name&quot;: &quot;&quot;,
&quot;network_id&quot;: &quot;N_624874448297683434&quot;,
&quot;public_ip&quot;: null,
&quot;serial&quot;: &quot;QBSA-N3KM-CZNY&quot;
},
{
&quot;claimed_at&quot;: &quot;1582921741.98041&quot;,
&quot;mac&quot;: &quot;4c:c8:a1:03:00:04&quot;,
&quot;model&quot;: &quot;MX450&quot;,
&quot;name&quot;: &quot;&quot;,
&quot;network_id&quot;: &quot;N_624874448297683435&quot;,
&quot;public_ip&quot;: null,
&quot;serial&quot;: &quot;QBSA-5UDA-KXNB&quot;
},
{
&quot;claimed_at&quot;: &quot;1577482654.00356&quot;,
&quot;mac&quot;: &quot;4c:c8:a1:09:00:1d&quot;,
&quot;model&quot;: &quot;MS425-32&quot;,
&quot;name&quot;: &quot;&quot;,
&quot;network_id&quot;: &quot;N_624874448297683727&quot;,
&quot;public_ip&quot;: null,
&quot;serial&quot;: &quot;QBSB-BPR6-PRER&quot;
},
{
&quot;claimed_at&quot;: &quot;1577482654.05588&quot;,
&quot;mac&quot;: &quot;4c:c8:a1:09:00:1f&quot;,
&quot;model&quot;: &quot;MS425-32&quot;,
&quot;name&quot;: &quot;&quot;,
&quot;network_id&quot;: &quot;N_624874448297683727&quot;,
&quot;public_ip&quot;: null,
&quot;serial&quot;: &quot;QBSB-4UDD-YPT9&quot;
},
{
&quot;claimed_at&quot;: &quot;1577482654.06248&quot;,
&quot;mac&quot;: &quot;4c:c8:a1:09:00:20&quot;,
&quot;model&quot;: &quot;MS425-32&quot;,
&quot;name&quot;: &quot;&quot;,
&quot;network_id&quot;: &quot;N_624874448297683727&quot;,
&quot;public_ip&quot;: null,
&quot;serial&quot;: &quot;QBSB-D75G-PXCG&quot;
},
{
&quot;claimed_at&quot;: &quot;1577447382.66182&quot;,
&quot;mac&quot;: &quot;4c:c8:a1:09:00:63&quot;,
&quot;model&quot;: &quot;MS425-32&quot;,
&quot;name&quot;: &quot;&quot;,
&quot;network_id&quot;: &quot;N_624874448297683727&quot;,
&quot;public_ip&quot;: null,
&quot;serial&quot;: &quot;QBSB-VLNE-E299&quot;
},
{
&quot;claimed_at&quot;: &quot;1584717330.83255&quot;,
&quot;mac&quot;: &quot;4c:c8:a1:0c:00:02&quot;,
&quot;model&quot;: &quot;MR52&quot;,
&quot;name&quot;: &quot;abc123&quot;,
&quot;network_id&quot;: &quot;N_624874448297662962&quot;,
&quot;public_ip&quot;: null,
&quot;serial&quot;: &quot;QBSC-HJSL-A64F&quot;
},
{
&quot;claimed_at&quot;: &quot;1574894258.80842&quot;,
&quot;mac&quot;: &quot;00:18:0a:41:f2:be&quot;,
&quot;model&quot;: &quot;MX60&quot;,
&quot;name&quot;: &quot;mx60&quot;,
&quot;network_id&quot;: null,
&quot;public_ip&quot;: &quot;73.75.66.18&quot;,
&quot;serial&quot;: &quot;Q2BN-MCH8-VEL5&quot;
},
{
&quot;claimed_at&quot;: &quot;1583117488.60788&quot;,
&quot;mac&quot;: &quot;0c:8d:db:5c:3e:1d&quot;,
&quot;model&quot;: &quot;vMX100&quot;,
&quot;name&quot;: &quot;&quot;,
&quot;network_id&quot;: null,
&quot;public_ip&quot;: null,
&quot;serial&quot;: &quot;Q2AZ-E39X-URFT&quot;
},
{
&quot;claimed_at&quot;: &quot;1583117462.95087&quot;,
&quot;mac&quot;: &quot;0c:8d:db:5c:96:54&quot;,
&quot;model&quot;: &quot;vMX100&quot;,
&quot;name&quot;: &quot;&quot;,
&quot;network_id&quot;: null,
&quot;public_ip&quot;: null,
&quot;serial&quot;: &quot;Q2AZ-2T5F-RKFP&quot;
},
{
&quot;claimed_at&quot;: &quot;1577482654.04925&quot;,
&quot;mac&quot;: &quot;4c:c8:a1:09:00:1e&quot;,
&quot;model&quot;: &quot;MS425-32&quot;,
&quot;name&quot;: &quot;&quot;,
&quot;network_id&quot;: null,
&quot;public_ip&quot;: null,
&quot;serial&quot;: &quot;QBSB-3UEA-PDS8&quot;
},
{
&quot;claimed_at&quot;: &quot;1577482654.06903&quot;,
&quot;mac&quot;: &quot;4c:c8:a1:09:00:21&quot;,
&quot;model&quot;: &quot;MS425-32&quot;,
&quot;name&quot;: null,
&quot;network_id&quot;: null,
&quot;public_ip&quot;: null,
&quot;serial&quot;: &quot;QBSB-W5QZ-5AXN&quot;
},
{
&quot;claimed_at&quot;: &quot;1577482654.0785&quot;,
&quot;mac&quot;: &quot;4c:c8:a1:09:00:22&quot;,
&quot;model&quot;: &quot;MS425-32&quot;,
&quot;name&quot;: null,
&quot;network_id&quot;: null,
&quot;public_ip&quot;: null,
&quot;serial&quot;: &quot;QBSB-8UF6-RBK4&quot;
},
{
&quot;claimed_at&quot;: &quot;1560300433.60185&quot;,
&quot;mac&quot;: &quot;e0:cb:bc:90:1e:06&quot;,
&quot;model&quot;: &quot;MR42&quot;,
&quot;name&quot;: &quot;&quot;,
&quot;network_id&quot;: null,
&quot;public_ip&quot;: null,
&quot;serial&quot;: &quot;Q2KD-83UG-JL8X&quot;
}
],
&quot;response&quot;: &quot;OK (unknown bytes)&quot;,
&quot;status&quot;: 200
}</system-out>
		</testcase>
		<testcase classname="/root/ansible/ansible_collections/cisco/meraki/tests/output/.tmp/integration/meraki_device-jxwz88sx-ÅÑŚÌβŁÈ/tests/integration/targets/meraki_device/tasks/main.yml:37" name="[localhost] meraki: meraki_device : debug msg={{query_device_org}}" time="0.702241">
			<system-out>{
    &quot;changed&quot;: false,
    &quot;msg&quot;: {
        &quot;changed&quot;: false,
        &quot;data&quot;: [
            {
                &quot;claimed_at&quot;: &quot;1437856184.88479&quot;,
                &quot;mac&quot;: &quot;00:18:0a:b2:b0:8f&quot;,
                &quot;model&quot;: &quot;MS220-8P&quot;,
                &quot;name&quot;: &quot;&quot;,
                &quot;network_id&quot;: &quot;N_624874448297683727&quot;,
                &quot;public_ip&quot;: &quot;73.75.66.18&quot;,
                &quot;serial&quot;: &quot;Q2HP-2C6E-GTLD&quot;
            },
            {
                &quot;claimed_at&quot;: &quot;1582921758.03133&quot;,
                &quot;mac&quot;: &quot;4c:c8:a1:03:00:03&quot;,
                &quot;model&quot;: &quot;MX450&quot;,
                &quot;name&quot;: &quot;&quot;,
                &quot;network_id&quot;: &quot;N_624874448297683434&quot;,
                &quot;public_ip&quot;: null,
                &quot;serial&quot;: &quot;QBSA-N3KM-CZNY&quot;
            },
            {
                &quot;claimed_at&quot;: &quot;1582921741.98041&quot;,
                &quot;mac&quot;: &quot;4c:c8:a1:03:00:04&quot;,
                &quot;model&quot;: &quot;MX450&quot;,
                &quot;name&quot;: &quot;&quot;,
                &quot;network_id&quot;: &quot;N_624874448297683435&quot;,
                &quot;public_ip&quot;: null,
                &quot;serial&quot;: &quot;QBSA-5UDA-KXNB&quot;
            },
            {
                &quot;claimed_at&quot;: &quot;1577482654.00356&quot;,
                &quot;mac&quot;: &quot;4c:c8:a1:09:00:1d&quot;,
                &quot;model&quot;: &quot;MS425-32&quot;,
                &quot;name&quot;: &quot;&quot;,
                &quot;network_id&quot;: &quot;N_624874448297683727&quot;,
                &quot;public_ip&quot;: null,
                &quot;serial&quot;: &quot;QBSB-BPR6-PRER&quot;
            },
            {
                &quot;claimed_at&quot;: &quot;1577482654.05588&quot;,
                &quot;mac&quot;: &quot;4c:c8:a1:09:00:1f&quot;,
                &quot;model&quot;: &quot;MS425-32&quot;,
                &quot;name&quot;: &quot;&quot;,
                &quot;network_id&quot;: &quot;N_624874448297683727&quot;,
                &quot;public_ip&quot;: null,
                &quot;serial&quot;: &quot;QBSB-4UDD-YPT9&quot;
            },
            {
                &quot;claimed_at&quot;: &quot;1577482654.06248&quot;,
                &quot;mac&quot;: &quot;4c:c8:a1:09:00:20&quot;,
                &quot;model&quot;: &quot;MS425-32&quot;,
                &quot;name&quot;: &quot;&quot;,
                &quot;network_id&quot;: &quot;N_624874448297683727&quot;,
                &quot;public_ip&quot;: null,
                &quot;serial&quot;: &quot;QBSB-D75G-PXCG&quot;
            },
            {
                &quot;claimed_at&quot;: &quot;1577447382.66182&quot;,
                &quot;mac&quot;: &quot;4c:c8:a1:09:00:63&quot;,
                &quot;model&quot;: &quot;MS425-32&quot;,
                &quot;name&quot;: &quot;&quot;,
                &quot;network_id&quot;: &quot;N_624874448297683727&quot;,
                &quot;public_ip&quot;: null,
                &quot;serial&quot;: &quot;QBSB-VLNE-E299&quot;
            },
            {
                &quot;claimed_at&quot;: &quot;1584717330.83255&quot;,
                &quot;mac&quot;: &quot;4c:c8:a1:0c:00:02&quot;,
                &quot;model&quot;: &quot;MR52&quot;,
                &quot;name&quot;: &quot;abc123&quot;,
                &quot;network_id&quot;: &quot;N_624874448297662962&quot;,
                &quot;public_ip&quot;: null,
                &quot;serial&quot;: &quot;QBSC-HJSL-A64F&quot;
            },
            {
                &quot;claimed_at&quot;: &quot;1574894258.80842&quot;,
                &quot;mac&quot;: &quot;00:18:0a:41:f2:be&quot;,
                &quot;model&quot;: &quot;MX60&quot;,
                &quot;name&quot;: &quot;mx60&quot;,
                &quot;network_id&quot;: null,
                &quot;public_ip&quot;: &quot;73.75.66.18&quot;,
                &quot;serial&quot;: &quot;Q2BN-MCH8-VEL5&quot;
            },
            {
                &quot;claimed_at&quot;: &quot;1583117488.60788&quot;,
                &quot;mac&quot;: &quot;0c:8d:db:5c:3e:1d&quot;,
                &quot;model&quot;: &quot;vMX100&quot;,
                &quot;name&quot;: &quot;&quot;,
                &quot;network_id&quot;: null,
                &quot;public_ip&quot;: null,
                &quot;serial&quot;: &quot;Q2AZ-E39X-URFT&quot;
            },
            {
                &quot;claimed_at&quot;: &quot;1583117462.95087&quot;,
                &quot;mac&quot;: &quot;0c:8d:db:5c:96:54&quot;,
                &quot;model&quot;: &quot;vMX100&quot;,
                &quot;name&quot;: &quot;&quot;,
                &quot;network_id&quot;: null,
                &quot;public_ip&quot;: null,
                &quot;serial&quot;: &quot;Q2AZ-2T5F-RKFP&quot;
            },
            {
                &quot;claimed_at&quot;: &quot;1577482654.04925&quot;,
                &quot;mac&quot;: &quot;4c:c8:a1:09:00:1e&quot;,
                &quot;model&quot;: &quot;MS425-32&quot;,
                &quot;name&quot;: &quot;&quot;,
                &quot;network_id&quot;: null,
                &quot;public_ip&quot;: null,
                &quot;serial&quot;: &quot;QBSB-3UEA-PDS8&quot;
            },
            {
                &quot;claimed_at&quot;: &quot;1577482654.06903&quot;,
                &quot;mac&quot;: &quot;4c:c8:a1:09:00:21&quot;,
                &quot;model&quot;: &quot;MS425-32&quot;,
                &quot;name&quot;: null,
                &quot;network_id&quot;: null,
                &quot;public_ip&quot;: null,
                &quot;serial&quot;: &quot;QBSB-W5QZ-5AXN&quot;
            },
            {
                &quot;claimed_at&quot;: &quot;1577482654.0785&quot;,
                &quot;mac&quot;: &quot;4c:c8:a1:09:00:22&quot;,
                &quot;model&quot;: &quot;MS425-32&quot;,
                &quot;name&quot;: null,
                &quot;network_id&quot;: null,
                &quot;public_ip&quot;: null,
                &quot;serial&quot;: &quot;QBSB-8UF6-RBK4&quot;
            },
            {
                &quot;claimed_at&quot;: &quot;1560300433.60185&quot;,
                &quot;mac&quot;: &quot;e0:cb:bc:90:1e:06&quot;,
                &quot;model&quot;: &quot;MR42&quot;,
                &quot;name&quot;: &quot;&quot;,
                &quot;network_id&quot;: null,
                &quot;public_ip&quot;: null,
                &quot;serial&quot;: &quot;Q2KD-83UG-JL8X&quot;
            }
        ],
        &quot;failed&quot;: false,
        &quot;response&quot;: &quot;OK (unknown bytes)&quot;,
        &quot;status&quot;: 200
    }
}</system-out>
		</testcase>
		<testcase classname="/root/ansible/ansible_collections/cisco/meraki/tests/output/.tmp/integration/meraki_device-jxwz88sx-ÅÑŚÌβŁÈ/tests/integration/targets/meraki_device/tasks/main.yml:40" name="[localhost] meraki: meraki_device : Claim a device into a network auth_key={{auth_key}}, org_name={{test_org_name}}, net_name={{test_net_name}}, serial={{serial}}, state=present" time="8.402936">
			<system-out>{
&quot;changed&quot;: true,
&quot;data&quot;: [
null
],
&quot;response&quot;: &quot;OK (unknown bytes)&quot;,
&quot;status&quot;: 200
}</system-out>
		</testcase>
		<testcase classname="/root/ansible/ansible_collections/cisco/meraki/tests/output/.tmp/integration/meraki_device-jxwz88sx-ÅÑŚÌβŁÈ/tests/integration/targets/meraki_device/tasks/main.yml:50" name="[localhost] meraki: meraki_device : debug msg={{claim_device}}" time="0.637225">
			<system-out>{
    &quot;changed&quot;: false,
    &quot;msg&quot;: {
        &quot;changed&quot;: true,
        &quot;data&quot;: [
            null
        ],
        &quot;failed&quot;: false,
        &quot;response&quot;: &quot;OK (unknown bytes)&quot;,
        &quot;status&quot;: 200
    }
}</system-out>
		</testcase>
		<testcase classname="/root/ansible/ansible_collections/cisco/meraki/tests/output/.tmp/integration/meraki_device-jxwz88sx-ÅÑŚÌβŁÈ/tests/integration/targets/meraki_device/tasks/main.yml:53" name="[localhost] meraki: meraki_device : assert that=['claim_device.changed == true']" time="0.604406">
			<system-out>{
    &quot;changed&quot;: false,
    &quot;msg&quot;: &quot;All assertions passed&quot;
}</system-out>
		</testcase>
		<testcase classname="/root/ansible/ansible_collections/cisco/meraki/tests/output/.tmp/integration/meraki_device-jxwz88sx-ÅÑŚÌβŁÈ/tests/integration/targets/meraki_device/tasks/main.yml:57" name="[localhost] meraki: meraki_device : Query all devices in one network by network ID auth_key={{auth_key}}, org_name={{test_org_name}}, net_id={{net_id}}, state=query" time="4.167791">
			<system-out>{
&quot;changed&quot;: false,
&quot;data&quot;: [
{
&quot;address&quot;: &quot;1060 W. Addison St., Chicago, IL&quot;,
&quot;firmware&quot;: &quot;Not running configured version&quot;,
&quot;floor_plan_id&quot;: null,
&quot;lan_ip&quot;: null,
&quot;lat&quot;: 41.948038,
&quot;lng&quot;: -87.65568,
&quot;mac&quot;: &quot;00:18:0a:41:f2:be&quot;,
&quot;model&quot;: &quot;MX60&quot;,
&quot;name&quot;: &quot;mx60&quot;,
&quot;network_id&quot;: &quot;N_624874448297684981&quot;,
&quot;notes&quot;: &quot;Test device notes&quot;,
&quot;serial&quot;: &quot;Q2BN-MCH8-VEL5&quot;,
&quot;tags&quot;: &quot; recently-added &quot;,
&quot;url&quot;: &quot;https://n110.meraki.com/Home-Appliance/n/IYeD2bUb/manage/nodes/new_list/4321982&quot;,
&quot;wan1_ip&quot;: null,
&quot;wan2_ip&quot;: null
}
],
&quot;response&quot;: &quot;OK (unknown bytes)&quot;,
&quot;status&quot;: 200
}</system-out>
		</testcase>
		<testcase classname="/root/ansible/ansible_collections/cisco/meraki/tests/output/.tmp/integration/meraki_device-jxwz88sx-ÅÑŚÌβŁÈ/tests/integration/targets/meraki_device/tasks/main.yml:66" name="[localhost] meraki: meraki_device : debug msg={{query_one_net_id}}" time="0.639425">
			<system-out>{
    &quot;changed&quot;: false,
    &quot;msg&quot;: {
        &quot;changed&quot;: false,
        &quot;data&quot;: [
            {
                &quot;address&quot;: &quot;1060 W. Addison St., Chicago, IL&quot;,
                &quot;firmware&quot;: &quot;Not running configured version&quot;,
                &quot;floor_plan_id&quot;: null,
                &quot;lan_ip&quot;: null,
                &quot;lat&quot;: 41.948038,
                &quot;lng&quot;: -87.65568,
                &quot;mac&quot;: &quot;00:18:0a:41:f2:be&quot;,
                &quot;model&quot;: &quot;MX60&quot;,
                &quot;name&quot;: &quot;mx60&quot;,
                &quot;network_id&quot;: &quot;N_624874448297684981&quot;,
                &quot;notes&quot;: &quot;Test device notes&quot;,
                &quot;serial&quot;: &quot;Q2BN-MCH8-VEL5&quot;,
                &quot;tags&quot;: &quot; recently-added &quot;,
                &quot;url&quot;: &quot;https://n110.meraki.com/Home-Appliance/n/IYeD2bUb/manage/nodes/new_list/4321982&quot;,
                &quot;wan1_ip&quot;: null,
                &quot;wan2_ip&quot;: null
            }
        ],
        &quot;failed&quot;: false,
        &quot;response&quot;: &quot;OK (unknown bytes)&quot;,
        &quot;status&quot;: 200
    }
}</system-out>
		</testcase>
		<testcase classname="/root/ansible/ansible_collections/cisco/meraki/tests/output/.tmp/integration/meraki_device-jxwz88sx-ÅÑŚÌβŁÈ/tests/integration/targets/meraki_device/tasks/main.yml:69" name="[localhost] meraki: meraki_device : Query all devices in one network auth_key={{auth_key}}, org_name={{test_org_name}}, net_name={{test_net_name}}, state=query" time="4.238714">
			<system-out>{
&quot;changed&quot;: false,
&quot;data&quot;: [
{
&quot;address&quot;: &quot;1060 W. Addison St., Chicago, IL&quot;,
&quot;firmware&quot;: &quot;Not running configured version&quot;,
&quot;floor_plan_id&quot;: null,
&quot;lan_ip&quot;: null,
&quot;lat&quot;: 41.948038,
&quot;lng&quot;: -87.65568,
&quot;mac&quot;: &quot;00:18:0a:41:f2:be&quot;,
&quot;model&quot;: &quot;MX60&quot;,
&quot;name&quot;: &quot;mx60&quot;,
&quot;network_id&quot;: &quot;N_624874448297684981&quot;,
&quot;notes&quot;: &quot;Test device notes&quot;,
&quot;serial&quot;: &quot;Q2BN-MCH8-VEL5&quot;,
&quot;tags&quot;: &quot; recently-added &quot;,
&quot;url&quot;: &quot;https://n110.meraki.com/Home-Appliance/n/IYeD2bUb/manage/nodes/new_list/4321982&quot;,
&quot;wan1_ip&quot;: null,
&quot;wan2_ip&quot;: null
}
],
&quot;response&quot;: &quot;OK (unknown bytes)&quot;,
&quot;status&quot;: 200
}</system-out>
		</testcase>
		<testcase classname="/root/ansible/ansible_collections/cisco/meraki/tests/output/.tmp/integration/meraki_device-jxwz88sx-ÅÑŚÌβŁÈ/tests/integration/targets/meraki_device/tasks/main.yml:78" name="[localhost] meraki: meraki_device : debug msg={{query_one_net}}" time="0.619042">
			<system-out>{
    &quot;changed&quot;: false,
    &quot;msg&quot;: {
        &quot;changed&quot;: false,
        &quot;data&quot;: [
            {
                &quot;address&quot;: &quot;1060 W. Addison St., Chicago, IL&quot;,
                &quot;firmware&quot;: &quot;Not running configured version&quot;,
                &quot;floor_plan_id&quot;: null,
                &quot;lan_ip&quot;: null,
                &quot;lat&quot;: 41.948038,
                &quot;lng&quot;: -87.65568,
                &quot;mac&quot;: &quot;00:18:0a:41:f2:be&quot;,
                &quot;model&quot;: &quot;MX60&quot;,
                &quot;name&quot;: &quot;mx60&quot;,
                &quot;network_id&quot;: &quot;N_624874448297684981&quot;,
                &quot;notes&quot;: &quot;Test device notes&quot;,
                &quot;serial&quot;: &quot;Q2BN-MCH8-VEL5&quot;,
                &quot;tags&quot;: &quot; recently-added &quot;,
                &quot;url&quot;: &quot;https://n110.meraki.com/Home-Appliance/n/IYeD2bUb/manage/nodes/new_list/4321982&quot;,
                &quot;wan1_ip&quot;: null,
                &quot;wan2_ip&quot;: null
            }
        ],
        &quot;failed&quot;: false,
        &quot;response&quot;: &quot;OK (unknown bytes)&quot;,
        &quot;status&quot;: 200
    }
}</system-out>
		</testcase>
		<testcase classname="/root/ansible/ansible_collections/cisco/meraki/tests/output/.tmp/integration/meraki_device-jxwz88sx-ÅÑŚÌβŁÈ/tests/integration/targets/meraki_device/tasks/main.yml:81" name="[localhost] meraki: meraki_device : Query device by serial auth_key={{auth_key}}, org_name={{test_org_name}}, serial={{serial}}, state=query" time="6.121964">
			<system-out>{
&quot;changed&quot;: false,
&quot;data&quot;: {
&quot;claimed_at&quot;: &quot;1574894258.80842&quot;,
&quot;mac&quot;: &quot;00:18:0a:41:f2:be&quot;,
&quot;model&quot;: &quot;MX60&quot;,
&quot;name&quot;: &quot;mx60&quot;,
&quot;network_id&quot;: &quot;N_624874448297684981&quot;,
&quot;public_ip&quot;: &quot;73.75.66.18&quot;,
&quot;serial&quot;: &quot;Q2BN-MCH8-VEL5&quot;
},
&quot;response&quot;: &quot;OK (unknown bytes)&quot;,
&quot;status&quot;: 200
}</system-out>
		</testcase>
		<testcase classname="/root/ansible/ansible_collections/cisco/meraki/tests/output/.tmp/integration/meraki_device-jxwz88sx-ÅÑŚÌβŁÈ/tests/integration/targets/meraki_device/tasks/main.yml:90" name="[localhost] meraki: meraki_device : debug msg={{query_serial_no_net}}" time="0.625671">
			<system-out>{
    &quot;changed&quot;: false,
    &quot;msg&quot;: {
        &quot;changed&quot;: false,
        &quot;data&quot;: {
            &quot;claimed_at&quot;: &quot;1574894258.80842&quot;,
            &quot;mac&quot;: &quot;00:18:0a:41:f2:be&quot;,
            &quot;model&quot;: &quot;MX60&quot;,
            &quot;name&quot;: &quot;mx60&quot;,
            &quot;network_id&quot;: &quot;N_624874448297684981&quot;,
            &quot;public_ip&quot;: &quot;73.75.66.18&quot;,
            &quot;serial&quot;: &quot;Q2BN-MCH8-VEL5&quot;
        },
        &quot;failed&quot;: false,
        &quot;response&quot;: &quot;OK (unknown bytes)&quot;,
        &quot;status&quot;: 200
    }
}</system-out>
		</testcase>
		<testcase classname="/root/ansible/ansible_collections/cisco/meraki/tests/output/.tmp/integration/meraki_device-jxwz88sx-ÅÑŚÌβŁÈ/tests/integration/targets/meraki_device/tasks/main.yml:93" name="[localhost] meraki: meraki_device : Query device by serial auth_key={{auth_key}}, org_name={{test_org_name}}, net_name={{test_net_name}}, serial={{serial}}, state=query" time="4.008976">
			<system-out>{
&quot;changed&quot;: false,
&quot;data&quot;: [
{
&quot;address&quot;: &quot;1060 W. Addison St., Chicago, IL&quot;,
&quot;firmware&quot;: &quot;Not running configured version&quot;,
&quot;floor_plan_id&quot;: null,
&quot;lan_ip&quot;: null,
&quot;lat&quot;: 41.948038,
&quot;lng&quot;: -87.65568,
&quot;mac&quot;: &quot;00:18:0a:41:f2:be&quot;,
&quot;model&quot;: &quot;MX60&quot;,
&quot;name&quot;: &quot;mx60&quot;,
&quot;network_id&quot;: &quot;N_624874448297684981&quot;,
&quot;notes&quot;: &quot;Test device notes&quot;,
&quot;serial&quot;: &quot;Q2BN-MCH8-VEL5&quot;,
&quot;tags&quot;: &quot; recently-added &quot;,
&quot;url&quot;: &quot;https://n110.meraki.com/Home-Appliance/n/IYeD2bUb/manage/nodes/new_list/4321982&quot;,
&quot;wan1_ip&quot;: null,
&quot;wan2_ip&quot;: null
}
],
&quot;response&quot;: &quot;OK (unknown bytes)&quot;,
&quot;status&quot;: 200
}</system-out>
		</testcase>
		<testcase classname="/root/ansible/ansible_collections/cisco/meraki/tests/output/.tmp/integration/meraki_device-jxwz88sx-ÅÑŚÌβŁÈ/tests/integration/targets/meraki_device/tasks/main.yml:103" name="[localhost] meraki: meraki_device : debug msg={{query_serial}}" time="0.622336">
			<system-out>{
    &quot;changed&quot;: false,
    &quot;msg&quot;: {
        &quot;changed&quot;: false,
        &quot;data&quot;: [
            {
                &quot;address&quot;: &quot;1060 W. Addison St., Chicago, IL&quot;,
                &quot;firmware&quot;: &quot;Not running configured version&quot;,
                &quot;floor_plan_id&quot;: null,
                &quot;lan_ip&quot;: null,
                &quot;lat&quot;: 41.948038,
                &quot;lng&quot;: -87.65568,
                &quot;mac&quot;: &quot;00:18:0a:41:f2:be&quot;,
                &quot;model&quot;: &quot;MX60&quot;,
                &quot;name&quot;: &quot;mx60&quot;,
                &quot;network_id&quot;: &quot;N_624874448297684981&quot;,
                &quot;notes&quot;: &quot;Test device notes&quot;,
                &quot;serial&quot;: &quot;Q2BN-MCH8-VEL5&quot;,
                &quot;tags&quot;: &quot; recently-added &quot;,
                &quot;url&quot;: &quot;https://n110.meraki.com/Home-Appliance/n/IYeD2bUb/manage/nodes/new_list/4321982&quot;,
                &quot;wan1_ip&quot;: null,
                &quot;wan2_ip&quot;: null
            }
        ],
        &quot;failed&quot;: false,
        &quot;response&quot;: &quot;OK (unknown bytes)&quot;,
        &quot;status&quot;: 200
    }
}</system-out>
		</testcase>
		<testcase classname="/root/ansible/ansible_collections/cisco/meraki/tests/output/.tmp/integration/meraki_device-jxwz88sx-ÅÑŚÌβŁÈ/tests/integration/targets/meraki_device/tasks/main.yml:106" name="[localhost] meraki: meraki_device : assert that=['query_serial.changed == False']" time="0.703084">
			<system-out>{
    &quot;changed&quot;: false,
    &quot;msg&quot;: &quot;All assertions passed&quot;
}</system-out>
		</testcase>
		<testcase classname="/root/ansible/ansible_collections/cisco/meraki/tests/output/.tmp/integration/meraki_device-jxwz88sx-ÅÑŚÌβŁÈ/tests/integration/targets/meraki_device/tasks/main.yml:110" name="[localhost] meraki: meraki_device : Query uplink information for a device auth_key={{auth_key}}, org_name={{test_org_name}}, net_name={{test_net_name}}, serial_uplink={{serial}}, state=query" time="3.865172">
			<system-out>{
&quot;changed&quot;: false,
&quot;data&quot;: [],
&quot;response&quot;: &quot;OK (unknown bytes)&quot;,
&quot;status&quot;: 200
}</system-out>
		</testcase>
		<testcase classname="/root/ansible/ansible_collections/cisco/meraki/tests/output/.tmp/integration/meraki_device-jxwz88sx-ÅÑŚÌβŁÈ/tests/integration/targets/meraki_device/tasks/main.yml:120" name="[localhost] meraki: meraki_device : debug msg={{query_serial_uplink}}" time="0.674115">
			<system-out>{
    &quot;changed&quot;: false,
    &quot;msg&quot;: {
        &quot;changed&quot;: false,
        &quot;data&quot;: [],
        &quot;failed&quot;: false,
        &quot;response&quot;: &quot;OK (unknown bytes)&quot;,
        &quot;status&quot;: 200
    }
}</system-out>
		</testcase>
		<testcase classname="/root/ansible/ansible_collections/cisco/meraki/tests/output/.tmp/integration/meraki_device-jxwz88sx-ÅÑŚÌβŁÈ/tests/integration/targets/meraki_device/tasks/main.yml:123" name="[localhost] meraki: meraki_device : Query LLDP/CDP information about a device auth_key={{auth_key}}, org_name={{test_org_name}}, net_name={{test_net_name}}, serial_lldp_cdp={{serial}}, lldp_cdp_timespan=6000, state=query" time="4.403225">
			<system-out>{
&quot;changed&quot;: false,
&quot;data&quot;: [
{
&quot;ports&quot;: {
&quot;port5&quot;: {
&quot;cdp&quot;: {
&quot;address&quot;: &quot;192.168.128.3&quot;,
&quot;device_id&quot;: &quot;00180ab2b08f&quot;,
&quot;port_id&quot;: &quot;Port 8&quot;,
&quot;source_port&quot;: &quot;port5&quot;
},
&quot;lldp&quot;: {
&quot;management_address&quot;: &quot;192.168.128.3&quot;,
&quot;port_id&quot;: &quot;8&quot;,
&quot;source_port&quot;: &quot;port5&quot;,
&quot;system_name&quot;: &quot;Meraki MS220-8P - Home - Switch&quot;
}
},
&quot;wan0&quot;: {
&quot;lldp&quot;: {
&quot;port_id&quot;: &quot;0/9&quot;,
&quot;source_port&quot;: &quot;wan0&quot;,
&quot;system_name&quot;: &quot;SW-16P&quot;
}
}
},
&quot;source_mac&quot;: &quot;00:18:0a:41:f2:be&quot;
}
],
&quot;response&quot;: &quot;OK (unknown bytes)&quot;,
&quot;status&quot;: 200
}</system-out>
		</testcase>
		<testcase classname="/root/ansible/ansible_collections/cisco/meraki/tests/output/.tmp/integration/meraki_device-jxwz88sx-ÅÑŚÌβŁÈ/tests/integration/targets/meraki_device/tasks/main.yml:134" name="[localhost] meraki: meraki_device : debug msg={{query_serial_lldp_cdp}}" time="0.658173">
			<system-out>{
    &quot;changed&quot;: false,
    &quot;msg&quot;: {
        &quot;changed&quot;: false,
        &quot;data&quot;: [
            {
                &quot;ports&quot;: {
                    &quot;port5&quot;: {
                        &quot;cdp&quot;: {
                            &quot;address&quot;: &quot;192.168.128.3&quot;,
                            &quot;device_id&quot;: &quot;00180ab2b08f&quot;,
                            &quot;port_id&quot;: &quot;Port 8&quot;,
                            &quot;source_port&quot;: &quot;port5&quot;
                        },
                        &quot;lldp&quot;: {
                            &quot;management_address&quot;: &quot;192.168.128.3&quot;,
                            &quot;port_id&quot;: &quot;8&quot;,
                            &quot;source_port&quot;: &quot;port5&quot;,
                            &quot;system_name&quot;: &quot;Meraki MS220-8P - Home - Switch&quot;
                        }
                    },
                    &quot;wan0&quot;: {
                        &quot;lldp&quot;: {
                            &quot;port_id&quot;: &quot;0/9&quot;,
                            &quot;source_port&quot;: &quot;wan0&quot;,
                            &quot;system_name&quot;: &quot;SW-16P&quot;
                        }
                    }
                },
                &quot;source_mac&quot;: &quot;00:18:0a:41:f2:be&quot;
            }
        ],
        &quot;failed&quot;: false,
        &quot;response&quot;: &quot;OK (unknown bytes)&quot;,
        &quot;status&quot;: 200
    }
}</system-out>
		</testcase>
		<testcase classname="/root/ansible/ansible_collections/cisco/meraki/tests/output/.tmp/integration/meraki_device-jxwz88sx-ÅÑŚÌβŁÈ/tests/integration/targets/meraki_device/tasks/main.yml:137" name="[localhost] meraki: meraki_device : Query a device by hostname auth_key={{auth_key}}, org_name={{test_org_name}}, net_name={{test_net_name}}, hostname=test-hostname, state=query" time="4.067256">
			<system-out>{
&quot;changed&quot;: false,
&quot;response&quot;: &quot;OK (unknown bytes)&quot;,
&quot;status&quot;: 200
}</system-out>
		</testcase>
		<testcase classname="/root/ansible/ansible_collections/cisco/meraki/tests/output/.tmp/integration/meraki_device-jxwz88sx-ÅÑŚÌβŁÈ/tests/integration/targets/meraki_device/tasks/main.yml:147" name="[localhost] meraki: meraki_device : debug msg={{query_hostname}}" time="0.659613">
			<system-out>{
    &quot;changed&quot;: false,
    &quot;msg&quot;: {
        &quot;changed&quot;: false,
        &quot;failed&quot;: false,
        &quot;response&quot;: &quot;OK (unknown bytes)&quot;,
        &quot;status&quot;: 200
    }
}</system-out>
		</testcase>
		<testcase classname="/root/ansible/ansible_collections/cisco/meraki/tests/output/.tmp/integration/meraki_device-jxwz88sx-ÅÑŚÌβŁÈ/tests/integration/targets/meraki_device/tasks/main.yml:150" name="[localhost] meraki: meraki_device : Query a device by model auth_key={{auth_key}}, org_name={{test_org_name}}, net_name={{test_net_name}}, model=MR26, state=query" time="3.874781">
			<system-out>{
&quot;changed&quot;: false,
&quot;data&quot;: [],
&quot;response&quot;: &quot;OK (unknown bytes)&quot;,
&quot;status&quot;: 200
}</system-out>
		</testcase>
		<testcase classname="/root/ansible/ansible_collections/cisco/meraki/tests/output/.tmp/integration/meraki_device-jxwz88sx-ÅÑŚÌβŁÈ/tests/integration/targets/meraki_device/tasks/main.yml:160" name="[localhost] meraki: meraki_device : debug msg={{query_model}}" time="0.677449">
			<system-out>{
    &quot;changed&quot;: false,
    &quot;msg&quot;: {
        &quot;changed&quot;: false,
        &quot;data&quot;: [],
        &quot;failed&quot;: false,
        &quot;response&quot;: &quot;OK (unknown bytes)&quot;,
        &quot;status&quot;: 200
    }
}</system-out>
		</testcase>
		<testcase classname="/root/ansible/ansible_collections/cisco/meraki/tests/output/.tmp/integration/meraki_device-jxwz88sx-ÅÑŚÌβŁÈ/tests/integration/targets/meraki_device/tasks/main.yml:163" name="[localhost] meraki: meraki_device : Change device name for future test auth_key={{auth_key}}, org_name={{test_org_name}}, net_name={{test_net_name}}, serial={{serial}}, hostname=mx60-temporary, address=1060 W. Addison St., Chicago, IL, lat=41.948038, lng=-87.65568, tags=recently-added, state=present, move_map_marker=True, note=Test device notes" time="5.503308">
			<system-out>{
&quot;changed&quot;: true,
&quot;data&quot;: [
{
&quot;address&quot;: &quot;1060 W. Addison St., Chicago, IL&quot;,
&quot;firmware&quot;: &quot;Not running configured version&quot;,
&quot;floor_plan_id&quot;: null,
&quot;lan_ip&quot;: null,
&quot;lat&quot;: 41.948038,
&quot;lng&quot;: -87.65568,
&quot;mac&quot;: &quot;00:18:0a:41:f2:be&quot;,
&quot;model&quot;: &quot;MX60&quot;,
&quot;name&quot;: &quot;mx60-temporary&quot;,
&quot;network_id&quot;: &quot;N_624874448297684981&quot;,
&quot;notes&quot;: &quot;Test device notes&quot;,
&quot;serial&quot;: &quot;Q2BN-MCH8-VEL5&quot;,
&quot;tags&quot;: &quot; recently-added &quot;,
&quot;url&quot;: &quot;https://n110.meraki.com/Home-Appliance/n/IYeD2bUb/manage/nodes/new_list/4321982&quot;,
&quot;wan1_ip&quot;: null,
&quot;wan2_ip&quot;: null
}
],
&quot;response&quot;: &quot;OK (unknown bytes)&quot;,
&quot;status&quot;: 200
}</system-out>
		</testcase>
		<testcase classname="/root/ansible/ansible_collections/cisco/meraki/tests/output/.tmp/integration/meraki_device-jxwz88sx-ÅÑŚÌβŁÈ/tests/integration/targets/meraki_device/tasks/main.yml:180" name="[localhost] meraki: meraki_device : Update a device auth_key={{auth_key}}, org_name={{test_org_name}}, net_name={{test_net_name}}, serial={{serial}}, hostname=mx60, address=1060 W. Addison St., Chicago, IL, lat=41.948038, lng=-87.65568, tags=recently-added, state=present, move_map_marker=True, note=Test device notes" time="5.523657">
			<system-out>{
&quot;changed&quot;: true,
&quot;data&quot;: [
{
&quot;address&quot;: &quot;1060 W. Addison St., Chicago, IL&quot;,
&quot;firmware&quot;: &quot;Not running configured version&quot;,
&quot;floor_plan_id&quot;: null,
&quot;lan_ip&quot;: null,
&quot;lat&quot;: 41.948038,
&quot;lng&quot;: -87.65568,
&quot;mac&quot;: &quot;00:18:0a:41:f2:be&quot;,
&quot;model&quot;: &quot;MX60&quot;,
&quot;name&quot;: &quot;mx60&quot;,
&quot;network_id&quot;: &quot;N_624874448297684981&quot;,
&quot;notes&quot;: &quot;Test device notes&quot;,
&quot;serial&quot;: &quot;Q2BN-MCH8-VEL5&quot;,
&quot;tags&quot;: &quot; recently-added &quot;,
&quot;url&quot;: &quot;https://n110.meraki.com/Home-Appliance/n/IYeD2bUb/manage/nodes/new_list/4321982&quot;,
&quot;wan1_ip&quot;: null,
&quot;wan2_ip&quot;: null
}
],
&quot;response&quot;: &quot;OK (unknown bytes)&quot;,
&quot;status&quot;: 200
}</system-out>
		</testcase>
		<testcase classname="/root/ansible/ansible_collections/cisco/meraki/tests/output/.tmp/integration/meraki_device-jxwz88sx-ÅÑŚÌβŁÈ/tests/integration/targets/meraki_device/tasks/main.yml:197" name="[localhost] meraki: meraki_device : assert that=['update_device.changed == true', 'update_device.data.0.notes == &quot;Test device notes&quot;', '&quot;1060 W. Addison St., Chicago, IL&quot; in update_device.data.0.address']" time="0.650960">
			<system-out>{
    &quot;changed&quot;: false,
    &quot;msg&quot;: &quot;All assertions passed&quot;
}</system-out>
		</testcase>
		<testcase classname="/root/ansible/ansible_collections/cisco/meraki/tests/output/.tmp/integration/meraki_device-jxwz88sx-ÅÑŚÌβŁÈ/tests/integration/targets/meraki_device/tasks/main.yml:203" name="[localhost] meraki: meraki_device : Update a device with idempotency auth_key={{auth_key}}, org_name={{test_org_name}}, net_name={{test_net_name}}, serial={{serial}}, name=mx60, address=1060 W. Addison St., Chicago, IL, lat=41.948038, lng=-87.65568, tags=recently-added, state=present, move_map_marker=True, note=Test device notes" time="4.773622">
			<system-out>{
&quot;changed&quot;: false,
&quot;data&quot;: {
&quot;address&quot;: &quot;1060 W. Addison St., Chicago, IL&quot;,
&quot;firmware&quot;: &quot;Not running configured version&quot;,
&quot;floor_plan_id&quot;: null,
&quot;lan_ip&quot;: null,
&quot;lat&quot;: 41.948038,
&quot;lng&quot;: -87.65568,
&quot;mac&quot;: &quot;00:18:0a:41:f2:be&quot;,
&quot;model&quot;: &quot;MX60&quot;,
&quot;name&quot;: &quot;mx60&quot;,
&quot;network_id&quot;: &quot;N_624874448297684981&quot;,
&quot;notes&quot;: &quot;Test device notes&quot;,
&quot;serial&quot;: &quot;Q2BN-MCH8-VEL5&quot;,
&quot;tags&quot;: &quot; recently-added &quot;,
&quot;url&quot;: &quot;https://n110.meraki.com/Home-Appliance/n/IYeD2bUb/manage/nodes/new_list/4321982&quot;,
&quot;wan1_ip&quot;: null,
&quot;wan2_ip&quot;: null
},
&quot;response&quot;: &quot;OK (unknown bytes)&quot;,
&quot;status&quot;: 200
}</system-out>
		</testcase>
		<testcase classname="/root/ansible/ansible_collections/cisco/meraki/tests/output/.tmp/integration/meraki_device-jxwz88sx-ÅÑŚÌβŁÈ/tests/integration/targets/meraki_device/tasks/main.yml:220" name="[localhost] meraki: meraki_device : debug msg={{update_device_idempotent}}" time="0.625638">
			<system-out>{
    &quot;changed&quot;: false,
    &quot;msg&quot;: {
        &quot;changed&quot;: false,
        &quot;data&quot;: {
            &quot;address&quot;: &quot;1060 W. Addison St., Chicago, IL&quot;,
            &quot;firmware&quot;: &quot;Not running configured version&quot;,
            &quot;floor_plan_id&quot;: null,
            &quot;lan_ip&quot;: null,
            &quot;lat&quot;: 41.948038,
            &quot;lng&quot;: -87.65568,
            &quot;mac&quot;: &quot;00:18:0a:41:f2:be&quot;,
            &quot;model&quot;: &quot;MX60&quot;,
            &quot;name&quot;: &quot;mx60&quot;,
            &quot;network_id&quot;: &quot;N_624874448297684981&quot;,
            &quot;notes&quot;: &quot;Test device notes&quot;,
            &quot;serial&quot;: &quot;Q2BN-MCH8-VEL5&quot;,
            &quot;tags&quot;: &quot; recently-added &quot;,
            &quot;url&quot;: &quot;https://n110.meraki.com/Home-Appliance/n/IYeD2bUb/manage/nodes/new_list/4321982&quot;,
            &quot;wan1_ip&quot;: null,
            &quot;wan2_ip&quot;: null
        },
        &quot;failed&quot;: false,
        &quot;response&quot;: &quot;OK (unknown bytes)&quot;,
        &quot;status&quot;: 200
    }
}</system-out>
		</testcase>
		<testcase classname="/root/ansible/ansible_collections/cisco/meraki/tests/output/.tmp/integration/meraki_device-jxwz88sx-ÅÑŚÌβŁÈ/tests/integration/targets/meraki_device/tasks/main.yml:223" name="[localhost] meraki: meraki_device : assert that=['update_device_idempotent.changed == False', 'update_device_idempotent.data is defined']" time="0.627680">
			<system-out>{
    &quot;changed&quot;: false,
    &quot;msg&quot;: &quot;All assertions passed&quot;
}</system-out>
		</testcase>
		<testcase classname="/root/ansible/ansible_collections/cisco/meraki/tests/output/.tmp/integration/meraki_device-jxwz88sx-ÅÑŚÌβŁÈ/tests/integration/targets/meraki_device/tasks/main.yml:229" name="[localhost] meraki: meraki_device : Remove a device from a network auth_key={{auth_key}}, org_name={{test_org_name}}, net_name={{test_net_name}}, serial={{serial}}, state=absent" time="6.278280">
			<system-out>{
&quot;changed&quot;: true,
&quot;response&quot;: &quot;OK (unknown bytes)&quot;,
&quot;status&quot;: 204
}</system-out>
		</testcase>
		<testcase classname="/root/ansible/ansible_collections/cisco/meraki/tests/output/.tmp/integration/meraki_device-jxwz88sx-ÅÑŚÌβŁÈ/tests/integration/targets/meraki_device/tasks/main.yml:239" name="[localhost] meraki: meraki_device : debug msg={{delete_device}}" time="0.624751">
			<system-out>{
    &quot;changed&quot;: false,
    &quot;msg&quot;: {
        &quot;changed&quot;: true,
        &quot;failed&quot;: false,
        &quot;response&quot;: &quot;OK (unknown bytes)&quot;,
        &quot;status&quot;: 204
    }
}</system-out>
		</testcase>
		<testcase classname="/root/ansible/ansible_collections/cisco/meraki/tests/output/.tmp/integration/meraki_device-jxwz88sx-ÅÑŚÌβŁÈ/tests/integration/targets/meraki_device/tasks/main.yml:242" name="[localhost] meraki: meraki_device : assert that=['delete_device.changed == true']" time="0.630424">
			<system-out>{
    &quot;changed&quot;: false,
    &quot;msg&quot;: &quot;All assertions passed&quot;
}</system-out>
		</testcase>
	</testsuite>
</testsuites>
