<?xml version="1.0" ?>
<testsuites disabled="0" errors="1" failures="1" tests="4" time="9.347063064575195">
	<testsuite disabled="0" errors="1" failures="1" name="meraki_ms_link_aggregation-itqjxau9" skipped="1" tests="4" time="9.347063064575195">
		<testcase classname="/root/ansible/ansible_collections/cisco/meraki/tests/output/.tmp/integration/meraki_ms_link_aggregation-ncoxwc0r-ÅÑŚÌβŁÈ/tests/integration/targets/meraki_ms_link_aggregation/tasks/main.yml:7" name="[localhost] meraki: meraki_ms_link_aggregation : Test an API key is provided msg=Please define an API key" time="0.628415">
			<skipped message="Conditional result was False" type="skipped"/>
		</testcase>
		<testcase classname="/root/ansible/ansible_collections/cisco/meraki/tests/output/.tmp/integration/meraki_ms_link_aggregation-ncoxwc0r-ÅÑŚÌβŁÈ/tests/integration/targets/meraki_ms_link_aggregation/tasks/main.yml:12" name="[localhost] meraki: meraki_ms_link_aggregation : Create test network auth_key={{auth_key}}, state=present, org_name={{test_org_name}}, net_name={{test_switch_net_name}}, type=switch" time="4.129336">
			<system-out>{
&quot;ansible_facts&quot;: {
&quot;discovered_interpreter_python&quot;: &quot;/usr/bin/python&quot;
},
&quot;changed&quot;: false,
&quot;data&quot;: {
&quot;disable_my_meraki_com&quot;: false,
&quot;disable_remote_status_page&quot;: true,
&quot;id&quot;: &quot;N_624874448297683727&quot;,
&quot;name&quot;: &quot;Home - Switch&quot;,
&quot;organization_id&quot;: &quot;133277&quot;,
&quot;product_types&quot;: [
&quot;switch&quot;
],
&quot;tags&quot;: null,
&quot;time_zone&quot;: &quot;America/Los_Angeles&quot;,
&quot;type&quot;: &quot;switch&quot;
},
&quot;deprecations&quot;: [
{
&quot;msg&quot;: &quot;Distribution Ubuntu 18.04 on host localhost should use /usr/bin/python3, but is using /usr/bin/python for backward compatibility with prior Ansible releases. A future Ansible release will default to using the discovered platform python for this host. See https://docs.ansible.com/ansible/2.9/reference_appendices/interpreter_discovery.html for more information&quot;,
&quot;version&quot;: &quot;2.12&quot;
}
],
&quot;response&quot;: &quot;OK (unknown bytes)&quot;,
&quot;status&quot;: 200
}</system-out>
		</testcase>
		<testcase classname="/root/ansible/ansible_collections/cisco/meraki/tests/output/.tmp/integration/meraki_ms_link_aggregation-ncoxwc0r-ÅÑŚÌβŁÈ/tests/integration/targets/meraki_ms_link_aggregation/tasks/main.yml:21" name="[localhost] meraki: meraki_ms_link_aggregation : Create LAG auth_key={{auth_key}}, state=present, org_name={{test_org_name}}, net_name={{test_switch_net_name}}, switch_ports=[{'serial': '{{serial_switch}}', 'port_id': '1'}, {'serial': '{{serial_switch}}', 'port_id': '2'}]" time="3.921430">
			<error message="KeyError: 'switch_profile_ports'" type="error">Traceback (most recent call last):
  File &quot;/root/.ansible/tmp/ansible-tmp-1584449326.209605-170931389203950/AnsiballZ_meraki_ms_link_aggregation.py&quot;, line 143, in &lt;module&gt;
    _ansiballz_main()
  File &quot;/root/.ansible/tmp/ansible-tmp-1584449326.209605-170931389203950/AnsiballZ_meraki_ms_link_aggregation.py&quot;, line 135, in _ansiballz_main
    invoke_module(zipped_mod, temp_path, ANSIBALLZ_PARAMS)
  File &quot;/root/.ansible/tmp/ansible-tmp-1584449326.209605-170931389203950/AnsiballZ_meraki_ms_link_aggregation.py&quot;, line 81, in invoke_module
    runpy.run_module(mod_name='ansible_collections.cisco.meraki.plugins.modules.meraki_ms_link_aggregation', init_globals=None, run_name='__main__', alter_sys=True)
  File &quot;/usr/lib/python3.6/runpy.py&quot;, line 205, in run_module
    return _run_module_code(code, init_globals, run_name, mod_spec)
  File &quot;/usr/lib/python3.6/runpy.py&quot;, line 96, in _run_module_code
    mod_name, mod_spec, pkg_name, script_name)
  File &quot;/usr/lib/python3.6/runpy.py&quot;, line 85, in _run_code
    exec(code, run_globals)
  File &quot;/tmp/ansible_meraki_ms_link_aggregation_payload__6p6ow_x/ansible_meraki_ms_link_aggregation_payload.zip/ansible_collections/cisco/meraki/plugins/modules/meraki_ms_link_aggregation.py&quot;, line 189, in &lt;module&gt;
  File &quot;/tmp/ansible_meraki_ms_link_aggregation_payload__6p6ow_x/ansible_meraki_ms_link_aggregation_payload.zip/ansible_collections/cisco/meraki/plugins/modules/meraki_ms_link_aggregation.py&quot;, line 171, in main
  File &quot;/tmp/ansible_meraki_ms_link_aggregation_payload__6p6ow_x/ansible_meraki_ms_link_aggregation_payload.zip/ansible_collections/cisco/meraki/plugins/modules/meraki_ms_link_aggregation.py&quot;, line 87, in construct_payload
KeyError: 'switch_profile_ports'
</error>
		</testcase>
		<testcase classname="/root/ansible/ansible_collections/cisco/meraki/tests/output/.tmp/integration/meraki_ms_link_aggregation-ncoxwc0r-ÅÑŚÌβŁÈ/tests/integration/targets/meraki_ms_link_aggregation/tasks/main.yml:76" name="[localhost] meraki: meraki_ms_link_aggregation : Delete LAG auth_key={{auth_key}}, state=absent, org_name={{test_org_name}}, net_name={{test_switch_net_name}}, lag_id={{lag_id}}" time="0.667882">
			<failure message="The task includes an option with an undefined variable. The error was: 'lag_id' is undefined

The error appears to be in '/root/ansible/ansible_collections/cisco/meraki/tests/output/.tmp/integration/meraki_ms_link_aggregation-ncoxwc0r-ÅÑŚÌβŁÈ/tests/integration/targets/meraki_ms_link_aggregation/tasks/main.yml': line 76, column 5, but may
be elsewhere in the file depending on the exact syntax problem.

The offending line appears to be:

  always:
  - name: Delete LAG
    ^ here
" type="failure">{
&quot;msg&quot;: &quot;The task includes an option with an undefined variable. The error was: 'lag_id' is undefined\n\nThe error appears to be in '/root/ansible/ansible_collections/cisco/meraki/tests/output/.tmp/integration/meraki_ms_link_aggregation-ncoxwc0r-ÅÑŚÌβŁÈ/tests/integration/targets/meraki_ms_link_aggregation/tasks/main.yml': line 76, column 5, but may\nbe elsewhere in the file depending on the exact syntax problem.\n\nThe offending line appears to be:\n\n  always:\n  - name: Delete LAG\n    ^ here\n&quot;
}</failure>
		</testcase>
	</testsuite>
</testsuites>
