<?xml version="1.0" ?>
<testsuites disabled="0" errors="0" failures="2" tests="3" time="5.407106637954712">
	<testsuite disabled="0" errors="0" failures="2" name="meraki_mr_rf_profile-n3ho2cji" skipped="0" tests="3" time="5.407106637954712">
		<testcase classname="/root/ansible_collections/cisco/meraki/tests/output/.tmp/integration/meraki_mr_rf_profile-7pysrlcf-ÅÑŚÌβŁÈ/tests/integration/targets/meraki_mr_rf_profile/tasks/main.yml:7" name="[localhost] meraki: meraki_mr_rf_profile : Create network with type wireless auth_key={{ auth_key }}, state=present, org_name={{test_org_name}}, net_name=IntTestNetworkWireless, type=wireless, timezone=America/Chicago" time="5.053647">
			<system-out>{
&quot;changed&quot;: true,
&quot;data&quot;: {
&quot;enrollment_string&quot;: null,
&quot;id&quot;: &quot;N_624874448297686338&quot;,
&quot;name&quot;: &quot;IntTestNetworkWireless&quot;,
&quot;organization_id&quot;: &quot;133277&quot;,
&quot;product_types&quot;: [
&quot;wireless&quot;
],
&quot;tags&quot;: [],
&quot;time_zone&quot;: &quot;America/Chicago&quot;,
&quot;url&quot;: &quot;https://n110.meraki.com/IntTestNetworkWi/n/kx5sabUb/manage/usage/list&quot;
},
&quot;deprecations&quot;: [
{
&quot;msg&quot;: &quot;Distribution Ubuntu 18.04 on host localhost should use /usr/bin/python3, but is using /usr/bin/python for backward compatibility with prior Ansible releases. A future Ansible release will default to using the discovered platform python for this host. See https://docs.ansible.com/ansible/2.10/reference_appendices/interpreter_discovery.html for more information&quot;,
&quot;version&quot;: &quot;2.12&quot;
}
],
&quot;response&quot;: &quot;OK (unknown bytes)&quot;,
&quot;status&quot;: 201
}</system-out>
		</testcase>
		<testcase classname="/root/ansible_collections/cisco/meraki/tests/output/.tmp/integration/meraki_mr_rf_profile-7pysrlcf-ÅÑŚÌβŁÈ/tests/integration/targets/meraki_mr_rf_profile/tasks/main.yml:17" name="[localhost] meraki: meraki_mr_rf_profile : Create RF profile in check mode auth_key={{ auth_key }}, org_name={{test_org_name}}, net_name=IntTestNetworkWireless, state=present, name=Test Profile, band_selection_type=ap, client_balancing_enabled=True, ap_band_settings={'mode': 'dual', 'band_steering_enabled': True}, five_ghz_settings={'max_power': 10, 'min_bitrate': 12, 'min_power': 8, 'rxsop': -65, 'channel_width': 20, 'valid_auto_channels': [36, 40, 44]}, two_four_ghz_settings={'max_power': 10, 'min_bitrate': 12, 'min_power': 8, 'rxsop': -65, 'ax_enabled': False, 'valid_auto_channels': [1]}" time="0.201412">
			<failure message="Unable to import meraki_mr_rf_profile due to invalid syntax" type="failure">{
&quot;msg&quot;: &quot;Unable to import meraki_mr_rf_profile due to invalid syntax&quot;
}</failure>
		</testcase>
		<testcase classname="/root/ansible_collections/cisco/meraki/tests/output/.tmp/integration/meraki_mr_rf_profile-7pysrlcf-ÅÑŚÌβŁÈ/tests/integration/targets/meraki_mr_rf_profile/tasks/main.yml:226" name="[localhost] meraki: meraki_mr_rf_profile : Delete RF profile auth_key={{ auth_key }}, org_name={{test_org_name}}, net_name=IntTestNetworkWireless, state=absent, profile_id={{ profile_id }}" time="0.152048">
			<failure message="The task includes an option with an undefined variable. The error was: 'profile_id' is undefined

The error appears to be in '/root/ansible_collections/cisco/meraki/tests/output/.tmp/integration/meraki_mr_rf_profile-7pysrlcf-ÅÑŚÌβŁÈ/tests/integration/targets/meraki_mr_rf_profile/tasks/main.yml': line 226, column 5, but may
be elsewhere in the file depending on the exact syntax problem.

The offending line appears to be:


  - name: Delete RF profile
    ^ here
" type="failure">{
&quot;msg&quot;: &quot;The task includes an option with an undefined variable. The error was: 'profile_id' is undefined\n\nThe error appears to be in '/root/ansible_collections/cisco/meraki/tests/output/.tmp/integration/meraki_mr_rf_profile-7pysrlcf-ÅÑŚÌβŁÈ/tests/integration/targets/meraki_mr_rf_profile/tasks/main.yml': line 226, column 5, but may\nbe elsewhere in the file depending on the exact syntax problem.\n\nThe offending line appears to be:\n\n\n  - name: Delete RF profile\n    ^ here\n&quot;
}</failure>
		</testcase>
	</testsuite>
</testsuites>
