<?xml version="1.0" ?>
<testsuites disabled="0" errors="0" failures="1" tests="6" time="12.923054695129395">
	<testsuite disabled="0" errors="0" failures="1" name="meraki_ms_ospf-x_v01ann" skipped="0" tests="6" time="12.923054695129395">
		<testcase classname="/root/ansible_collections/cisco/meraki/tests/output/.tmp/integration/meraki_ms_ospf-pg6b8gbt-ÅÑŚÌβŁÈ/tests/integration/targets/meraki_ms_ospf/tasks/main.yml:7" name="[localhost] meraki: meraki_ms_ospf : Create network with type switch auth_key={{ auth_key }}, state=present, org_name={{test_org_name}}, net_name=IntTestNetworkSwitch, type=switch, timezone=America/Chicago" time="2.577198">
			<system-out>{
&quot;changed&quot;: false,
&quot;data&quot;: {
&quot;enrollment_string&quot;: null,
&quot;id&quot;: &quot;N_624874448297685887&quot;,
&quot;name&quot;: &quot;IntTestNetworkSwitch&quot;,
&quot;organization_id&quot;: &quot;133277&quot;,
&quot;product_types&quot;: [
&quot;switch&quot;
],
&quot;tags&quot;: [],
&quot;time_zone&quot;: &quot;America/Chicago&quot;,
&quot;url&quot;: &quot;https://n110.meraki.com/IntTestNetworkSw/n/pqmb_bUb/manage/usage/list&quot;
},
&quot;deprecations&quot;: [
{
&quot;msg&quot;: &quot;Distribution Ubuntu 18.04 on host localhost should use /usr/bin/python3, but is using /usr/bin/python for backward compatibility with prior Ansible releases. A future Ansible release will default to using the discovered platform python for this host. See https://docs.ansible.com/ansible/2.10/reference_appendices/interpreter_discovery.html for more information&quot;,
&quot;version&quot;: &quot;2.12&quot;
}
],
&quot;response&quot;: &quot;OK (unknown bytes)&quot;,
&quot;status&quot;: 200
}</system-out>
		</testcase>
		<testcase classname="/root/ansible_collections/cisco/meraki/tests/output/.tmp/integration/meraki_ms_ospf-pg6b8gbt-ÅÑŚÌβŁÈ/tests/integration/targets/meraki_ms_ospf/tasks/main.yml:18" name="[localhost] meraki: meraki_ms_ospf : debug var=create_net_switch" time="0.101091">
			<system-out>{
    &quot;changed&quot;: false,
    &quot;create_net_switch&quot;: {
        &quot;changed&quot;: false,
        &quot;data&quot;: {
            &quot;enrollment_string&quot;: null,
            &quot;id&quot;: &quot;N_624874448297685887&quot;,
            &quot;name&quot;: &quot;IntTestNetworkSwitch&quot;,
            &quot;organization_id&quot;: &quot;133277&quot;,
            &quot;product_types&quot;: [
                &quot;switch&quot;
            ],
            &quot;tags&quot;: [],
            &quot;time_zone&quot;: &quot;America/Chicago&quot;,
            &quot;url&quot;: &quot;https://n110.meraki.com/IntTestNetworkSw/n/pqmb_bUb/manage/usage/list&quot;
        },
        &quot;deprecations&quot;: [
            {
                &quot;msg&quot;: &quot;Distribution Ubuntu 18.04 on host localhost should use /usr/bin/python3, but is using /usr/bin/python for backward compatibility with prior Ansible releases. A future Ansible release will default to using the discovered platform python for this host. See https://docs.ansible.com/ansible/2.10/reference_appendices/interpreter_discovery.html for more information&quot;,
                &quot;version&quot;: &quot;2.12&quot;
            }
        ],
        &quot;failed&quot;: false,
        &quot;response&quot;: &quot;OK (unknown bytes)&quot;,
        &quot;status&quot;: 200
    }
}</system-out>
		</testcase>
		<testcase classname="/root/ansible_collections/cisco/meraki/tests/output/.tmp/integration/meraki_ms_ospf-pg6b8gbt-ÅÑŚÌβŁÈ/tests/integration/targets/meraki_ms_ospf/tasks/main.yml:21" name="[localhost] meraki: meraki_ms_ospf : Claim a device into a network auth_key={{auth_key}}, org_name={{test_org_name}}, net_name=IntTestNetworkSwitch, serial=QBSB-VLNE-E299, state=present" time="4.250483">
			<system-out>{
&quot;changed&quot;: false,
&quot;data&quot;: {
&quot;address&quot;: &quot;&quot;,
&quot;firmware&quot;: &quot;Not running configured version&quot;,
&quot;floor_plan_id&quot;: null,
&quot;lan_ip&quot;: null,
&quot;lat&quot;: 37.4180951010362,
&quot;lng&quot;: -122.098531723022,
&quot;mac&quot;: &quot;4c:c8:a1:09:00:63&quot;,
&quot;model&quot;: &quot;MS425-32&quot;,
&quot;network_id&quot;: &quot;N_624874448297685887&quot;,
&quot;serial&quot;: &quot;QBSB-VLNE-E299&quot;,
&quot;switch_profile_id&quot;: null,
&quot;tags&quot;: [],
&quot;url&quot;: &quot;https://n110.meraki.com/IntTestNetworkSw/n/pqmb_bUb/manage/nodes/new_list/84424578891875&quot;
},
&quot;deprecations&quot;: [
{
&quot;msg&quot;: &quot;Distribution Ubuntu 18.04 on host localhost should use /usr/bin/python3, but is using /usr/bin/python for backward compatibility with prior Ansible releases. A future Ansible release will default to using the discovered platform python for this host. See https://docs.ansible.com/ansible/2.10/reference_appendices/interpreter_discovery.html for more information&quot;,
&quot;version&quot;: &quot;2.12&quot;
}
],
&quot;response&quot;: &quot;OK (unknown bytes)&quot;,
&quot;status&quot;: 200
}</system-out>
		</testcase>
		<testcase classname="/root/ansible_collections/cisco/meraki/tests/output/.tmp/integration/meraki_ms_ospf-pg6b8gbt-ÅÑŚÌβŁÈ/tests/integration/targets/meraki_ms_ospf/tasks/main.yml:30" name="[localhost] meraki: meraki_ms_ospf : Query OSPF settings auth_key={{ auth_key }}, org_name={{test_org_name}}, net_name=IntTestNetworkSwitch, state=query" time="3.211035">
			<system-out>{
&quot;changed&quot;: false,
&quot;data&quot;: {
&quot;enabled&quot;: false
},
&quot;deprecations&quot;: [
{
&quot;msg&quot;: &quot;Distribution Ubuntu 18.04 on host localhost should use /usr/bin/python3, but is using /usr/bin/python for backward compatibility with prior Ansible releases. A future Ansible release will default to using the discovered platform python for this host. See https://docs.ansible.com/ansible/2.10/reference_appendices/interpreter_discovery.html for more information&quot;,
&quot;version&quot;: &quot;2.12&quot;
}
],
&quot;response&quot;: &quot;OK (unknown bytes)&quot;,
&quot;status&quot;: 200
}</system-out>
		</testcase>
		<testcase classname="/root/ansible_collections/cisco/meraki/tests/output/.tmp/integration/meraki_ms_ospf-pg6b8gbt-ÅÑŚÌβŁÈ/tests/integration/targets/meraki_ms_ospf/tasks/main.yml:39" name="[localhost] meraki: meraki_ms_ospf : debug var=query_all" time="0.094581">
			<system-out>{
    &quot;changed&quot;: false,
    &quot;query_all&quot;: {
        &quot;changed&quot;: false,
        &quot;data&quot;: {
            &quot;enabled&quot;: false
        },
        &quot;deprecations&quot;: [
            {
                &quot;msg&quot;: &quot;Distribution Ubuntu 18.04 on host localhost should use /usr/bin/python3, but is using /usr/bin/python for backward compatibility with prior Ansible releases. A future Ansible release will default to using the discovered platform python for this host. See https://docs.ansible.com/ansible/2.10/reference_appendices/interpreter_discovery.html for more information&quot;,
                &quot;version&quot;: &quot;2.12&quot;
            }
        ],
        &quot;failed&quot;: false,
        &quot;response&quot;: &quot;OK (unknown bytes)&quot;,
        &quot;status&quot;: 200
    }
}</system-out>
		</testcase>
		<testcase classname="/root/ansible_collections/cisco/meraki/tests/output/.tmp/integration/meraki_ms_ospf-pg6b8gbt-ÅÑŚÌβŁÈ/tests/integration/targets/meraki_ms_ospf/tasks/main.yml:42" name="[localhost] meraki: meraki_ms_ospf : Enable OSPF auth_key={{ auth_key }}, org_name={{test_org_name}}, net_name=IntTestNetworkSwitch, state=present, enabled=True" time="2.688667">
			<failure message="404" type="failure">{
&quot;changed&quot;: false,
&quot;deprecations&quot;: [
{
&quot;msg&quot;: &quot;Distribution Ubuntu 18.04 on host localhost should use /usr/bin/python3, but is using /usr/bin/python for backward compatibility with prior Ansible releases. A future Ansible release will default to using the discovered platform python for this host. See https://docs.ansible.com/ansible/2.10/reference_appendices/interpreter_discovery.html for more information&quot;,
&quot;version&quot;: &quot;2.12&quot;
}
],
&quot;msg&quot;: 404,
&quot;response&quot;: &quot;OK (unknown bytes)&quot;,
&quot;status&quot;: 404,
&quot;url&quot;: &quot;https://api.meraki.com/api/v1/networks/N_624874448297685887/switch/routing/ospf&quot;
}</failure>
		</testcase>
	</testsuite>
</testsuites>
