<?xml version="1.0" ?>
<testsuites disabled="0" errors="0" failures="0" tests="17" time="87.3621015548706">
	<testsuite disabled="0" errors="0" failures="0" name="meraki_mx_l2_interface-47pd9ec9" skipped="0" tests="17" time="87.3621015548706">
		<testcase classname="/root/ansible_collections/cisco/meraki/tests/output/.tmp/integration/meraki_mx_l2_interface-suxbdswz-ÅÑŚÌβŁÈ/tests/integration/targets/meraki_mx_l2_interface/tasks/main.yml:7" name="[localhost] meraki: meraki_mx_l2_interface : Create network with type appliance auth_key={{ auth_key }}, state=present, org_name={{test_org_name}}, net_name={{test_appliance_net_name}}, type=appliance, timezone=America/Chicago" time="6.399554">
			<system-out>{
&quot;changed&quot;: true,
&quot;data&quot;: {
&quot;enrollment_string&quot;: null,
&quot;id&quot;: &quot;N_624874448297687201&quot;,
&quot;name&quot;: &quot;Home - Appliance&quot;,
&quot;notes&quot;: null,
&quot;organization_id&quot;: &quot;133277&quot;,
&quot;product_types&quot;: [
&quot;appliance&quot;
],
&quot;tags&quot;: [],
&quot;time_zone&quot;: &quot;America/Chicago&quot;,
&quot;url&quot;: &quot;https://n110.meraki.com/Home-Appliance/n/FhVc2aUb/manage/usage/list&quot;
},
&quot;deprecations&quot;: [
{
&quot;msg&quot;: &quot;Distribution Ubuntu 18.04 on host localhost should use /usr/bin/python3, but is using /usr/bin/python for backward compatibility with prior Ansible releases. A future Ansible release will default to using the discovered platform python for this host. See https://docs.ansible.com/ansible/2.10/reference_appendices/interpreter_discovery.html for more information&quot;,
&quot;version&quot;: &quot;2.12&quot;
}
],
&quot;response&quot;: &quot;OK (unknown bytes)&quot;,
&quot;status&quot;: 201
}</system-out>
		</testcase>
		<testcase classname="/root/ansible_collections/cisco/meraki/tests/output/.tmp/integration/meraki_mx_l2_interface-suxbdswz-ÅÑŚÌβŁÈ/tests/integration/targets/meraki_mx_l2_interface/tasks/main.yml:18" name="[localhost] meraki: meraki_mx_l2_interface : Claim a device into a network auth_key={{auth_key}}, org_name={{test_org_name}}, net_name={{test_appliance_net_name}}, serial={{serial_appliance}}, state=present" time="9.597597">
			<system-out>{
&quot;changed&quot;: true,
&quot;data&quot;: [
{}
],
&quot;deprecations&quot;: [
{
&quot;msg&quot;: &quot;Distribution Ubuntu 18.04 on host localhost should use /usr/bin/python3, but is using /usr/bin/python for backward compatibility with prior Ansible releases. A future Ansible release will default to using the discovered platform python for this host. See https://docs.ansible.com/ansible/2.10/reference_appendices/interpreter_discovery.html for more information&quot;,
&quot;version&quot;: &quot;2.12&quot;
}
],
&quot;response&quot;: &quot;OK (unknown bytes)&quot;,
&quot;status&quot;: 200
}</system-out>
		</testcase>
		<testcase classname="/root/ansible_collections/cisco/meraki/tests/output/.tmp/integration/meraki_mx_l2_interface-suxbdswz-ÅÑŚÌβŁÈ/tests/integration/targets/meraki_mx_l2_interface/tasks/main.yml:27" name="[localhost] meraki: meraki_mx_l2_interface : Enable VLAN support on appliance network auth_key={{ auth_key }}, state=present, org_name={{ test_org_name }}, net_name={{test_appliance_net_name}}, enable_vlans=True" time="8.565523">
			<system-out>{
&quot;changed&quot;: true,
&quot;data&quot;: {
&quot;vlans_enabled&quot;: true
},
&quot;deprecations&quot;: [
{
&quot;msg&quot;: &quot;Distribution Ubuntu 18.04 on host localhost should use /usr/bin/python3, but is using /usr/bin/python for backward compatibility with prior Ansible releases. A future Ansible release will default to using the discovered platform python for this host. See https://docs.ansible.com/ansible/2.10/reference_appendices/interpreter_discovery.html for more information&quot;,
&quot;version&quot;: &quot;2.12&quot;
}
],
&quot;response&quot;: &quot;OK (unknown bytes)&quot;,
&quot;status&quot;: 200,
&quot;warnings&quot;: [
&quot;False&quot;,
&quot;False&quot;
]
}</system-out>
		</testcase>
		<testcase classname="/root/ansible_collections/cisco/meraki/tests/output/.tmp/integration/meraki_mx_l2_interface-suxbdswz-ÅÑŚÌβŁÈ/tests/integration/targets/meraki_mx_l2_interface/tasks/main.yml:36" name="[localhost] meraki: meraki_mx_l2_interface : Create a VLAN auth_key={{ auth_key }}, org_name={{ test_org_name }}, net_name={{test_appliance_net_name}}, state=present, vlan_id=10, name=TestVLAN, subnet=192.0.10.0/24, appliance_ip=192.0.10.1" time="9.431282">
			<system-out>{
&quot;changed&quot;: true,
&quot;data&quot;: {
&quot;appliance_ip&quot;: &quot;192.0.10.1&quot;,
&quot;dhcp_boot_options_enabled&quot;: false,
&quot;dhcp_handling&quot;: &quot;Run a DHCP server&quot;,
&quot;dhcp_lease_time&quot;: &quot;1 day&quot;,
&quot;dhcp_options&quot;: [],
&quot;dns_nameservers&quot;: &quot;upstream_dns&quot;,
&quot;fixed_ip_assignments&quot;: {},
&quot;id&quot;: 10,
&quot;name&quot;: &quot;TestVLAN&quot;,
&quot;network_id&quot;: &quot;N_624874448297687201&quot;,
&quot;reserved_ip_ranges&quot;: [],
&quot;subnet&quot;: &quot;192.0.10.0/24&quot;
},
&quot;deprecations&quot;: [
{
&quot;msg&quot;: &quot;Distribution Ubuntu 18.04 on host localhost should use /usr/bin/python3, but is using /usr/bin/python for backward compatibility with prior Ansible releases. A future Ansible release will default to using the discovered platform python for this host. See https://docs.ansible.com/ansible/2.10/reference_appendices/interpreter_discovery.html for more information&quot;,
&quot;version&quot;: &quot;2.12&quot;
}
],
&quot;response&quot;: &quot;OK (unknown bytes)&quot;,
&quot;status&quot;: 201
}</system-out>
		</testcase>
		<testcase classname="/root/ansible_collections/cisco/meraki/tests/output/.tmp/integration/meraki_mx_l2_interface-suxbdswz-ÅÑŚÌβŁÈ/tests/integration/targets/meraki_mx_l2_interface/tasks/main.yml:48" name="[localhost] meraki: meraki_mx_l2_interface : Query layer 2 interface settings auth_key={{ auth_key }}, org_name={{test_org_name}}, net_name={{test_appliance_net_name}}, state=query" time="15.743663">
			<system-out>{
&quot;changed&quot;: false,
&quot;data&quot;: [
{
&quot;allowed_vlans&quot;: &quot;all&quot;,
&quot;drop_untagged_traffic&quot;: true,
&quot;enabled&quot;: true,
&quot;number&quot;: 2,
&quot;type&quot;: &quot;trunk&quot;
},
{
&quot;allowed_vlans&quot;: &quot;all&quot;,
&quot;drop_untagged_traffic&quot;: true,
&quot;enabled&quot;: true,
&quot;number&quot;: 3,
&quot;type&quot;: &quot;trunk&quot;
},
{
&quot;allowed_vlans&quot;: &quot;all&quot;,
&quot;drop_untagged_traffic&quot;: true,
&quot;enabled&quot;: true,
&quot;number&quot;: 4,
&quot;type&quot;: &quot;trunk&quot;
}
],
&quot;deprecations&quot;: [
{
&quot;msg&quot;: &quot;Distribution Ubuntu 18.04 on host localhost should use /usr/bin/python3, but is using /usr/bin/python for backward compatibility with prior Ansible releases. A future Ansible release will default to using the discovered platform python for this host. See https://docs.ansible.com/ansible/2.10/reference_appendices/interpreter_discovery.html for more information&quot;,
&quot;version&quot;: &quot;2.12&quot;
}
],
&quot;response&quot;: &quot;OK (unknown bytes)&quot;,
&quot;status&quot;: 200
}</system-out>
		</testcase>
		<testcase classname="/root/ansible_collections/cisco/meraki/tests/output/.tmp/integration/meraki_mx_l2_interface-suxbdswz-ÅÑŚÌβŁÈ/tests/integration/targets/meraki_mx_l2_interface/tasks/main.yml:57" name="[localhost] meraki: meraki_mx_l2_interface : assert that=['query_all.data is defined']" time="0.095262">
			<system-out>{
    &quot;changed&quot;: false,
    &quot;msg&quot;: &quot;All assertions passed&quot;
}</system-out>
		</testcase>
		<testcase classname="/root/ansible_collections/cisco/meraki/tests/output/.tmp/integration/meraki_mx_l2_interface-suxbdswz-ÅÑŚÌβŁÈ/tests/integration/targets/meraki_mx_l2_interface/tasks/main.yml:61" name="[localhost] meraki: meraki_mx_l2_interface : Query a single layer 2 interface settings auth_key={{ auth_key }}, org_name={{test_org_name}}, net_name={{test_appliance_net_name}}, state=query, number=2" time="4.120044">
			<system-out>{
&quot;changed&quot;: false,
&quot;data&quot;: {
&quot;allowed_vlans&quot;: &quot;all&quot;,
&quot;drop_untagged_traffic&quot;: true,
&quot;enabled&quot;: true,
&quot;number&quot;: 2,
&quot;type&quot;: &quot;trunk&quot;
},
&quot;deprecations&quot;: [
{
&quot;msg&quot;: &quot;Distribution Ubuntu 18.04 on host localhost should use /usr/bin/python3, but is using /usr/bin/python for backward compatibility with prior Ansible releases. A future Ansible release will default to using the discovered platform python for this host. See https://docs.ansible.com/ansible/2.10/reference_appendices/interpreter_discovery.html for more information&quot;,
&quot;version&quot;: &quot;2.12&quot;
}
],
&quot;response&quot;: &quot;OK (unknown bytes)&quot;,
&quot;status&quot;: 200
}</system-out>
		</testcase>
		<testcase classname="/root/ansible_collections/cisco/meraki/tests/output/.tmp/integration/meraki_mx_l2_interface-suxbdswz-ÅÑŚÌβŁÈ/tests/integration/targets/meraki_mx_l2_interface/tasks/main.yml:71" name="[localhost] meraki: meraki_mx_l2_interface : assert that=['query_one.data is defined']" time="0.095182">
			<system-out>{
    &quot;changed&quot;: false,
    &quot;msg&quot;: &quot;All assertions passed&quot;
}</system-out>
		</testcase>
		<testcase classname="/root/ansible_collections/cisco/meraki/tests/output/.tmp/integration/meraki_mx_l2_interface-suxbdswz-ÅÑŚÌβŁÈ/tests/integration/targets/meraki_mx_l2_interface/tasks/main.yml:75" name="[localhost] meraki: meraki_mx_l2_interface : Update interface configuration with check mode auth_key={{ auth_key }}, org_name={{test_org_name}}, net_name={{test_appliance_net_name}}, state=present, number=2, type=access, vlan=10" time="5.042037">
			<system-out>{
&quot;changed&quot;: true,
&quot;data&quot;: {
&quot;allowed_vlans&quot;: &quot;all&quot;,
&quot;drop_untagged_traffic&quot;: true,
&quot;enabled&quot;: true,
&quot;number&quot;: 2,
&quot;type&quot;: &quot;access&quot;,
&quot;vlan&quot;: 10
},
&quot;deprecations&quot;: [
{
&quot;msg&quot;: &quot;Distribution Ubuntu 18.04 on host localhost should use /usr/bin/python3, but is using /usr/bin/python for backward compatibility with prior Ansible releases. A future Ansible release will default to using the discovered platform python for this host. See https://docs.ansible.com/ansible/2.10/reference_appendices/interpreter_discovery.html for more information&quot;,
&quot;version&quot;: &quot;2.12&quot;
}
],
&quot;response&quot;: &quot;OK (unknown bytes)&quot;,
&quot;status&quot;: 200,
&quot;warnings&quot;: [
&quot;False&quot;
]
}</system-out>
		</testcase>
		<testcase classname="/root/ansible_collections/cisco/meraki/tests/output/.tmp/integration/meraki_mx_l2_interface-suxbdswz-ÅÑŚÌβŁÈ/tests/integration/targets/meraki_mx_l2_interface/tasks/main.yml:88" name="[localhost] meraki: meraki_mx_l2_interface : debug var=update_check" time="0.095936">
			<system-out>{
    &quot;changed&quot;: false,
    &quot;update_check&quot;: {
        &quot;changed&quot;: true,
        &quot;data&quot;: {
            &quot;allowed_vlans&quot;: &quot;all&quot;,
            &quot;drop_untagged_traffic&quot;: true,
            &quot;enabled&quot;: true,
            &quot;number&quot;: 2,
            &quot;type&quot;: &quot;access&quot;,
            &quot;vlan&quot;: 10
        },
        &quot;deprecations&quot;: [
            {
                &quot;msg&quot;: &quot;Distribution Ubuntu 18.04 on host localhost should use /usr/bin/python3, but is using /usr/bin/python for backward compatibility with prior Ansible releases. A future Ansible release will default to using the discovered platform python for this host. See https://docs.ansible.com/ansible/2.10/reference_appendices/interpreter_discovery.html for more information&quot;,
                &quot;version&quot;: &quot;2.12&quot;
            }
        ],
        &quot;failed&quot;: false,
        &quot;response&quot;: &quot;OK (unknown bytes)&quot;,
        &quot;status&quot;: 200,
        &quot;warnings&quot;: [
            &quot;False&quot;
        ]
    }
}</system-out>
		</testcase>
		<testcase classname="/root/ansible_collections/cisco/meraki/tests/output/.tmp/integration/meraki_mx_l2_interface-suxbdswz-ÅÑŚÌβŁÈ/tests/integration/targets/meraki_mx_l2_interface/tasks/main.yml:91" name="[localhost] meraki: meraki_mx_l2_interface : assert that=['update_check.data is defined', 'update_check.data.vlan == 10', 'update_check is changed']" time="0.099232">
			<system-out>{
    &quot;changed&quot;: false,
    &quot;msg&quot;: &quot;All assertions passed&quot;
}</system-out>
		</testcase>
		<testcase classname="/root/ansible_collections/cisco/meraki/tests/output/.tmp/integration/meraki_mx_l2_interface-suxbdswz-ÅÑŚÌβŁÈ/tests/integration/targets/meraki_mx_l2_interface/tasks/main.yml:97" name="[localhost] meraki: meraki_mx_l2_interface : Update interface configuration auth_key={{ auth_key }}, org_name={{test_org_name}}, net_name={{test_appliance_net_name}}, state=present, number=2, type=access, vlan=10" time="8.069167">
			<system-out>{
&quot;changed&quot;: true,
&quot;data&quot;: {
&quot;access_policy&quot;: &quot;open&quot;,
&quot;drop_untagged_traffic&quot;: false,
&quot;enabled&quot;: true,
&quot;number&quot;: 2,
&quot;type&quot;: &quot;access&quot;,
&quot;vlan&quot;: 10
},
&quot;deprecations&quot;: [
{
&quot;msg&quot;: &quot;Distribution Ubuntu 18.04 on host localhost should use /usr/bin/python3, but is using /usr/bin/python for backward compatibility with prior Ansible releases. A future Ansible release will default to using the discovered platform python for this host. See https://docs.ansible.com/ansible/2.10/reference_appendices/interpreter_discovery.html for more information&quot;,
&quot;version&quot;: &quot;2.12&quot;
}
],
&quot;response&quot;: &quot;OK (unknown bytes)&quot;,
&quot;status&quot;: 200,
&quot;warnings&quot;: [
&quot;False&quot;
]
}</system-out>
		</testcase>
		<testcase classname="/root/ansible_collections/cisco/meraki/tests/output/.tmp/integration/meraki_mx_l2_interface-suxbdswz-ÅÑŚÌβŁÈ/tests/integration/targets/meraki_mx_l2_interface/tasks/main.yml:109" name="[localhost] meraki: meraki_mx_l2_interface : assert that=['update.data is defined', 'update.data.vlan == 10', 'update is changed']" time="0.099991">
			<system-out>{
    &quot;changed&quot;: false,
    &quot;msg&quot;: &quot;All assertions passed&quot;
}</system-out>
		</testcase>
		<testcase classname="/root/ansible_collections/cisco/meraki/tests/output/.tmp/integration/meraki_mx_l2_interface-suxbdswz-ÅÑŚÌβŁÈ/tests/integration/targets/meraki_mx_l2_interface/tasks/main.yml:115" name="[localhost] meraki: meraki_mx_l2_interface : Update interface configuration with idempotency auth_key={{ auth_key }}, org_name={{test_org_name}}, net_name={{test_appliance_net_name}}, state=present, number=2, type=access, vlan=10" time="3.113792">
			<system-out>{
&quot;changed&quot;: false,
&quot;data&quot;: {
&quot;access_policy&quot;: &quot;open&quot;,
&quot;drop_untagged_traffic&quot;: false,
&quot;enabled&quot;: true,
&quot;number&quot;: 2,
&quot;type&quot;: &quot;access&quot;,
&quot;vlan&quot;: 10
},
&quot;deprecations&quot;: [
{
&quot;msg&quot;: &quot;Distribution Ubuntu 18.04 on host localhost should use /usr/bin/python3, but is using /usr/bin/python for backward compatibility with prior Ansible releases. A future Ansible release will default to using the discovered platform python for this host. See https://docs.ansible.com/ansible/2.10/reference_appendices/interpreter_discovery.html for more information&quot;,
&quot;version&quot;: &quot;2.12&quot;
}
],
&quot;response&quot;: &quot;OK (unknown bytes)&quot;,
&quot;status&quot;: 200,
&quot;warnings&quot;: [
&quot;False&quot;,
&quot;False&quot;,
&quot;False&quot;
]
}</system-out>
		</testcase>
		<testcase classname="/root/ansible_collections/cisco/meraki/tests/output/.tmp/integration/meraki_mx_l2_interface-suxbdswz-ÅÑŚÌβŁÈ/tests/integration/targets/meraki_mx_l2_interface/tasks/main.yml:127" name="[localhost] meraki: meraki_mx_l2_interface : assert that=['update_idempotent.data is defined', 'update_idempotent.data.vlan == 10', 'update_idempotent is not changed']" time="0.101163">
			<system-out>{
    &quot;changed&quot;: false,
    &quot;msg&quot;: &quot;All assertions passed&quot;
}</system-out>
		</testcase>
		<testcase classname="/root/ansible_collections/cisco/meraki/tests/output/.tmp/integration/meraki_mx_l2_interface-suxbdswz-ÅÑŚÌβŁÈ/tests/integration/targets/meraki_mx_l2_interface/tasks/main.yml:139" name="[localhost] meraki: meraki_mx_l2_interface : Remove device from network auth_key={{auth_key}}, org_name={{test_org_name}}, net_name={{test_appliance_net_name}}, serial={{serial_appliance}}, state=absent" time="8.476102">
			<system-out>{
&quot;changed&quot;: true,
&quot;deprecations&quot;: [
{
&quot;msg&quot;: &quot;Distribution Ubuntu 18.04 on host localhost should use /usr/bin/python3, but is using /usr/bin/python for backward compatibility with prior Ansible releases. A future Ansible release will default to using the discovered platform python for this host. See https://docs.ansible.com/ansible/2.10/reference_appendices/interpreter_discovery.html for more information&quot;,
&quot;version&quot;: &quot;2.12&quot;
}
],
&quot;response&quot;: &quot;OK (unknown bytes)&quot;,
&quot;status&quot;: 204
}</system-out>
		</testcase>
		<testcase classname="/root/ansible_collections/cisco/meraki/tests/output/.tmp/integration/meraki_mx_l2_interface-suxbdswz-ÅÑŚÌβŁÈ/tests/integration/targets/meraki_mx_l2_interface/tasks/main.yml:148" name="[localhost] meraki: meraki_mx_l2_interface : Delete network auth_key={{ auth_key }}, state=absent, org_name={{test_org_name}}, net_name={{test_appliance_net_name}}" time="8.216575">
			<system-out>{
&quot;changed&quot;: true,
&quot;deprecations&quot;: [
{
&quot;msg&quot;: &quot;Distribution Ubuntu 18.04 on host localhost should use /usr/bin/python3, but is using /usr/bin/python for backward compatibility with prior Ansible releases. A future Ansible release will default to using the discovered platform python for this host. See https://docs.ansible.com/ansible/2.10/reference_appendices/interpreter_discovery.html for more information&quot;,
&quot;version&quot;: &quot;2.12&quot;
}
],
&quot;response&quot;: &quot;OK (unknown bytes)&quot;,
&quot;status&quot;: 204
}</system-out>
		</testcase>
	</testsuite>
</testsuites>
