<?xml version="1.0" ?>
<testsuites disabled="0" errors="0" failures="2" tests="3" time="1.5813443660736084">
	<testsuite disabled="0" errors="0" failures="2" name="meraki_organization-ru9i9hlr" skipped="1" tests="3" time="1.5813443660736084">
		<testcase classname="/root/ansible_collections/cisco/meraki/tests/output/.tmp/integration/meraki_organization-f877y6u5-ÅÑŚÌβŁÈ/tests/integration/targets/meraki_organization/tasks/tests.yml:7" name="[localhost] meraki: meraki_organization : Test an API key is provided msg=Please define an API key" time="0.094263">
			<skipped message="Conditional result was False" type="skipped"/>
		</testcase>
		<testcase classname="/root/ansible_collections/cisco/meraki/tests/output/.tmp/integration/meraki_organization-f877y6u5-ÅÑŚÌβŁÈ/tests/integration/targets/meraki_organization/tasks/tests.yml:12" name="[localhost] meraki: meraki_organization : Create a new organization named IntTestOrg auth_key={{ auth_key }}, org_name=IntTestOrg, state=present, output_level=debug" time="1.398705">
			<failure type="failure">{
&quot;ansible_facts&quot;: {
&quot;discovered_interpreter_python&quot;: &quot;/usr/bin/python&quot;
},
&quot;changed&quot;: false,
&quot;deprecations&quot;: [
{
&quot;msg&quot;: &quot;Distribution Ubuntu 18.04 on host localhost should use /usr/bin/python3, but is using /usr/bin/python for backward compatibility with prior Ansible releases. A future Ansible release will default to using the discovered platform python for this host. See https://docs.ansible.com/ansible/devel/reference_appendices/interpreter_discovery.html for more information&quot;,
&quot;version&quot;: &quot;2.12&quot;
}
],
&quot;method&quot;: &quot;GET&quot;,
&quot;msg&quot;: null,
&quot;response&quot;: &quot;OK (unknown bytes)&quot;,
&quot;status&quot;: 200,
&quot;url&quot;: &quot;https://api.meraki.com/api/v1/organizations&quot;,
&quot;warnings&quot;: [
&quot;Enable debug output because ANSIBLE_DEBUG was set or output_level is set to debug.&quot;
]
}</failure>
		</testcase>
		<testcase classname="/root/ansible_collections/cisco/meraki/tests/output/.tmp/integration/meraki_organization-f877y6u5-ÅÑŚÌβŁÈ/tests/integration/targets/meraki_organization/tasks/tests.yml:118" name="[localhost] meraki: meraki_organization : Delete cloned organizations with check mode auth_key={{ auth_key }}, state=absent, org_name=IntTestOrgCloned, delete_confirm={{cloned_net_id}}" time="0.088377">
			<failure message="The task includes an option with an undefined variable. The error was: 'cloned_net_id' is undefined

The error appears to be in '/root/ansible_collections/cisco/meraki/tests/output/.tmp/integration/meraki_organization-f877y6u5-ÅÑŚÌβŁÈ/tests/integration/targets/meraki_organization/tasks/tests.yml': line 118, column 5, but may
be elsewhere in the file depending on the exact syntax problem.

The offending line appears to be:


  - name: Delete cloned organizations with check mode
    ^ here
" type="failure">{
&quot;msg&quot;: &quot;The task includes an option with an undefined variable. The error was: 'cloned_net_id' is undefined\n\nThe error appears to be in '/root/ansible_collections/cisco/meraki/tests/output/.tmp/integration/meraki_organization-f877y6u5-ÅÑŚÌβŁÈ/tests/integration/targets/meraki_organization/tasks/tests.yml': line 118, column 5, but may\nbe elsewhere in the file depending on the exact syntax problem.\n\nThe offending line appears to be:\n\n\n  - name: Delete cloned organizations with check mode\n    ^ here\n&quot;
}</failure>
		</testcase>
	</testsuite>
</testsuites>
