<?xml version="1.0" ?>
<testsuites disabled="0" errors="0" failures="1" tests="6" time="4.783020973205566">
	<testsuite disabled="0" errors="0" failures="1" name="meraki_management_interface-qgtxj1nt" skipped="1" tests="6" time="4.783020973205566">
		<testcase classname="/root/ansible_collections/cisco/meraki/tests/output/.tmp/integration/meraki_management_interface-9ils7j0m-ÅÑŚÌβŁÈ/tests/integration/targets/meraki_management_interface/tasks/main.yml:7" name="[localhost] meraki: meraki_management_interface : Test an API key is provided msg=Please define an API key" time="0.095894">
			<skipped message="Conditional result was False" type="skipped"/>
		</testcase>
		<testcase classname="/root/ansible_collections/cisco/meraki/tests/output/.tmp/integration/meraki_management_interface-9ils7j0m-ÅÑŚÌβŁÈ/tests/integration/targets/meraki_management_interface/tasks/main.yml:12" name="[localhost] meraki: meraki_management_interface : set_fact net_name=TestNet - Appliance" time="0.072864">
			<system-out>{
&quot;ansible_facts&quot;: {
&quot;net_name&quot;: &quot;TestNet - Appliance&quot;
},
&quot;changed&quot;: false
}</system-out>
		</testcase>
		<testcase classname="/root/ansible_collections/cisco/meraki/tests/output/.tmp/integration/meraki_management_interface-9ils7j0m-ÅÑŚÌβŁÈ/tests/integration/targets/meraki_management_interface/tasks/main.yml:15" name="[localhost] meraki: meraki_management_interface : Create test network auth_key={{auth_key}}, state=present, org_id={{test_org_id}}, net_name={{net_name}}, type=appliance" time="3.442552">
			<system-out>{
&quot;changed&quot;: false,
&quot;data&quot;: {
&quot;enrollment_string&quot;: null,
&quot;id&quot;: &quot;N_624874448297679182&quot;,
&quot;name&quot;: &quot;TestNet - Appliance&quot;,
&quot;organization_id&quot;: &quot;133277&quot;,
&quot;product_types&quot;: [
&quot;appliance&quot;
],
&quot;tags&quot;: [],
&quot;time_zone&quot;: &quot;America/Los_Angeles&quot;,
&quot;url&quot;: &quot;https://n110.meraki.com/TestNet-Applianc/n/9TIYVdUb/manage/usage/list&quot;
},
&quot;deprecations&quot;: [
{
&quot;msg&quot;: &quot;Distribution Ubuntu 18.04 on host localhost should use /usr/bin/python3, but is using /usr/bin/python for backward compatibility with prior Ansible releases. A future Ansible release will default to using the discovered platform python for this host. See https://docs.ansible.com/ansible/devel/reference_appendices/interpreter_discovery.html for more information&quot;,
&quot;version&quot;: &quot;2.12&quot;
}
],
&quot;response&quot;: &quot;OK (unknown bytes)&quot;,
&quot;status&quot;: 200,
&quot;warnings&quot;: [
&quot;The value \&quot;auth_key: 133277\&quot; (type int) was converted to \&quot;auth_key: '133277'\&quot; (type string). If this does not look like what you expect, quote the entire value to ensure it does not change.&quot;
]
}</system-out>
		</testcase>
		<testcase classname="/root/ansible_collections/cisco/meraki/tests/output/.tmp/integration/meraki_management_interface-9ils7j0m-ÅÑŚÌβŁÈ/tests/integration/targets/meraki_management_interface/tasks/main.yml:25" name="[localhost] meraki: meraki_management_interface : set_fact net_id={{net.data.id}}" time="0.090251">
			<system-out>{
&quot;ansible_facts&quot;: {
&quot;net_id&quot;: &quot;N_624874448297679182&quot;
},
&quot;changed&quot;: false
}</system-out>
		</testcase>
		<testcase classname="/root/ansible_collections/cisco/meraki/tests/output/.tmp/integration/meraki_management_interface-9ils7j0m-ÅÑŚÌβŁÈ/tests/integration/targets/meraki_management_interface/tasks/main.yml:28" name="[localhost] meraki: meraki_management_interface : Set WAN1 as DHCP in check mode auth_key={{auth_key}}, state=present, org_id={{test_org_id}}, net_id={{net_id}}, serial={{serial}}, wan1={'wan_enabled': 'enabled', 'using_static_ip': False, 'vlan': 1}" time="0.634024">
			<failure message="here" type="failure">{
&quot;changed&quot;: false,
&quot;deprecations&quot;: [
{
&quot;msg&quot;: &quot;Distribution Ubuntu 18.04 on host localhost should use /usr/bin/python3, but is using /usr/bin/python for backward compatibility with prior Ansible releases. A future Ansible release will default to using the discovered platform python for this host. See https://docs.ansible.com/ansible/devel/reference_appendices/interpreter_discovery.html for more information&quot;,
&quot;version&quot;: &quot;2.12&quot;
}
],
&quot;msg&quot;: &quot;here&quot;,
&quot;response&quot;: null,
&quot;status&quot;: null,
&quot;warnings&quot;: [
&quot;The value \&quot;auth_key: 133277\&quot; (type int) was converted to \&quot;auth_key: '133277'\&quot; (type string). If this does not look like what you expect, quote the entire value to ensure it does not change.&quot;
]
}</failure>
		</testcase>
		<testcase classname="/root/ansible_collections/cisco/meraki/tests/output/.tmp/integration/meraki_management_interface-9ils7j0m-ÅÑŚÌβŁÈ/tests/integration/targets/meraki_management_interface/tasks/main.yml:172" name="[localhost] meraki: meraki_management_interface : Reset settings for all interfaces auth_key={{auth_key}}, state=present, org_id={{test_org_id}}, net_id={{net_id}}, serial={{serial}}, wan1={'wan_enabled': 'disabled', 'using_static_ip': False}, wan2={'wan_enabled': 'enabled', 'using_static_ip': False}" time="0.447434">
			<system-out>{
&quot;changed&quot;: false,
&quot;deprecations&quot;: [
{
&quot;msg&quot;: &quot;Distribution Ubuntu 18.04 on host localhost should use /usr/bin/python3, but is using /usr/bin/python for backward compatibility with prior Ansible releases. A future Ansible release will default to using the discovered platform python for this host. See https://docs.ansible.com/ansible/devel/reference_appendices/interpreter_discovery.html for more information&quot;,
&quot;version&quot;: &quot;2.12&quot;
}
],
&quot;msg&quot;: &quot;here&quot;,
&quot;response&quot;: null,
&quot;status&quot;: null,
&quot;warnings&quot;: [
&quot;The value \&quot;auth_key: 133277\&quot; (type int) was converted to \&quot;auth_key: '133277'\&quot; (type string). If this does not look like what you expect, quote the entire value to ensure it does not change.&quot;
]
}</system-out>
		</testcase>
	</testsuite>
</testsuites>
