<?xml version="1.0" ?>
<testsuites disabled="0" errors="0" failures="1" tests="45" time="108.76384139060974">
	<testsuite disabled="0" errors="0" failures="1" name="meraki_network-nao8zqxa" skipped="0" tests="45" time="108.76384139060974">
		<testcase classname="/root/ansible_collections/cisco/meraki/tests/output/.tmp/integration/meraki_network-gby4m4u5-ÅÑŚÌβŁÈ/tests/integration/targets/meraki_network/tasks/main.yml:7" name="[localhost] meraki: meraki_network : Create network without type auth_key={{ auth_key }}, state=present, org_name={{test_org_name}}, net_name=IntTestNetwork, timezone=America/Chicago" time="3.016564">
			<system-out>{
&quot;changed&quot;: false,
&quot;deprecations&quot;: [
{
&quot;msg&quot;: &quot;Distribution Ubuntu 18.04 on host localhost should use /usr/bin/python3, but is using /usr/bin/python for backward compatibility with prior Ansible releases. A future Ansible release will default to using the discovered platform python for this host. See https://docs.ansible.com/ansible/devel/reference_appendices/interpreter_discovery.html for more information&quot;,
&quot;version&quot;: &quot;2.12&quot;
}
],
&quot;msg&quot;: &quot;type parameter is required when creating a network.&quot;,
&quot;response&quot;: &quot;OK (unknown bytes)&quot;,
&quot;status&quot;: 200
}</system-out>
		</testcase>
		<testcase classname="/root/ansible_collections/cisco/meraki/tests/output/.tmp/integration/meraki_network-gby4m4u5-ÅÑŚÌβŁÈ/tests/integration/targets/meraki_network/tasks/main.yml:18" name="[localhost] meraki: meraki_network : assert that=[&quot;create_net_no_type.msg == 'type parameter is required when creating a network.'&quot;]" time="0.093280">
			<system-out>{
    &quot;changed&quot;: false,
    &quot;msg&quot;: &quot;All assertions passed&quot;
}</system-out>
		</testcase>
		<testcase classname="/root/ansible_collections/cisco/meraki/tests/output/.tmp/integration/meraki_network-gby4m4u5-ÅÑŚÌβŁÈ/tests/integration/targets/meraki_network/tasks/main.yml:22" name="[localhost] meraki: meraki_network : Create network without organization auth_key={{ auth_key }}, state=present, net_name=IntTestNetwork, timezone=America/Chicago" time="0.435716">
			<system-out>{
&quot;changed&quot;: false,
&quot;deprecations&quot;: [
{
&quot;msg&quot;: &quot;Distribution Ubuntu 18.04 on host localhost should use /usr/bin/python3, but is using /usr/bin/python for backward compatibility with prior Ansible releases. A future Ansible release will default to using the discovered platform python for this host. See https://docs.ansible.com/ansible/devel/reference_appendices/interpreter_discovery.html for more information&quot;,
&quot;version&quot;: &quot;2.12&quot;
}
],
&quot;msg&quot;: &quot;org_name or org_id parameters are required&quot;,
&quot;response&quot;: null,
&quot;status&quot;: null
}</system-out>
		</testcase>
		<testcase classname="/root/ansible_collections/cisco/meraki/tests/output/.tmp/integration/meraki_network-gby4m4u5-ÅÑŚÌβŁÈ/tests/integration/targets/meraki_network/tasks/main.yml:32" name="[localhost] meraki: meraki_network : Create network with type switch with check mode auth_key={{ auth_key }}, state=present, org_name={{test_org_name}}, net_name=IntTestNetworkSwitch, type=switch, timezone=America/Chicago" time="3.370101">
			<system-out>{
&quot;changed&quot;: true,
&quot;data&quot;: {
&quot;id&quot;: &quot;N_12345&quot;,
&quot;name&quot;: &quot;IntTestNetworkSwitch&quot;,
&quot;organization_id&quot;: &quot;133277&quot;,
&quot;product_types&quot;: [
&quot;switch&quot;
],
&quot;time_zone&quot;: &quot;America/Chicago&quot;
},
&quot;deprecations&quot;: [
{
&quot;msg&quot;: &quot;Distribution Ubuntu 18.04 on host localhost should use /usr/bin/python3, but is using /usr/bin/python for backward compatibility with prior Ansible releases. A future Ansible release will default to using the discovered platform python for this host. See https://docs.ansible.com/ansible/devel/reference_appendices/interpreter_discovery.html for more information&quot;,
&quot;version&quot;: &quot;2.12&quot;
}
],
&quot;response&quot;: &quot;OK (unknown bytes)&quot;,
&quot;status&quot;: 200
}</system-out>
		</testcase>
		<testcase classname="/root/ansible_collections/cisco/meraki/tests/output/.tmp/integration/meraki_network-gby4m4u5-ÅÑŚÌβŁÈ/tests/integration/targets/meraki_network/tasks/main.yml:44" name="[localhost] meraki: meraki_network : debug var=create_net_switch_check" time="0.090427">
			<system-out>{
    &quot;changed&quot;: false,
    &quot;create_net_switch_check&quot;: {
        &quot;changed&quot;: true,
        &quot;data&quot;: {
            &quot;id&quot;: &quot;N_12345&quot;,
            &quot;name&quot;: &quot;IntTestNetworkSwitch&quot;,
            &quot;organization_id&quot;: &quot;133277&quot;,
            &quot;product_types&quot;: [
                &quot;switch&quot;
            ],
            &quot;time_zone&quot;: &quot;America/Chicago&quot;
        },
        &quot;deprecations&quot;: [
            {
                &quot;msg&quot;: &quot;Distribution Ubuntu 18.04 on host localhost should use /usr/bin/python3, but is using /usr/bin/python for backward compatibility with prior Ansible releases. A future Ansible release will default to using the discovered platform python for this host. See https://docs.ansible.com/ansible/devel/reference_appendices/interpreter_discovery.html for more information&quot;,
                &quot;version&quot;: &quot;2.12&quot;
            }
        ],
        &quot;failed&quot;: false,
        &quot;response&quot;: &quot;OK (unknown bytes)&quot;,
        &quot;status&quot;: 200
    }
}</system-out>
		</testcase>
		<testcase classname="/root/ansible_collections/cisco/meraki/tests/output/.tmp/integration/meraki_network-gby4m4u5-ÅÑŚÌβŁÈ/tests/integration/targets/meraki_network/tasks/main.yml:47" name="[localhost] meraki: meraki_network : debug var=create_net_switch_check.data.organization_id" time="0.101878">
			<system-out>{
    &quot;changed&quot;: false,
    &quot;create_net_switch_check.data.organization_id&quot;: &quot;133277&quot;
}</system-out>
		</testcase>
		<testcase classname="/root/ansible_collections/cisco/meraki/tests/output/.tmp/integration/meraki_network-gby4m4u5-ÅÑŚÌβŁÈ/tests/integration/targets/meraki_network/tasks/main.yml:50" name="[localhost] meraki: meraki_network : assert that=['create_net_switch_check is changed', 'create_net_switch_check.data is defined', 'create_net_switch_check.data.organization_id == &quot;{{test_org_id |string}}&quot;']" time="0.114028">
			<system-out>{
    &quot;changed&quot;: false,
    &quot;msg&quot;: &quot;All assertions passed&quot;
}</system-out>
		</testcase>
		<testcase classname="/root/ansible_collections/cisco/meraki/tests/output/.tmp/integration/meraki_network-gby4m4u5-ÅÑŚÌβŁÈ/tests/integration/targets/meraki_network/tasks/main.yml:56" name="[localhost] meraki: meraki_network : Create network with type switch auth_key={{ auth_key }}, state=present, org_name={{test_org_name}}, net_name=IntTestNetworkSwitch, type=switch, timezone=America/Chicago" time="3.556212">
			<system-out>{
&quot;changed&quot;: true,
&quot;data&quot;: {
&quot;enrollment_string&quot;: null,
&quot;id&quot;: &quot;N_624874448297685255&quot;,
&quot;name&quot;: &quot;IntTestNetworkSwitch&quot;,
&quot;organization_id&quot;: &quot;133277&quot;,
&quot;product_types&quot;: [
&quot;switch&quot;
],
&quot;tags&quot;: [],
&quot;time_zone&quot;: &quot;America/Chicago&quot;,
&quot;url&quot;: &quot;https://n110.meraki.com/IntTestNetworkSw/n/TyElcbUb/manage/usage/list&quot;
},
&quot;deprecations&quot;: [
{
&quot;msg&quot;: &quot;Distribution Ubuntu 18.04 on host localhost should use /usr/bin/python3, but is using /usr/bin/python for backward compatibility with prior Ansible releases. A future Ansible release will default to using the discovered platform python for this host. See https://docs.ansible.com/ansible/devel/reference_appendices/interpreter_discovery.html for more information&quot;,
&quot;version&quot;: &quot;2.12&quot;
}
],
&quot;response&quot;: &quot;OK (unknown bytes)&quot;,
&quot;status&quot;: 201
}</system-out>
		</testcase>
		<testcase classname="/root/ansible_collections/cisco/meraki/tests/output/.tmp/integration/meraki_network-gby4m4u5-ÅÑŚÌβŁÈ/tests/integration/targets/meraki_network/tasks/main.yml:67" name="[localhost] meraki: meraki_network : Create network with type switch by org ID auth_key={{ auth_key }}, state=present, org_id={{test_org_id}}, net_name=IntTestNetworkSwitchOrgID, type=switch, timezone=America/Chicago" time="3.094171">
			<system-out>{
&quot;changed&quot;: true,
&quot;data&quot;: {
&quot;enrollment_string&quot;: null,
&quot;id&quot;: &quot;N_624874448297685256&quot;,
&quot;name&quot;: &quot;IntTestNetworkSwitchOrgID&quot;,
&quot;organization_id&quot;: &quot;133277&quot;,
&quot;product_types&quot;: [
&quot;switch&quot;
],
&quot;tags&quot;: [],
&quot;time_zone&quot;: &quot;America/Chicago&quot;,
&quot;url&quot;: &quot;https://n110.meraki.com/IntTestNetworkSw/n/ZaNIcbUb/manage/usage/list&quot;
},
&quot;deprecations&quot;: [
{
&quot;msg&quot;: &quot;Distribution Ubuntu 18.04 on host localhost should use /usr/bin/python3, but is using /usr/bin/python for backward compatibility with prior Ansible releases. A future Ansible release will default to using the discovered platform python for this host. See https://docs.ansible.com/ansible/devel/reference_appendices/interpreter_discovery.html for more information&quot;,
&quot;version&quot;: &quot;2.12&quot;
}
],
&quot;response&quot;: &quot;OK (unknown bytes)&quot;,
&quot;status&quot;: 201,
&quot;warnings&quot;: [
&quot;The value \&quot;auth_key: 133277\&quot; (type int) was converted to \&quot;auth_key: '133277'\&quot; (type string). If this does not look like what you expect, quote the entire value to ensure it does not change.&quot;
]
}</system-out>
		</testcase>
		<testcase classname="/root/ansible_collections/cisco/meraki/tests/output/.tmp/integration/meraki_network-gby4m4u5-ÅÑŚÌβŁÈ/tests/integration/targets/meraki_network/tasks/main.yml:78" name="[localhost] meraki: meraki_network : Create network with type appliance and no timezone auth_key={{ auth_key }}, state=present, org_name={{test_org_name}}, net_name=IntTestNetworkAppliance, type=appliance" time="4.298065">
			<system-out>{
&quot;changed&quot;: true,
&quot;data&quot;: {
&quot;enrollment_string&quot;: null,
&quot;id&quot;: &quot;N_624874448297685257&quot;,
&quot;name&quot;: &quot;IntTestNetworkAppliance&quot;,
&quot;organization_id&quot;: &quot;133277&quot;,
&quot;product_types&quot;: [
&quot;appliance&quot;
],
&quot;tags&quot;: [],
&quot;time_zone&quot;: &quot;America/Los_Angeles&quot;,
&quot;url&quot;: &quot;https://n110.meraki.com/IntTestNetworkAp/n/NOhNcdUb/manage/usage/list&quot;
},
&quot;deprecations&quot;: [
{
&quot;msg&quot;: &quot;Distribution Ubuntu 18.04 on host localhost should use /usr/bin/python3, but is using /usr/bin/python for backward compatibility with prior Ansible releases. A future Ansible release will default to using the discovered platform python for this host. See https://docs.ansible.com/ansible/devel/reference_appendices/interpreter_discovery.html for more information&quot;,
&quot;version&quot;: &quot;2.12&quot;
}
],
&quot;response&quot;: &quot;OK (unknown bytes)&quot;,
&quot;status&quot;: 201
}</system-out>
		</testcase>
		<testcase classname="/root/ansible_collections/cisco/meraki/tests/output/.tmp/integration/meraki_network-gby4m4u5-ÅÑŚÌβŁÈ/tests/integration/targets/meraki_network/tasks/main.yml:88" name="[localhost] meraki: meraki_network : Enable VLAN support on appliance network with check mode auth_key={{ auth_key }}, state=present, org_name={{ test_org_name }}, net_name=IntTestNetworkAppliance, enable_vlans=True" time="3.696810">
			<system-out>{
&quot;changed&quot;: true,
&quot;data&quot;: {
&quot;network_id&quot;: &quot;N_624874448297685257&quot;,
&quot;vlans_enabled&quot;: true
},
&quot;deprecations&quot;: [
{
&quot;msg&quot;: &quot;Distribution Ubuntu 18.04 on host localhost should use /usr/bin/python3, but is using /usr/bin/python for backward compatibility with prior Ansible releases. A future Ansible release will default to using the discovered platform python for this host. See https://docs.ansible.com/ansible/devel/reference_appendices/interpreter_discovery.html for more information&quot;,
&quot;version&quot;: &quot;2.12&quot;
}
],
&quot;response&quot;: &quot;OK (unknown bytes)&quot;,
&quot;status&quot;: 200
}</system-out>
		</testcase>
		<testcase classname="/root/ansible_collections/cisco/meraki/tests/output/.tmp/integration/meraki_network-gby4m4u5-ÅÑŚÌβŁÈ/tests/integration/targets/meraki_network/tasks/main.yml:99" name="[localhost] meraki: meraki_network : assert that=['enable_vlan_check.data.vlans_enabled == True', 'enable_vlan_check is changed']" time="0.094478">
			<system-out>{
    &quot;changed&quot;: false,
    &quot;msg&quot;: &quot;All assertions passed&quot;
}</system-out>
		</testcase>
		<testcase classname="/root/ansible_collections/cisco/meraki/tests/output/.tmp/integration/meraki_network-gby4m4u5-ÅÑŚÌβŁÈ/tests/integration/targets/meraki_network/tasks/main.yml:104" name="[localhost] meraki: meraki_network : Enable VLAN support on appliance network auth_key={{ auth_key }}, state=present, org_name={{ test_org_name }}, net_name=IntTestNetworkAppliance, enable_vlans=True" time="4.447774">
			<system-out>{
&quot;changed&quot;: true,
&quot;data&quot;: {
&quot;vlans_enabled&quot;: true
},
&quot;deprecations&quot;: [
{
&quot;msg&quot;: &quot;Distribution Ubuntu 18.04 on host localhost should use /usr/bin/python3, but is using /usr/bin/python for backward compatibility with prior Ansible releases. A future Ansible release will default to using the discovered platform python for this host. See https://docs.ansible.com/ansible/devel/reference_appendices/interpreter_discovery.html for more information&quot;,
&quot;version&quot;: &quot;2.12&quot;
}
],
&quot;response&quot;: &quot;OK (unknown bytes)&quot;,
&quot;status&quot;: 200
}</system-out>
		</testcase>
		<testcase classname="/root/ansible_collections/cisco/meraki/tests/output/.tmp/integration/meraki_network-gby4m4u5-ÅÑŚÌβŁÈ/tests/integration/targets/meraki_network/tasks/main.yml:114" name="[localhost] meraki: meraki_network : assert that=['enable_vlan.data.vlans_enabled == True']" time="0.111509">
			<system-out>{
    &quot;changed&quot;: false,
    &quot;msg&quot;: &quot;All assertions passed&quot;
}</system-out>
		</testcase>
		<testcase classname="/root/ansible_collections/cisco/meraki/tests/output/.tmp/integration/meraki_network-gby4m4u5-ÅÑŚÌβŁÈ/tests/integration/targets/meraki_network/tasks/main.yml:118" name="[localhost] meraki: meraki_network : Enable VLAN support on appliance network with idempotency auth_key={{ auth_key }}, state=present, org_name={{ test_org_name }}, net_name=IntTestNetworkAppliance, enable_vlans=True" time="3.619541">
			<system-out>{
&quot;changed&quot;: false,
&quot;data&quot;: {
&quot;vlans_enabled&quot;: true
},
&quot;deprecations&quot;: [
{
&quot;msg&quot;: &quot;Distribution Ubuntu 18.04 on host localhost should use /usr/bin/python3, but is using /usr/bin/python for backward compatibility with prior Ansible releases. A future Ansible release will default to using the discovered platform python for this host. See https://docs.ansible.com/ansible/devel/reference_appendices/interpreter_discovery.html for more information&quot;,
&quot;version&quot;: &quot;2.12&quot;
}
],
&quot;response&quot;: &quot;OK (unknown bytes)&quot;,
&quot;status&quot;: 200
}</system-out>
		</testcase>
		<testcase classname="/root/ansible_collections/cisco/meraki/tests/output/.tmp/integration/meraki_network-gby4m4u5-ÅÑŚÌβŁÈ/tests/integration/targets/meraki_network/tasks/main.yml:128" name="[localhost] meraki: meraki_network : debug var=enable_vlan_idempotent" time="0.096380">
			<system-out>{
    &quot;changed&quot;: false,
    &quot;enable_vlan_idempotent&quot;: {
        &quot;changed&quot;: false,
        &quot;data&quot;: {
            &quot;vlans_enabled&quot;: true
        },
        &quot;deprecations&quot;: [
            {
                &quot;msg&quot;: &quot;Distribution Ubuntu 18.04 on host localhost should use /usr/bin/python3, but is using /usr/bin/python for backward compatibility with prior Ansible releases. A future Ansible release will default to using the discovered platform python for this host. See https://docs.ansible.com/ansible/devel/reference_appendices/interpreter_discovery.html for more information&quot;,
                &quot;version&quot;: &quot;2.12&quot;
            }
        ],
        &quot;failed&quot;: false,
        &quot;response&quot;: &quot;OK (unknown bytes)&quot;,
        &quot;status&quot;: 200
    }
}</system-out>
		</testcase>
		<testcase classname="/root/ansible_collections/cisco/meraki/tests/output/.tmp/integration/meraki_network-gby4m4u5-ÅÑŚÌβŁÈ/tests/integration/targets/meraki_network/tasks/main.yml:131" name="[localhost] meraki: meraki_network : assert that=['enable_vlan_idempotent is not changed', 'enable_vlan_idempotent.data is defined']" time="0.096918">
			<system-out>{
    &quot;changed&quot;: false,
    &quot;msg&quot;: &quot;All assertions passed&quot;
}</system-out>
		</testcase>
		<testcase classname="/root/ansible_collections/cisco/meraki/tests/output/.tmp/integration/meraki_network-gby4m4u5-ÅÑŚÌβŁÈ/tests/integration/targets/meraki_network/tasks/main.yml:136" name="[localhost] meraki: meraki_network : Disable VLAN support on appliance network auth_key={{ auth_key }}, state=present, org_name={{ test_org_name }}, net_name=IntTestNetworkAppliance, enable_vlans=False" time="4.457732">
			<system-out>{
&quot;changed&quot;: true,
&quot;data&quot;: {
&quot;vlans_enabled&quot;: false
},
&quot;deprecations&quot;: [
{
&quot;msg&quot;: &quot;Distribution Ubuntu 18.04 on host localhost should use /usr/bin/python3, but is using /usr/bin/python for backward compatibility with prior Ansible releases. A future Ansible release will default to using the discovered platform python for this host. See https://docs.ansible.com/ansible/devel/reference_appendices/interpreter_discovery.html for more information&quot;,
&quot;version&quot;: &quot;2.12&quot;
}
],
&quot;response&quot;: &quot;OK (unknown bytes)&quot;,
&quot;status&quot;: 200
}</system-out>
		</testcase>
		<testcase classname="/root/ansible_collections/cisco/meraki/tests/output/.tmp/integration/meraki_network-gby4m4u5-ÅÑŚÌβŁÈ/tests/integration/targets/meraki_network/tasks/main.yml:146" name="[localhost] meraki: meraki_network : assert that=['disable_vlan.data.vlans_enabled == False']" time="0.092971">
			<system-out>{
    &quot;changed&quot;: false,
    &quot;msg&quot;: &quot;All assertions passed&quot;
}</system-out>
		</testcase>
		<testcase classname="/root/ansible_collections/cisco/meraki/tests/output/.tmp/integration/meraki_network-gby4m4u5-ÅÑŚÌβŁÈ/tests/integration/targets/meraki_network/tasks/main.yml:150" name="[localhost] meraki: meraki_network : Disable VLAN support on appliance network with idempotency auth_key={{ auth_key }}, state=present, org_name={{ test_org_name }}, net_name=IntTestNetworkAppliance, enable_vlans=False" time="3.536921">
			<system-out>{
&quot;changed&quot;: false,
&quot;data&quot;: {
&quot;vlans_enabled&quot;: false
},
&quot;deprecations&quot;: [
{
&quot;msg&quot;: &quot;Distribution Ubuntu 18.04 on host localhost should use /usr/bin/python3, but is using /usr/bin/python for backward compatibility with prior Ansible releases. A future Ansible release will default to using the discovered platform python for this host. See https://docs.ansible.com/ansible/devel/reference_appendices/interpreter_discovery.html for more information&quot;,
&quot;version&quot;: &quot;2.12&quot;
}
],
&quot;response&quot;: &quot;OK (unknown bytes)&quot;,
&quot;status&quot;: 200
}</system-out>
		</testcase>
		<testcase classname="/root/ansible_collections/cisco/meraki/tests/output/.tmp/integration/meraki_network-gby4m4u5-ÅÑŚÌβŁÈ/tests/integration/targets/meraki_network/tasks/main.yml:160" name="[localhost] meraki: meraki_network : assert that=['disable_vlan_idempotent is not changed', 'disable_vlan_idempotent.data is defined']" time="0.095248">
			<system-out>{
    &quot;changed&quot;: false,
    &quot;msg&quot;: &quot;All assertions passed&quot;
}</system-out>
		</testcase>
		<testcase classname="/root/ansible_collections/cisco/meraki/tests/output/.tmp/integration/meraki_network-gby4m4u5-ÅÑŚÌβŁÈ/tests/integration/targets/meraki_network/tasks/main.yml:165" name="[localhost] meraki: meraki_network : Create network with type wireless and disable my.meraki.com auth_key={{ auth_key }}, state=present, org_name={{test_org_name}}, net_name=IntTestNetworkWireless, type=wireless, timezone=America/Chicago, local_status_page_enabled=False" time="4.452178">
			<system-out>{
&quot;changed&quot;: true,
&quot;data&quot;: {
&quot;enrollment_string&quot;: null,
&quot;id&quot;: &quot;N_624874448297685258&quot;,
&quot;name&quot;: &quot;IntTestNetworkWireless&quot;,
&quot;organization_id&quot;: &quot;133277&quot;,
&quot;product_types&quot;: [
&quot;wireless&quot;
],
&quot;tags&quot;: [],
&quot;time_zone&quot;: &quot;America/Chicago&quot;,
&quot;url&quot;: &quot;https://n110.meraki.com/IntTestNetworkWi/n/wU6M5aUb/manage/usage/list&quot;
},
&quot;deprecations&quot;: [
{
&quot;msg&quot;: &quot;Distribution Ubuntu 18.04 on host localhost should use /usr/bin/python3, but is using /usr/bin/python for backward compatibility with prior Ansible releases. A future Ansible release will default to using the discovered platform python for this host. See https://docs.ansible.com/ansible/devel/reference_appendices/interpreter_discovery.html for more information&quot;,
&quot;version&quot;: &quot;2.12&quot;
}
],
&quot;response&quot;: &quot;OK (unknown bytes)&quot;,
&quot;status&quot;: 201
}</system-out>
		</testcase>
		<testcase classname="/root/ansible_collections/cisco/meraki/tests/output/.tmp/integration/meraki_network-gby4m4u5-ÅÑŚÌβŁÈ/tests/integration/targets/meraki_network/tasks/main.yml:177" name="[localhost] meraki: meraki_network : Create network with type wireless, disable my.meraki.com, and check for idempotency auth_key={{ auth_key }}, state=present, org_name={{test_org_name}}, net_name=IntTestNetworkWireless, type=wireless, timezone=America/Chicago, local_status_page_enabled=False" time="2.646211">
			<system-out>{
&quot;changed&quot;: false,
&quot;data&quot;: {
&quot;enrollment_string&quot;: null,
&quot;id&quot;: &quot;N_624874448297685258&quot;,
&quot;name&quot;: &quot;IntTestNetworkWireless&quot;,
&quot;organization_id&quot;: &quot;133277&quot;,
&quot;product_types&quot;: [
&quot;wireless&quot;
],
&quot;tags&quot;: [],
&quot;time_zone&quot;: &quot;America/Chicago&quot;,
&quot;url&quot;: &quot;https://n110.meraki.com/IntTestNetworkWi/n/wU6M5aUb/manage/usage/list&quot;
},
&quot;deprecations&quot;: [
{
&quot;msg&quot;: &quot;Distribution Ubuntu 18.04 on host localhost should use /usr/bin/python3, but is using /usr/bin/python for backward compatibility with prior Ansible releases. A future Ansible release will default to using the discovered platform python for this host. See https://docs.ansible.com/ansible/devel/reference_appendices/interpreter_discovery.html for more information&quot;,
&quot;version&quot;: &quot;2.12&quot;
}
],
&quot;response&quot;: &quot;OK (unknown bytes)&quot;,
&quot;status&quot;: 200
}</system-out>
		</testcase>
		<testcase classname="/root/ansible_collections/cisco/meraki/tests/output/.tmp/integration/meraki_network-gby4m4u5-ÅÑŚÌβŁÈ/tests/integration/targets/meraki_network/tasks/main.yml:189" name="[localhost] meraki: meraki_network : assert that=['create_net_wireless_idempotent.data is defined']" time="0.091859">
			<system-out>{
    &quot;changed&quot;: false,
    &quot;msg&quot;: &quot;All assertions passed&quot;
}</system-out>
		</testcase>
		<testcase classname="/root/ansible_collections/cisco/meraki/tests/output/.tmp/integration/meraki_network-gby4m4u5-ÅÑŚÌβŁÈ/tests/integration/targets/meraki_network/tasks/main.yml:193" name="[localhost] meraki: meraki_network : Create network with type combined and disable my.meraki.com auth_key={{ auth_key }}, state=present, org_name={{ test_org_name }}, net_name=IntTestNetworkCombined, type=['appliance', 'switch'], timezone=America/Chicago, local_status_page_enabled=False" time="4.287366">
			<system-out>{
&quot;changed&quot;: true,
&quot;data&quot;: {
&quot;enrollment_string&quot;: null,
&quot;id&quot;: &quot;L_624874448297663687&quot;,
&quot;name&quot;: &quot;IntTestNetworkCombined&quot;,
&quot;organization_id&quot;: &quot;133277&quot;,
&quot;product_types&quot;: [
&quot;appliance&quot;,
&quot;switch&quot;
],
&quot;tags&quot;: [],
&quot;time_zone&quot;: &quot;America/Chicago&quot;,
&quot;url&quot;: &quot;https://n110.meraki.com/IntTestNetworkCo/n/B_moQbUb/manage/usage/list&quot;
},
&quot;deprecations&quot;: [
{
&quot;msg&quot;: &quot;Distribution Ubuntu 18.04 on host localhost should use /usr/bin/python3, but is using /usr/bin/python for backward compatibility with prior Ansible releases. A future Ansible release will default to using the discovered platform python for this host. See https://docs.ansible.com/ansible/devel/reference_appendices/interpreter_discovery.html for more information&quot;,
&quot;version&quot;: &quot;2.12&quot;
}
],
&quot;response&quot;: &quot;OK (unknown bytes)&quot;,
&quot;status&quot;: 201
}</system-out>
		</testcase>
		<testcase classname="/root/ansible_collections/cisco/meraki/tests/output/.tmp/integration/meraki_network-gby4m4u5-ÅÑŚÌβŁÈ/tests/integration/targets/meraki_network/tasks/main.yml:207" name="[localhost] meraki: meraki_network : Reenable my.meraki.com with check mode auth_key={{ auth_key }}, state=present, org_name={{test_org_name}}, net_name=IntTestNetworkCombined, local_status_page_enabled=True" time="3.094918">
			<system-out>{
&quot;changed&quot;: true,
&quot;data&quot;: {
&quot;enrollment_string&quot;: null,
&quot;id&quot;: &quot;L_624874448297663687&quot;,
&quot;local_status_page_enabled&quot;: true,
&quot;name&quot;: &quot;IntTestNetworkCombined&quot;,
&quot;organization_id&quot;: &quot;133277&quot;,
&quot;product_types&quot;: [
&quot;appliance&quot;,
&quot;switch&quot;
],
&quot;tags&quot;: [],
&quot;time_zone&quot;: &quot;America/Chicago&quot;,
&quot;url&quot;: &quot;https://n110.meraki.com/IntTestNetworkCo/n/_jvWicUb/manage/usage/list&quot;
},
&quot;deprecations&quot;: [
{
&quot;msg&quot;: &quot;Distribution Ubuntu 18.04 on host localhost should use /usr/bin/python3, but is using /usr/bin/python for backward compatibility with prior Ansible releases. A future Ansible release will default to using the discovered platform python for this host. See https://docs.ansible.com/ansible/devel/reference_appendices/interpreter_discovery.html for more information&quot;,
&quot;version&quot;: &quot;2.12&quot;
}
],
&quot;response&quot;: &quot;OK (unknown bytes)&quot;,
&quot;status&quot;: 200
}</system-out>
		</testcase>
		<testcase classname="/root/ansible_collections/cisco/meraki/tests/output/.tmp/integration/meraki_network-gby4m4u5-ÅÑŚÌβŁÈ/tests/integration/targets/meraki_network/tasks/main.yml:218" name="[localhost] meraki: meraki_network : assert that=['enable_meraki_com_check is changed', 'enable_meraki_com_check.data is defined']" time="0.097556">
			<system-out>{
    &quot;changed&quot;: false,
    &quot;msg&quot;: &quot;All assertions passed&quot;
}</system-out>
		</testcase>
		<testcase classname="/root/ansible_collections/cisco/meraki/tests/output/.tmp/integration/meraki_network-gby4m4u5-ÅÑŚÌβŁÈ/tests/integration/targets/meraki_network/tasks/main.yml:223" name="[localhost] meraki: meraki_network : Reenable my.meraki.com auth_key={{ auth_key }}, state=present, org_name={{test_org_name}}, net_name=IntTestNetworkCombined, local_status_page_enabled=True" time="3.956034">
			<system-out>{
&quot;changed&quot;: true,
&quot;data&quot;: {
&quot;local_status_page_enabled&quot;: true,
&quot;remote_status_page_enabled&quot;: false
},
&quot;deprecations&quot;: [
{
&quot;msg&quot;: &quot;Distribution Ubuntu 18.04 on host localhost should use /usr/bin/python3, but is using /usr/bin/python for backward compatibility with prior Ansible releases. A future Ansible release will default to using the discovered platform python for this host. See https://docs.ansible.com/ansible/devel/reference_appendices/interpreter_discovery.html for more information&quot;,
&quot;version&quot;: &quot;2.12&quot;
}
],
&quot;response&quot;: &quot;OK (unknown bytes)&quot;,
&quot;status&quot;: 200
}</system-out>
		</testcase>
		<testcase classname="/root/ansible_collections/cisco/meraki/tests/output/.tmp/integration/meraki_network-gby4m4u5-ÅÑŚÌβŁÈ/tests/integration/targets/meraki_network/tasks/main.yml:233" name="[localhost] meraki: meraki_network : Disable my.meraki.com for next test auth_key={{ auth_key }}, state=present, org_name={{test_org_name}}, net_name=IntTestNetworkCombined, local_status_page_enabled=False" time="2.896288">
			<system-out>{
&quot;changed&quot;: false,
&quot;data&quot;: {
&quot;enrollment_string&quot;: null,
&quot;id&quot;: &quot;L_624874448297663687&quot;,
&quot;name&quot;: &quot;IntTestNetworkCombined&quot;,
&quot;organization_id&quot;: &quot;133277&quot;,
&quot;product_types&quot;: [
&quot;appliance&quot;,
&quot;switch&quot;
],
&quot;tags&quot;: [],
&quot;time_zone&quot;: &quot;America/Chicago&quot;,
&quot;url&quot;: &quot;https://n110.meraki.com/IntTestNetworkCo/n/_jvWicUb/manage/usage/list&quot;
},
&quot;deprecations&quot;: [
{
&quot;msg&quot;: &quot;Distribution Ubuntu 18.04 on host localhost should use /usr/bin/python3, but is using /usr/bin/python for backward compatibility with prior Ansible releases. A future Ansible release will default to using the discovered platform python for this host. See https://docs.ansible.com/ansible/devel/reference_appendices/interpreter_discovery.html for more information&quot;,
&quot;version&quot;: &quot;2.12&quot;
}
],
&quot;response&quot;: &quot;OK (unknown bytes)&quot;,
&quot;status&quot;: 200
}</system-out>
		</testcase>
		<testcase classname="/root/ansible_collections/cisco/meraki/tests/output/.tmp/integration/meraki_network-gby4m4u5-ÅÑŚÌβŁÈ/tests/integration/targets/meraki_network/tasks/main.yml:276" name="[localhost] meraki: meraki_network : Test status pages are mutually exclusive when on auth_key={{ auth_key }}, state=present, org_name={{test_org_name}}, net_name=IntTestNetworkCombined, local_status_page_enabled=True, remote_status_page_enabled=False" time="0.444888">
			<system-out>{
&quot;changed&quot;: false,
&quot;deprecations&quot;: [
{
&quot;msg&quot;: &quot;Distribution Ubuntu 18.04 on host localhost should use /usr/bin/python3, but is using /usr/bin/python for backward compatibility with prior Ansible releases. A future Ansible release will default to using the discovered platform python for this host. See https://docs.ansible.com/ansible/devel/reference_appendices/interpreter_discovery.html for more information&quot;,
&quot;version&quot;: &quot;2.12&quot;
}
],
&quot;msg&quot;: &quot;local_status_page_enabled must be true when setting remote_status_page_enabled&quot;,
&quot;response&quot;: null,
&quot;status&quot;: null
}</system-out>
		</testcase>
		<testcase classname="/root/ansible_collections/cisco/meraki/tests/output/.tmp/integration/meraki_network-gby4m4u5-ÅÑŚÌβŁÈ/tests/integration/targets/meraki_network/tasks/main.yml:288" name="[localhost] meraki: meraki_network : assert that=['&quot;must be true when setting&quot; in status_exclusivity.msg']" time="0.091556">
			<system-out>{
    &quot;changed&quot;: false,
    &quot;msg&quot;: &quot;All assertions passed&quot;
}</system-out>
		</testcase>
		<testcase classname="/root/ansible_collections/cisco/meraki/tests/output/.tmp/integration/meraki_network-gby4m4u5-ÅÑŚÌβŁÈ/tests/integration/targets/meraki_network/tasks/main.yml:292" name="[localhost] meraki: meraki_network : Create network with one tag auth_key={{ auth_key }}, state=present, org_name={{test_org_name}}, net_name=IntTestNetworkTag, type=switch, timezone=America/Chicago, tags=first_tag" time="3.480305">
			<system-out>{
&quot;changed&quot;: true,
&quot;data&quot;: {
&quot;enrollment_string&quot;: null,
&quot;id&quot;: &quot;N_624874448297685261&quot;,
&quot;name&quot;: &quot;IntTestNetworkTag&quot;,
&quot;organization_id&quot;: &quot;133277&quot;,
&quot;product_types&quot;: [
&quot;switch&quot;
],
&quot;tags&quot;: [
&quot;first_tag&quot;
],
&quot;time_zone&quot;: &quot;America/Chicago&quot;,
&quot;url&quot;: &quot;https://n110.meraki.com/IntTestNetworkTa/n/Se4ehcUb/manage/usage/list&quot;
},
&quot;deprecations&quot;: [
{
&quot;msg&quot;: &quot;Distribution Ubuntu 18.04 on host localhost should use /usr/bin/python3, but is using /usr/bin/python for backward compatibility with prior Ansible releases. A future Ansible release will default to using the discovered platform python for this host. See https://docs.ansible.com/ansible/devel/reference_appendices/interpreter_discovery.html for more information&quot;,
&quot;version&quot;: &quot;2.12&quot;
}
],
&quot;response&quot;: &quot;OK (unknown bytes)&quot;,
&quot;status&quot;: 201
}</system-out>
		</testcase>
		<testcase classname="/root/ansible_collections/cisco/meraki/tests/output/.tmp/integration/meraki_network-gby4m4u5-ÅÑŚÌβŁÈ/tests/integration/targets/meraki_network/tasks/main.yml:304" name="[localhost] meraki: meraki_network : Create network with two tags auth_key={{ auth_key }}, state=present, org_name={{test_org_name}}, net_name=IntTestNetworkTags, type=switch, timezone=America/Chicago, tags=['first_tag', 'second_tag']" time="3.620509">
			<system-out>{
&quot;changed&quot;: true,
&quot;data&quot;: {
&quot;enrollment_string&quot;: null,
&quot;id&quot;: &quot;N_624874448297685262&quot;,
&quot;name&quot;: &quot;IntTestNetworkTags&quot;,
&quot;organization_id&quot;: &quot;133277&quot;,
&quot;product_types&quot;: [
&quot;switch&quot;
],
&quot;tags&quot;: [
&quot;first_tag&quot;,
&quot;second_tag&quot;
],
&quot;time_zone&quot;: &quot;America/Chicago&quot;,
&quot;url&quot;: &quot;https://n110.meraki.com/IntTestNetworkTa/n/px4LaaUb/manage/usage/list&quot;
},
&quot;deprecations&quot;: [
{
&quot;msg&quot;: &quot;Distribution Ubuntu 18.04 on host localhost should use /usr/bin/python3, but is using /usr/bin/python for backward compatibility with prior Ansible releases. A future Ansible release will default to using the discovered platform python for this host. See https://docs.ansible.com/ansible/devel/reference_appendices/interpreter_discovery.html for more information&quot;,
&quot;version&quot;: &quot;2.12&quot;
}
],
&quot;response&quot;: &quot;OK (unknown bytes)&quot;,
&quot;status&quot;: 201
}</system-out>
		</testcase>
		<testcase classname="/root/ansible_collections/cisco/meraki/tests/output/.tmp/integration/meraki_network-gby4m4u5-ÅÑŚÌβŁÈ/tests/integration/targets/meraki_network/tasks/main.yml:318" name="[localhost] meraki: meraki_network : set_fact tag_net_id={{create_net_tags.data.id}}" time="0.117194">
			<system-out>{
&quot;ansible_facts&quot;: {
&quot;tag_net_id&quot;: &quot;N_624874448297685262&quot;
},
&quot;changed&quot;: false
}</system-out>
		</testcase>
		<testcase classname="/root/ansible_collections/cisco/meraki/tests/output/.tmp/integration/meraki_network-gby4m4u5-ÅÑŚÌβŁÈ/tests/integration/targets/meraki_network/tasks/main.yml:321" name="[localhost] meraki: meraki_network : Modify network by net_id auth_key={{ auth_key }}, state=present, org_name={{test_org_name}}, net_id={{tag_net_id}}, type=switch, timezone=America/Chicago, tags=['first_tag', 'second_tag', 'third_tag']" time="3.889541">
			<system-out>{
&quot;changed&quot;: true,
&quot;data&quot;: {
&quot;enrollment_string&quot;: null,
&quot;id&quot;: &quot;N_624874448297685262&quot;,
&quot;name&quot;: &quot;IntTestNetworkTags&quot;,
&quot;organization_id&quot;: &quot;133277&quot;,
&quot;product_types&quot;: [
&quot;switch&quot;
],
&quot;tags&quot;: [
&quot;first_tag&quot;,
&quot;second_tag&quot;,
&quot;third_tag&quot;
],
&quot;time_zone&quot;: &quot;America/Chicago&quot;,
&quot;url&quot;: &quot;https://n110.meraki.com/IntTestNetworkTa/n/px4LaaUb/manage/usage/list&quot;
},
&quot;deprecations&quot;: [
{
&quot;msg&quot;: &quot;Distribution Ubuntu 18.04 on host localhost should use /usr/bin/python3, but is using /usr/bin/python for backward compatibility with prior Ansible releases. A future Ansible release will default to using the discovered platform python for this host. See https://docs.ansible.com/ansible/devel/reference_appendices/interpreter_discovery.html for more information&quot;,
&quot;version&quot;: &quot;2.12&quot;
}
],
&quot;response&quot;: &quot;OK (unknown bytes)&quot;,
&quot;status&quot;: 200
}</system-out>
		</testcase>
		<testcase classname="/root/ansible_collections/cisco/meraki/tests/output/.tmp/integration/meraki_network-gby4m4u5-ÅÑŚÌβŁÈ/tests/integration/targets/meraki_network/tasks/main.yml:336" name="[localhost] meraki: meraki_network : Modify network with idempotency auth_key={{ auth_key }}, state=present, org_name={{test_org_name}}, net_name=IntTestNetworkTags, type=switch, timezone=America/Chicago, tags=['first_tag', 'second_tag', 'third_tag']" time="2.819806">
			<system-out>{
&quot;changed&quot;: false,
&quot;data&quot;: {
&quot;enrollment_string&quot;: null,
&quot;id&quot;: &quot;N_624874448297685262&quot;,
&quot;name&quot;: &quot;IntTestNetworkTags&quot;,
&quot;organization_id&quot;: &quot;133277&quot;,
&quot;product_types&quot;: [
&quot;switch&quot;
],
&quot;tags&quot;: [
&quot;first_tag&quot;,
&quot;second_tag&quot;,
&quot;third_tag&quot;
],
&quot;time_zone&quot;: &quot;America/Chicago&quot;,
&quot;url&quot;: &quot;https://n110.meraki.com/IntTestNetworkTa/n/px4LaaUb/manage/usage/list&quot;
},
&quot;deprecations&quot;: [
{
&quot;msg&quot;: &quot;Distribution Ubuntu 18.04 on host localhost should use /usr/bin/python3, but is using /usr/bin/python for backward compatibility with prior Ansible releases. A future Ansible release will default to using the discovered platform python for this host. See https://docs.ansible.com/ansible/devel/reference_appendices/interpreter_discovery.html for more information&quot;,
&quot;version&quot;: &quot;2.12&quot;
}
],
&quot;response&quot;: &quot;OK (unknown bytes)&quot;,
&quot;status&quot;: 200
}</system-out>
		</testcase>
		<testcase classname="/root/ansible_collections/cisco/meraki/tests/output/.tmp/integration/meraki_network-gby4m4u5-ÅÑŚÌβŁÈ/tests/integration/targets/meraki_network/tasks/main.yml:351" name="[localhost] meraki: meraki_network : assert that=['create_net_modified_idempotent.data is defined']" time="0.092688">
			<system-out>{
    &quot;changed&quot;: false,
    &quot;msg&quot;: &quot;All assertions passed&quot;
}</system-out>
		</testcase>
		<testcase classname="/root/ansible_collections/cisco/meraki/tests/output/.tmp/integration/meraki_network-gby4m4u5-ÅÑŚÌβŁÈ/tests/integration/targets/meraki_network/tasks/main.yml:355" name="[localhost] meraki: meraki_network : Present assertions that=[&quot;create_net_combined.data.type == 'combined'&quot;, 'create_net_combined.data.local_status_page_enabled == True', 'enable_meraki_com.data.local_status_page_enabled == False', '&quot;org_name or org_id parameters are required&quot; in create_net_no_org.msg', '&quot;IntTestNetworkAppliance&quot; in create_net_appliance_no_tz.data.name', 'create_net_appliance_no_tz.changed == True', '&quot;IntTestNetworkSwitch&quot; in create_net_switch.data.name', '&quot;IntTestNetworkSwitchOrgID&quot; in create_net_switch_org_id.data.name', '&quot;IntTestNetworkWireless&quot; in create_net_wireless.data.name', 'create_net_wireless.data.local_status_page_enabled == True', 'create_net_wireless_idempotent.changed == False', 'create_net_wireless_idempotent.data is defined', '&quot;first_tag&quot; in create_net_tag.data.tags', '&quot;second_tag&quot; in create_net_tags.data.tags', '&quot;third_tag&quot; in create_net_modified.data.tags', 'create_net_modified.changed == True', 'create_net_modified_idempotent.changed == False', 'create_net_modified_idempotent.data is defined']" time="0.093049">
			<failure message="The conditional check 'create_net_combined.data.type == 'combined'' failed. The error was: error while evaluating conditional (create_net_combined.data.type == 'combined'): 'dict object' has no attribute 'type'" type="failure">{
&quot;msg&quot;: &quot;The conditional check 'create_net_combined.data.type == 'combined'' failed. The error was: error while evaluating conditional (create_net_combined.data.type == 'combined'): 'dict object' has no attribute 'type'&quot;
}</failure>
		</testcase>
		<testcase classname="/root/ansible_collections/cisco/meraki/tests/output/.tmp/integration/meraki_network-gby4m4u5-ÅÑŚÌβŁÈ/tests/integration/targets/meraki_network/tasks/main.yml:413" name="[localhost] meraki: meraki_network : Delete network without org auth_key={{ auth_key }}, state=absent, net_name=IntTestNetworkSwitch" time="0.449549">
			<system-out>{
&quot;changed&quot;: false,
&quot;deprecations&quot;: [
{
&quot;msg&quot;: &quot;Distribution Ubuntu 18.04 on host localhost should use /usr/bin/python3, but is using /usr/bin/python for backward compatibility with prior Ansible releases. A future Ansible release will default to using the discovered platform python for this host. See https://docs.ansible.com/ansible/devel/reference_appendices/interpreter_discovery.html for more information&quot;,
&quot;version&quot;: &quot;2.12&quot;
}
],
&quot;msg&quot;: &quot;org_name or org_id parameters are required&quot;,
&quot;response&quot;: null,
&quot;status&quot;: null
}</system-out>
		</testcase>
		<testcase classname="/root/ansible_collections/cisco/meraki/tests/output/.tmp/integration/meraki_network-gby4m4u5-ÅÑŚÌβŁÈ/tests/integration/targets/meraki_network/tasks/main.yml:422" name="[localhost] meraki: meraki_network : Delete network by org ID and check mode auth_key={{ auth_key }}, state=absent, org_id={{test_org_id}}, net_name=IntTestNetworkSwitchOrgID" time="1.976134">
			<system-out>{
&quot;changed&quot;: true,
&quot;data&quot;: {},
&quot;deprecations&quot;: [
{
&quot;msg&quot;: &quot;Distribution Ubuntu 18.04 on host localhost should use /usr/bin/python3, but is using /usr/bin/python for backward compatibility with prior Ansible releases. A future Ansible release will default to using the discovered platform python for this host. See https://docs.ansible.com/ansible/devel/reference_appendices/interpreter_discovery.html for more information&quot;,
&quot;version&quot;: &quot;2.12&quot;
}
],
&quot;response&quot;: &quot;OK (unknown bytes)&quot;,
&quot;status&quot;: 200,
&quot;warnings&quot;: [
&quot;The value \&quot;auth_key: 133277\&quot; (type int) was converted to \&quot;auth_key: '133277'\&quot; (type string). If this does not look like what you expect, quote the entire value to ensure it does not change.&quot;
]
}</system-out>
		</testcase>
		<testcase classname="/root/ansible_collections/cisco/meraki/tests/output/.tmp/integration/meraki_network-gby4m4u5-ÅÑŚÌβŁÈ/tests/integration/targets/meraki_network/tasks/main.yml:432" name="[localhost] meraki: meraki_network : assert that=['delete_net_org_id_check is changed', 'delete_net_org_id_check.data is defined']" time="0.094044">
			<system-out>{
    &quot;changed&quot;: false,
    &quot;msg&quot;: &quot;All assertions passed&quot;
}</system-out>
		</testcase>
		<testcase classname="/root/ansible_collections/cisco/meraki/tests/output/.tmp/integration/meraki_network-gby4m4u5-ÅÑŚÌβŁÈ/tests/integration/targets/meraki_network/tasks/main.yml:437" name="[localhost] meraki: meraki_network : Delete network by org ID auth_key={{ auth_key }}, state=absent, org_id={{test_org_id}}, net_name=IntTestNetworkSwitchOrgID" time="3.179062">
			<system-out>{
&quot;changed&quot;: true,
&quot;deprecations&quot;: [
{
&quot;msg&quot;: &quot;Distribution Ubuntu 18.04 on host localhost should use /usr/bin/python3, but is using /usr/bin/python for backward compatibility with prior Ansible releases. A future Ansible release will default to using the discovered platform python for this host. See https://docs.ansible.com/ansible/devel/reference_appendices/interpreter_discovery.html for more information&quot;,
&quot;version&quot;: &quot;2.12&quot;
}
],
&quot;response&quot;: &quot;OK (unknown bytes)&quot;,
&quot;status&quot;: 204,
&quot;warnings&quot;: [
&quot;The value \&quot;auth_key: 133277\&quot; (type int) was converted to \&quot;auth_key: '133277'\&quot; (type string). If this does not look like what you expect, quote the entire value to ensure it does not change.&quot;
]
}</system-out>
		</testcase>
		<testcase classname="/root/ansible_collections/cisco/meraki/tests/output/.tmp/integration/meraki_network-gby4m4u5-ÅÑŚÌβŁÈ/tests/integration/targets/meraki_network/tasks/main.yml:446" name="[localhost] meraki: meraki_network : Query after delete with org ID auth_key={{ auth_key }}, state=query, org_name={{test_org_name}}" time="2.733691">
			<system-out>{
&quot;changed&quot;: false,
&quot;data&quot;: [
{
&quot;enrollment_string&quot;: null,
&quot;id&quot;: &quot;L_624874448297663687&quot;,
&quot;name&quot;: &quot;IntTestNetworkCombined&quot;,
&quot;organization_id&quot;: &quot;133277&quot;,
&quot;product_types&quot;: [
&quot;appliance&quot;,
&quot;switch&quot;
],
&quot;tags&quot;: [],
&quot;time_zone&quot;: &quot;America/Chicago&quot;,
&quot;url&quot;: &quot;https://n110.meraki.com/IntTestNetworkCo/n/_jvWicUb/manage/usage/list&quot;
},
{
&quot;enrollment_string&quot;: null,
&quot;id&quot;: &quot;N_624874448297662962&quot;,
&quot;name&quot;: &quot;Home - Wireless&quot;,
&quot;organization_id&quot;: &quot;133277&quot;,
&quot;product_types&quot;: [
&quot;wireless&quot;
],
&quot;tags&quot;: [],
&quot;time_zone&quot;: &quot;America/Chicago&quot;,
&quot;url&quot;: &quot;https://n110.meraki.com/Home-Wireless/n/kO2E_dUb/manage/usage/list&quot;
},
{
&quot;enrollment_string&quot;: null,
&quot;id&quot;: &quot;N_624874448297674947&quot;,
&quot;name&quot;: &quot;Home - SM&quot;,
&quot;organization_id&quot;: &quot;133277&quot;,
&quot;product_types&quot;: [
&quot;systemsManager&quot;
],
&quot;tags&quot;: [],
&quot;time_zone&quot;: &quot;America/Chicago&quot;,
&quot;url&quot;: &quot;https://n110.meraki.com/Home-SM/n/e46GecUb/manage/usage/list&quot;
},
{
&quot;enrollment_string&quot;: null,
&quot;id&quot;: &quot;N_624874448297679182&quot;,
&quot;name&quot;: &quot;TestNet - Appliance&quot;,
&quot;organization_id&quot;: &quot;133277&quot;,
&quot;product_types&quot;: [
&quot;appliance&quot;
],
&quot;tags&quot;: [],
&quot;time_zone&quot;: &quot;America/Los_Angeles&quot;,
&quot;url&quot;: &quot;https://n110.meraki.com/TestNet-Applianc/n/9TIYVdUb/manage/usage/list&quot;
},
{
&quot;enrollment_string&quot;: null,
&quot;id&quot;: &quot;N_624874448297679183&quot;,
&quot;name&quot;: &quot;TestNet - Wireless&quot;,
&quot;organization_id&quot;: &quot;133277&quot;,
&quot;product_types&quot;: [
&quot;wireless&quot;
],
&quot;tags&quot;: [],
&quot;time_zone&quot;: &quot;America/Los_Angeles&quot;,
&quot;url&quot;: &quot;https://n110.meraki.com/TestNet-Wireless/n/78W1_bUb/manage/usage/list&quot;
},
{
&quot;enrollment_string&quot;: null,
&quot;id&quot;: &quot;N_624874448297679371&quot;,
&quot;name&quot;: &quot;Home - Firewall - IPS&quot;,
&quot;organization_id&quot;: &quot;133277&quot;,
&quot;product_types&quot;: [
&quot;appliance&quot;
],
&quot;tags&quot;: [],
&quot;time_zone&quot;: &quot;America/Los_Angeles&quot;,
&quot;url&quot;: &quot;https://n110.meraki.com/Home-Firewall-IP/n/eIQ2PdUb/manage/usage/list&quot;
},
{
&quot;enrollment_string&quot;: null,
&quot;id&quot;: &quot;N_624874448297683434&quot;,
&quot;name&quot;: &quot;Home - Appliance_hub&quot;,
&quot;organization_id&quot;: &quot;133277&quot;,
&quot;product_types&quot;: [
&quot;appliance&quot;
],
&quot;tags&quot;: [],
&quot;time_zone&quot;: &quot;America/Los_Angeles&quot;,
&quot;url&quot;: &quot;https://n110.meraki.com/Home-Appliance_h/n/1tzBXaUb/manage/usage/list&quot;
},
{
&quot;enrollment_string&quot;: null,
&quot;id&quot;: &quot;N_624874448297683435&quot;,
&quot;name&quot;: &quot;Home - Appliance_spoke&quot;,
&quot;organization_id&quot;: &quot;133277&quot;,
&quot;product_types&quot;: [
&quot;appliance&quot;
],
&quot;tags&quot;: [],
&quot;time_zone&quot;: &quot;America/Los_Angeles&quot;,
&quot;url&quot;: &quot;https://n110.meraki.com/Home-Appliance_s/n/O3kNEaUb/manage/usage/list&quot;
},
{
&quot;enrollment_string&quot;: null,
&quot;id&quot;: &quot;N_624874448297683727&quot;,
&quot;name&quot;: &quot;Home - Switch&quot;,
&quot;organization_id&quot;: &quot;133277&quot;,
&quot;product_types&quot;: [
&quot;switch&quot;
],
&quot;tags&quot;: [],
&quot;time_zone&quot;: &quot;America/Chicago&quot;,
&quot;url&quot;: &quot;https://n110.meraki.com/Home-Switch/n/otVEQbUb/manage/usage/list&quot;
},
{
&quot;enrollment_string&quot;: null,
&quot;id&quot;: &quot;N_624874448297684988&quot;,
&quot;name&quot;: &quot;TestNet&quot;,
&quot;organization_id&quot;: &quot;133277&quot;,
&quot;product_types&quot;: [
&quot;switch&quot;
],
&quot;tags&quot;: [],
&quot;time_zone&quot;: &quot;America/Los_Angeles&quot;,
&quot;url&quot;: &quot;https://n110.meraki.com/TestNet/n/d8QMNcUb/manage/usage/list&quot;
},
{
&quot;enrollment_string&quot;: null,
&quot;id&quot;: &quot;N_624874448297684989&quot;,
&quot;name&quot;: &quot;TestNet2&quot;,
&quot;organization_id&quot;: &quot;133277&quot;,
&quot;product_types&quot;: [
&quot;switch&quot;
],
&quot;tags&quot;: [],
&quot;time_zone&quot;: &quot;America/Los_Angeles&quot;,
&quot;url&quot;: &quot;https://n110.meraki.com/TestNet2/n/TnU96dUb/manage/usage/list&quot;
},
{
&quot;enrollment_string&quot;: null,
&quot;id&quot;: &quot;N_624874448297685255&quot;,
&quot;name&quot;: &quot;IntTestNetworkSwitch&quot;,
&quot;organization_id&quot;: &quot;133277&quot;,
&quot;product_types&quot;: [
&quot;switch&quot;
],
&quot;tags&quot;: [],
&quot;time_zone&quot;: &quot;America/Chicago&quot;,
&quot;url&quot;: &quot;https://n110.meraki.com/IntTestNetworkSw/n/TyElcbUb/manage/usage/list&quot;
},
{
&quot;enrollment_string&quot;: null,
&quot;id&quot;: &quot;N_624874448297685257&quot;,
&quot;name&quot;: &quot;IntTestNetworkAppliance&quot;,
&quot;organization_id&quot;: &quot;133277&quot;,
&quot;product_types&quot;: [
&quot;appliance&quot;
],
&quot;tags&quot;: [],
&quot;time_zone&quot;: &quot;America/Los_Angeles&quot;,
&quot;url&quot;: &quot;https://n110.meraki.com/IntTestNetworkAp/n/NOhNcdUb/manage/usage/list&quot;
},
{
&quot;enrollment_string&quot;: null,
&quot;id&quot;: &quot;N_624874448297685258&quot;,
&quot;name&quot;: &quot;IntTestNetworkWireless&quot;,
&quot;organization_id&quot;: &quot;133277&quot;,
&quot;product_types&quot;: [
&quot;wireless&quot;
],
&quot;tags&quot;: [],
&quot;time_zone&quot;: &quot;America/Chicago&quot;,
&quot;url&quot;: &quot;https://n110.meraki.com/IntTestNetworkWi/n/wU6M5aUb/manage/usage/list&quot;
},
{
&quot;enrollment_string&quot;: null,
&quot;id&quot;: &quot;N_624874448297685261&quot;,
&quot;name&quot;: &quot;IntTestNetworkTag&quot;,
&quot;organization_id&quot;: &quot;133277&quot;,
&quot;product_types&quot;: [
&quot;switch&quot;
],
&quot;tags&quot;: [
&quot;first_tag&quot;
],
&quot;time_zone&quot;: &quot;America/Chicago&quot;,
&quot;url&quot;: &quot;https://n110.meraki.com/IntTestNetworkTa/n/Se4ehcUb/manage/usage/list&quot;
},
{
&quot;enrollment_string&quot;: null,
&quot;id&quot;: &quot;N_624874448297685262&quot;,
&quot;name&quot;: &quot;IntTestNetworkTags&quot;,
&quot;organization_id&quot;: &quot;133277&quot;,
&quot;product_types&quot;: [
&quot;switch&quot;
],
&quot;tags&quot;: [
&quot;first_tag&quot;,
&quot;second_tag&quot;,
&quot;third_tag&quot;
],
&quot;time_zone&quot;: &quot;America/Chicago&quot;,
&quot;url&quot;: &quot;https://n110.meraki.com/IntTestNetworkTa/n/px4LaaUb/manage/usage/list&quot;
},
{
&quot;id&quot;: &quot;L_624874448297661409&quot;,
&quot;name&quot;: &quot;AnsibleTemplate&quot;,
&quot;product_types&quot;: [
&quot;appliance&quot;,
&quot;switch&quot;,
&quot;wireless&quot;
],
&quot;time_zone&quot;: &quot;America/Los_Angeles&quot;
}
],
&quot;deprecations&quot;: [
{
&quot;msg&quot;: &quot;Distribution Ubuntu 18.04 on host localhost should use /usr/bin/python3, but is using /usr/bin/python for backward compatibility with prior Ansible releases. A future Ansible release will default to using the discovered platform python for this host. See https://docs.ansible.com/ansible/devel/reference_appendices/interpreter_discovery.html for more information&quot;,
&quot;version&quot;: &quot;2.12&quot;
}
],
&quot;response&quot;: &quot;OK (unknown bytes)&quot;,
&quot;status&quot;: 200
}</system-out>
		</testcase>
		<testcase classname="/root/ansible_collections/cisco/meraki/tests/output/.tmp/integration/meraki_network-gby4m4u5-ÅÑŚÌβŁÈ/tests/integration/targets/meraki_network/tasks/main.yml:454" name="[localhost] meraki: meraki_network : Delete all networks auth_key={{ auth_key }}, state=absent, org_name={{test_org_name}}, net_name={{ item }}" time="25.527546">
			<system-out>{
&quot;changed&quot;: true,
&quot;deprecations&quot;: [
{
&quot;msg&quot;: &quot;Distribution Ubuntu 18.04 on host localhost should use /usr/bin/python3, but is using /usr/bin/python for backward compatibility with prior Ansible releases. A future Ansible release will default to using the discovered platform python for this host. See https://docs.ansible.com/ansible/devel/reference_appendices/interpreter_discovery.html for more information&quot;,
&quot;version&quot;: &quot;2.12&quot;
}
],
&quot;msg&quot;: &quot;All items completed&quot;,
&quot;results&quot;: [
{
&quot;ansible_loop_var&quot;: &quot;item&quot;,
&quot;changed&quot;: true,
&quot;failed&quot;: false,
&quot;invocation&quot;: {
&quot;module_args&quot;: {
&quot;auth_key&quot;: &quot;VALUE_SPECIFIED_IN_NO_LOG_PARAMETER&quot;,
&quot;enable_vlans&quot;: null,
&quot;follow_redirects&quot;: &quot;all&quot;,
&quot;host&quot;: &quot;api.meraki.com&quot;,
&quot;internal_error_retry_time&quot;: 60,
&quot;local_status_page_enabled&quot;: null,
&quot;net_id&quot;: null,
&quot;net_name&quot;: &quot;IntTestNetworkSwitch&quot;,
&quot;org_id&quot;: null,
&quot;org_name&quot;: &quot;kbreit@insight.com&quot;,
&quot;output_format&quot;: &quot;snakecase&quot;,
&quot;output_level&quot;: &quot;normal&quot;,
&quot;protocol&quot;: &quot;https&quot;,
&quot;rate_limit_retry_time&quot;: 165,
&quot;remote_status_page_enabled&quot;: null,
&quot;state&quot;: &quot;absent&quot;,
&quot;tags&quot;: null,
&quot;timeout&quot;: 30,
&quot;timezone&quot;: null,
&quot;type&quot;: null,
&quot;use_https&quot;: true,
&quot;use_proxy&quot;: false,
&quot;validate_certs&quot;: true
}
},
&quot;item&quot;: &quot;IntTestNetworkSwitch&quot;,
&quot;response&quot;: &quot;OK (unknown bytes)&quot;,
&quot;status&quot;: 204
},
{
&quot;ansible_loop_var&quot;: &quot;item&quot;,
&quot;changed&quot;: true,
&quot;failed&quot;: false,
&quot;invocation&quot;: {
&quot;module_args&quot;: {
&quot;auth_key&quot;: &quot;VALUE_SPECIFIED_IN_NO_LOG_PARAMETER&quot;,
&quot;enable_vlans&quot;: null,
&quot;follow_redirects&quot;: &quot;all&quot;,
&quot;host&quot;: &quot;api.meraki.com&quot;,
&quot;internal_error_retry_time&quot;: 60,
&quot;local_status_page_enabled&quot;: null,
&quot;net_id&quot;: null,
&quot;net_name&quot;: &quot;IntTestNetworkWireless&quot;,
&quot;org_id&quot;: null,
&quot;org_name&quot;: &quot;kbreit@insight.com&quot;,
&quot;output_format&quot;: &quot;snakecase&quot;,
&quot;output_level&quot;: &quot;normal&quot;,
&quot;protocol&quot;: &quot;https&quot;,
&quot;rate_limit_retry_time&quot;: 165,
&quot;remote_status_page_enabled&quot;: null,
&quot;state&quot;: &quot;absent&quot;,
&quot;tags&quot;: null,
&quot;timeout&quot;: 30,
&quot;timezone&quot;: null,
&quot;type&quot;: null,
&quot;use_https&quot;: true,
&quot;use_proxy&quot;: false,
&quot;validate_certs&quot;: true
}
},
&quot;item&quot;: &quot;IntTestNetworkWireless&quot;,
&quot;response&quot;: &quot;OK (unknown bytes)&quot;,
&quot;status&quot;: 204
},
{
&quot;ansible_loop_var&quot;: &quot;item&quot;,
&quot;changed&quot;: true,
&quot;failed&quot;: false,
&quot;invocation&quot;: {
&quot;module_args&quot;: {
&quot;auth_key&quot;: &quot;VALUE_SPECIFIED_IN_NO_LOG_PARAMETER&quot;,
&quot;enable_vlans&quot;: null,
&quot;follow_redirects&quot;: &quot;all&quot;,
&quot;host&quot;: &quot;api.meraki.com&quot;,
&quot;internal_error_retry_time&quot;: 60,
&quot;local_status_page_enabled&quot;: null,
&quot;net_id&quot;: null,
&quot;net_name&quot;: &quot;IntTestNetworkAppliance&quot;,
&quot;org_id&quot;: null,
&quot;org_name&quot;: &quot;kbreit@insight.com&quot;,
&quot;output_format&quot;: &quot;snakecase&quot;,
&quot;output_level&quot;: &quot;normal&quot;,
&quot;protocol&quot;: &quot;https&quot;,
&quot;rate_limit_retry_time&quot;: 165,
&quot;remote_status_page_enabled&quot;: null,
&quot;state&quot;: &quot;absent&quot;,
&quot;tags&quot;: null,
&quot;timeout&quot;: 30,
&quot;timezone&quot;: null,
&quot;type&quot;: null,
&quot;use_https&quot;: true,
&quot;use_proxy&quot;: false,
&quot;validate_certs&quot;: true
}
},
&quot;item&quot;: &quot;IntTestNetworkAppliance&quot;,
&quot;response&quot;: &quot;OK (unknown bytes)&quot;,
&quot;status&quot;: 204
},
{
&quot;ansible_loop_var&quot;: &quot;item&quot;,
&quot;changed&quot;: true,
&quot;failed&quot;: false,
&quot;invocation&quot;: {
&quot;module_args&quot;: {
&quot;auth_key&quot;: &quot;VALUE_SPECIFIED_IN_NO_LOG_PARAMETER&quot;,
&quot;enable_vlans&quot;: null,
&quot;follow_redirects&quot;: &quot;all&quot;,
&quot;host&quot;: &quot;api.meraki.com&quot;,
&quot;internal_error_retry_time&quot;: 60,
&quot;local_status_page_enabled&quot;: null,
&quot;net_id&quot;: null,
&quot;net_name&quot;: &quot;IntTestNetworkCombined&quot;,
&quot;org_id&quot;: null,
&quot;org_name&quot;: &quot;kbreit@insight.com&quot;,
&quot;output_format&quot;: &quot;snakecase&quot;,
&quot;output_level&quot;: &quot;normal&quot;,
&quot;protocol&quot;: &quot;https&quot;,
&quot;rate_limit_retry_time&quot;: 165,
&quot;remote_status_page_enabled&quot;: null,
&quot;state&quot;: &quot;absent&quot;,
&quot;tags&quot;: null,
&quot;timeout&quot;: 30,
&quot;timezone&quot;: null,
&quot;type&quot;: null,
&quot;use_https&quot;: true,
&quot;use_proxy&quot;: false,
&quot;validate_certs&quot;: true
}
},
&quot;item&quot;: &quot;IntTestNetworkCombined&quot;,
&quot;response&quot;: &quot;OK (unknown bytes)&quot;,
&quot;status&quot;: 204
},
{
&quot;ansible_loop_var&quot;: &quot;item&quot;,
&quot;changed&quot;: true,
&quot;failed&quot;: false,
&quot;invocation&quot;: {
&quot;module_args&quot;: {
&quot;auth_key&quot;: &quot;VALUE_SPECIFIED_IN_NO_LOG_PARAMETER&quot;,
&quot;enable_vlans&quot;: null,
&quot;follow_redirects&quot;: &quot;all&quot;,
&quot;host&quot;: &quot;api.meraki.com&quot;,
&quot;internal_error_retry_time&quot;: 60,
&quot;local_status_page_enabled&quot;: null,
&quot;net_id&quot;: null,
&quot;net_name&quot;: &quot;IntTestNetworkTag&quot;,
&quot;org_id&quot;: null,
&quot;org_name&quot;: &quot;kbreit@insight.com&quot;,
&quot;output_format&quot;: &quot;snakecase&quot;,
&quot;output_level&quot;: &quot;normal&quot;,
&quot;protocol&quot;: &quot;https&quot;,
&quot;rate_limit_retry_time&quot;: 165,
&quot;remote_status_page_enabled&quot;: null,
&quot;state&quot;: &quot;absent&quot;,
&quot;tags&quot;: null,
&quot;timeout&quot;: 30,
&quot;timezone&quot;: null,
&quot;type&quot;: null,
&quot;use_https&quot;: true,
&quot;use_proxy&quot;: false,
&quot;validate_certs&quot;: true
}
},
&quot;item&quot;: &quot;IntTestNetworkTag&quot;,
&quot;response&quot;: &quot;OK (unknown bytes)&quot;,
&quot;status&quot;: 204
},
{
&quot;ansible_loop_var&quot;: &quot;item&quot;,
&quot;changed&quot;: true,
&quot;failed&quot;: false,
&quot;invocation&quot;: {
&quot;module_args&quot;: {
&quot;auth_key&quot;: &quot;VALUE_SPECIFIED_IN_NO_LOG_PARAMETER&quot;,
&quot;enable_vlans&quot;: null,
&quot;follow_redirects&quot;: &quot;all&quot;,
&quot;host&quot;: &quot;api.meraki.com&quot;,
&quot;internal_error_retry_time&quot;: 60,
&quot;local_status_page_enabled&quot;: null,
&quot;net_id&quot;: null,
&quot;net_name&quot;: &quot;IntTestNetworkTags&quot;,
&quot;org_id&quot;: null,
&quot;org_name&quot;: &quot;kbreit@insight.com&quot;,
&quot;output_format&quot;: &quot;snakecase&quot;,
&quot;output_level&quot;: &quot;normal&quot;,
&quot;protocol&quot;: &quot;https&quot;,
&quot;rate_limit_retry_time&quot;: 165,
&quot;remote_status_page_enabled&quot;: null,
&quot;state&quot;: &quot;absent&quot;,
&quot;tags&quot;: null,
&quot;timeout&quot;: 30,
&quot;timezone&quot;: null,
&quot;type&quot;: null,
&quot;use_https&quot;: true,
&quot;use_proxy&quot;: false,
&quot;validate_certs&quot;: true
}
},
&quot;item&quot;: &quot;IntTestNetworkTags&quot;,
&quot;response&quot;: &quot;OK (unknown bytes)&quot;,
&quot;status&quot;: 204
}
]
}</system-out>
		</testcase>
		<testcase classname="/root/ansible_collections/cisco/meraki/tests/output/.tmp/integration/meraki_network-gby4m4u5-ÅÑŚÌβŁÈ/tests/integration/targets/meraki_network/tasks/main.yml:471" name="[localhost] meraki: meraki_network : assert that=['delete_all_no_org.msg == &quot;org_name or org_id parameters are required&quot;']" time="0.115145">
			<system-out>{
    &quot;changed&quot;: false,
    &quot;msg&quot;: &quot;All assertions passed&quot;
}</system-out>
		</testcase>
	</testsuite>
</testsuites>
