<?xml version="1.0" ?>
<testsuites disabled="0" errors="0" failures="1" tests="5" time="32.86051964759827">
	<testsuite disabled="0" errors="0" failures="1" name="meraki_mx_l2_interface-a4iyuve1" skipped="0" tests="5" time="32.86051964759827">
		<testcase classname="/root/ansible_collections/cisco/meraki/tests/output/.tmp/integration/meraki_mx_l2_interface-a5_cz07j-ÅÑŚÌβŁÈ/tests/integration/targets/meraki_mx_l2_interface/tasks/main.yml:7" name="[localhost] meraki: meraki_mx_l2_interface : Create network with type appliance auth_key={{ auth_key }}, state=present, org_name={{test_org_name}}, net_name={{test_appliance_net_name}}, type=appliance, timezone=America/Chicago" time="6.743699">
			<system-out>{
&quot;changed&quot;: true,
&quot;data&quot;: {
&quot;enrollment_string&quot;: null,
&quot;id&quot;: &quot;N_624874448297687177&quot;,
&quot;name&quot;: &quot;Home - Appliance&quot;,
&quot;notes&quot;: null,
&quot;organization_id&quot;: &quot;133277&quot;,
&quot;product_types&quot;: [
&quot;appliance&quot;
],
&quot;tags&quot;: [],
&quot;time_zone&quot;: &quot;America/Chicago&quot;,
&quot;url&quot;: &quot;https://n110.meraki.com/Home-Appliance/n/I3UQaaUb/manage/usage/list&quot;
},
&quot;deprecations&quot;: [
{
&quot;msg&quot;: &quot;Distribution Ubuntu 18.04 on host localhost should use /usr/bin/python3, but is using /usr/bin/python for backward compatibility with prior Ansible releases. A future Ansible release will default to using the discovered platform python for this host. See https://docs.ansible.com/ansible/2.10/reference_appendices/interpreter_discovery.html for more information&quot;,
&quot;version&quot;: &quot;2.12&quot;
}
],
&quot;response&quot;: &quot;OK (unknown bytes)&quot;,
&quot;status&quot;: 201
}</system-out>
		</testcase>
		<testcase classname="/root/ansible_collections/cisco/meraki/tests/output/.tmp/integration/meraki_mx_l2_interface-a5_cz07j-ÅÑŚÌβŁÈ/tests/integration/targets/meraki_mx_l2_interface/tasks/main.yml:18" name="[localhost] meraki: meraki_mx_l2_interface : Claim a device into a network auth_key={{auth_key}}, org_name={{test_org_name}}, net_name={{test_appliance_net_name}}, serial={{serial_appliance}}, state=present" time="10.903785">
			<system-out>{
&quot;changed&quot;: true,
&quot;data&quot;: [
{}
],
&quot;deprecations&quot;: [
{
&quot;msg&quot;: &quot;Distribution Ubuntu 18.04 on host localhost should use /usr/bin/python3, but is using /usr/bin/python for backward compatibility with prior Ansible releases. A future Ansible release will default to using the discovered platform python for this host. See https://docs.ansible.com/ansible/2.10/reference_appendices/interpreter_discovery.html for more information&quot;,
&quot;version&quot;: &quot;2.12&quot;
}
],
&quot;response&quot;: &quot;OK (unknown bytes)&quot;,
&quot;status&quot;: 200
}</system-out>
		</testcase>
		<testcase classname="/root/ansible_collections/cisco/meraki/tests/output/.tmp/integration/meraki_mx_l2_interface-a5_cz07j-ÅÑŚÌβŁÈ/tests/integration/targets/meraki_mx_l2_interface/tasks/main.yml:27" name="[localhost] meraki: meraki_mx_l2_interface : Query layer 2 interface settings auth_key={{ auth_key }}, org_name={{test_org_name}}, net_name={{test_appliance_net_name}}, state=query" time="0.680409">
			<failure message="Module alias error: unhashable type: 'list'" type="failure">{
&quot;changed&quot;: false,
&quot;deprecations&quot;: [
{
&quot;msg&quot;: &quot;Distribution Ubuntu 18.04 on host localhost should use /usr/bin/python3, but is using /usr/bin/python for backward compatibility with prior Ansible releases. A future Ansible release will default to using the discovered platform python for this host. See https://docs.ansible.com/ansible/2.10/reference_appendices/interpreter_discovery.html for more information&quot;,
&quot;version&quot;: &quot;2.12&quot;
}
],
&quot;msg&quot;: &quot;Module alias error: unhashable type: 'list'&quot;
}</failure>
		</testcase>
		<testcase classname="/root/ansible_collections/cisco/meraki/tests/output/.tmp/integration/meraki_mx_l2_interface-a5_cz07j-ÅÑŚÌβŁÈ/tests/integration/targets/meraki_mx_l2_interface/tasks/main.yml:46" name="[localhost] meraki: meraki_mx_l2_interface : Remove device from network auth_key={{auth_key}}, org_name={{test_org_name}}, net_name={{test_appliance_net_name}}, serial={{serial_appliance}}, state=absent" time="8.072785">
			<system-out>{
&quot;changed&quot;: true,
&quot;deprecations&quot;: [
{
&quot;msg&quot;: &quot;Distribution Ubuntu 18.04 on host localhost should use /usr/bin/python3, but is using /usr/bin/python for backward compatibility with prior Ansible releases. A future Ansible release will default to using the discovered platform python for this host. See https://docs.ansible.com/ansible/2.10/reference_appendices/interpreter_discovery.html for more information&quot;,
&quot;version&quot;: &quot;2.12&quot;
}
],
&quot;response&quot;: &quot;OK (unknown bytes)&quot;,
&quot;status&quot;: 204
}</system-out>
		</testcase>
		<testcase classname="/root/ansible_collections/cisco/meraki/tests/output/.tmp/integration/meraki_mx_l2_interface-a5_cz07j-ÅÑŚÌβŁÈ/tests/integration/targets/meraki_mx_l2_interface/tasks/main.yml:55" name="[localhost] meraki: meraki_mx_l2_interface : Delete network auth_key={{ auth_key }}, state=absent, org_name={{test_org_name}}, net_name={{test_appliance_net_name}}" time="6.459841">
			<system-out>{
&quot;changed&quot;: true,
&quot;deprecations&quot;: [
{
&quot;msg&quot;: &quot;Distribution Ubuntu 18.04 on host localhost should use /usr/bin/python3, but is using /usr/bin/python for backward compatibility with prior Ansible releases. A future Ansible release will default to using the discovered platform python for this host. See https://docs.ansible.com/ansible/2.10/reference_appendices/interpreter_discovery.html for more information&quot;,
&quot;version&quot;: &quot;2.12&quot;
}
],
&quot;response&quot;: &quot;OK (unknown bytes)&quot;,
&quot;status&quot;: 204
}</system-out>
		</testcase>
	</testsuite>
</testsuites>
