<?xml version="1.0" ?>
<testsuites disabled="0" errors="0" failures="2" tests="4" time="7.216555595397949">
	<testsuite disabled="0" errors="0" failures="2" name="meraki_switch_stack-fxrxhp3q" skipped="0" tests="4" time="7.216555595397949">
		<testcase classname="/root/ansible/ansible_collections/cisco/meraki/tests/output/.tmp/integration/meraki_switch_stack-qt7qcesx-ÅÑŚÌβŁÈ/tests/integration/targets/meraki_switch_stack/tasks/main.yml:7" name="[localhost] meraki: meraki_switch_stack : Create new stack auth_key={{ auth_key }}, state=present, org_name={{test_org_name}}, net_name={{test_switch_net_name}}, name=Test stack, serials=['QBSB-BPR6-PRER', 'QBSB-VLNE-E299']" time="4.977188">
			<system-out>{
&quot;ansible_facts&quot;: {
&quot;discovered_interpreter_python&quot;: &quot;/usr/bin/python&quot;
},
&quot;changed&quot;: true,
&quot;data&quot;: {
&quot;id&quot;: &quot;624874448297657098&quot;,
&quot;name&quot;: &quot;Test stack&quot;,
&quot;serials&quot;: [
&quot;QBSB-BPR6-PRER&quot;,
&quot;QBSB-VLNE-E299&quot;
]
},
&quot;deprecations&quot;: [
{
&quot;msg&quot;: &quot;Distribution Ubuntu 18.04 on host localhost should use /usr/bin/python3, but is using /usr/bin/python for backward compatibility with prior Ansible releases. A future Ansible release will default to using the discovered platform python for this host. See https://docs.ansible.com/ansible/2.9/reference_appendices/interpreter_discovery.html for more information&quot;,
&quot;version&quot;: &quot;2.12&quot;
}
],
&quot;response&quot;: &quot;OK (unknown bytes)&quot;,
&quot;status&quot;: 201
}</system-out>
		</testcase>
		<testcase classname="/root/ansible/ansible_collections/cisco/meraki/tests/output/.tmp/integration/meraki_switch_stack-qt7qcesx-ÅÑŚÌβŁÈ/tests/integration/targets/meraki_switch_stack/tasks/main.yml:19" name="[localhost] meraki: meraki_switch_stack : debug var=create" time="0.778131">
			<system-out>{
    &quot;changed&quot;: false,
    &quot;create&quot;: {
        &quot;ansible_facts&quot;: {
            &quot;discovered_interpreter_python&quot;: &quot;/usr/bin/python&quot;
        },
        &quot;changed&quot;: true,
        &quot;data&quot;: {
            &quot;id&quot;: &quot;624874448297657098&quot;,
            &quot;name&quot;: &quot;Test stack&quot;,
            &quot;serials&quot;: [
                &quot;QBSB-BPR6-PRER&quot;,
                &quot;QBSB-VLNE-E299&quot;
            ]
        },
        &quot;deprecations&quot;: [
            {
                &quot;msg&quot;: &quot;Distribution Ubuntu 18.04 on host localhost should use /usr/bin/python3, but is using /usr/bin/python for backward compatibility with prior Ansible releases. A future Ansible release will default to using the discovered platform python for this host. See https://docs.ansible.com/ansible/2.9/reference_appendices/interpreter_discovery.html for more information&quot;,
                &quot;version&quot;: &quot;2.12&quot;
            }
        ],
        &quot;failed&quot;: false,
        &quot;response&quot;: &quot;OK (unknown bytes)&quot;,
        &quot;status&quot;: 201
    }
}</system-out>
		</testcase>
		<testcase classname="/root/ansible/ansible_collections/cisco/meraki/tests/output/.tmp/integration/meraki_switch_stack-qt7qcesx-ÅÑŚÌβŁÈ/tests/integration/targets/meraki_switch_stack/tasks/main.yml:22" name="[localhost] meraki: meraki_switch_stack : set_fact stack_id={{create.data[0].id}}" time="0.741949">
			<failure message="The task includes an option with an undefined variable. The error was: dict object has no element 0

The error appears to be in '/root/ansible/ansible_collections/cisco/meraki/tests/output/.tmp/integration/meraki_switch_stack-qt7qcesx-ÅÑŚÌβŁÈ/tests/integration/targets/meraki_switch_stack/tasks/main.yml': line 22, column 5, but may
be elsewhere in the file depending on the exact syntax problem.

The offending line appears to be:


  - set_fact:
    ^ here
" type="failure">{
&quot;msg&quot;: &quot;The task includes an option with an undefined variable. The error was: dict object has no element 0\n\nThe error appears to be in '/root/ansible/ansible_collections/cisco/meraki/tests/output/.tmp/integration/meraki_switch_stack-qt7qcesx-ÅÑŚÌβŁÈ/tests/integration/targets/meraki_switch_stack/tasks/main.yml': line 22, column 5, but may\nbe elsewhere in the file depending on the exact syntax problem.\n\nThe offending line appears to be:\n\n\n  - set_fact:\n    ^ here\n&quot;
}</failure>
		</testcase>
		<testcase classname="/root/ansible/ansible_collections/cisco/meraki/tests/output/.tmp/integration/meraki_switch_stack-qt7qcesx-ÅÑŚÌβŁÈ/tests/integration/targets/meraki_switch_stack/tasks/main.yml:64" name="[localhost] meraki: meraki_switch_stack : Delete stack auth_key={{ auth_key }}, state=absent, org_name={{test_org_name}}, net_name={{test_switch_net_name}}, stack_id={{stack_id}}" time="0.719288">
			<failure message="The task includes an option with an undefined variable. The error was: 'stack_id' is undefined

The error appears to be in '/root/ansible/ansible_collections/cisco/meraki/tests/output/.tmp/integration/meraki_switch_stack-qt7qcesx-ÅÑŚÌβŁÈ/tests/integration/targets/meraki_switch_stack/tasks/main.yml': line 64, column 5, but may
be elsewhere in the file depending on the exact syntax problem.

The offending line appears to be:

  always:
  - name: Delete stack
    ^ here
" type="failure">{
&quot;msg&quot;: &quot;The task includes an option with an undefined variable. The error was: 'stack_id' is undefined\n\nThe error appears to be in '/root/ansible/ansible_collections/cisco/meraki/tests/output/.tmp/integration/meraki_switch_stack-qt7qcesx-ÅÑŚÌβŁÈ/tests/integration/targets/meraki_switch_stack/tasks/main.yml': line 64, column 5, but may\nbe elsewhere in the file depending on the exact syntax problem.\n\nThe offending line appears to be:\n\n  always:\n  - name: Delete stack\n    ^ here\n&quot;
}</failure>
		</testcase>
	</testsuite>
</testsuites>
