<?xml version="1.0" ?>
<testsuites disabled="0" errors="1" failures="0" tests="3" time="11.624345302581787">
	<testsuite disabled="0" errors="1" failures="0" name="meraki_ms_static_route-8rtba1bl" skipped="0" tests="3" time="11.624345302581787">
		<testcase classname="/root/ansible_collections/cisco/meraki/tests/output/.tmp/integration/meraki_ms_static_route-ugmdw6q1-ÅÑŚÌβŁÈ/tests/integration/targets/meraki_ms_static_route/tasks/main.yml:8" name="[localhost] meraki: meraki_ms_static_route : Create network with type switch auth_key={{ auth_key }}, state=present, org_name={{test_org_name}}, net_name=IntTestNetworkSwitch, type=switch, timezone=America/Chicago" time="4.224633">
			<system-out>{
&quot;changed&quot;: false,
&quot;data&quot;: {
&quot;enrollment_string&quot;: null,
&quot;id&quot;: &quot;N_624874448297685878&quot;,
&quot;name&quot;: &quot;IntTestNetworkSwitch&quot;,
&quot;organization_id&quot;: &quot;133277&quot;,
&quot;product_types&quot;: [
&quot;switch&quot;
],
&quot;tags&quot;: [],
&quot;time_zone&quot;: &quot;America/Chicago&quot;,
&quot;url&quot;: &quot;https://n110.meraki.com/IntTestNetworkSw/n/-WmcmbUb/manage/usage/list&quot;
},
&quot;deprecations&quot;: [
{
&quot;msg&quot;: &quot;Distribution Ubuntu 18.04 on host localhost should use /usr/bin/python3, but is using /usr/bin/python for backward compatibility with prior Ansible releases. A future Ansible release will default to using the discovered platform python for this host. See https://docs.ansible.com/ansible/2.10/reference_appendices/interpreter_discovery.html for more information&quot;,
&quot;version&quot;: &quot;2.12&quot;
}
],
&quot;response&quot;: &quot;OK (unknown bytes)&quot;,
&quot;status&quot;: 200
}</system-out>
		</testcase>
		<testcase classname="/root/ansible_collections/cisco/meraki/tests/output/.tmp/integration/meraki_ms_static_route-ugmdw6q1-ÅÑŚÌβŁÈ/tests/integration/targets/meraki_ms_static_route/tasks/main.yml:19" name="[localhost] meraki: meraki_ms_static_route : Claim a device into a network auth_key={{auth_key}}, org_name={{test_org_name}}, net_name=IntTestNetworkSwitch, serial=QBSB-VLNE-E299, state=present" time="5.912357">
			<system-out>{
&quot;changed&quot;: false,
&quot;data&quot;: {
&quot;address&quot;: &quot;&quot;,
&quot;firmware&quot;: &quot;Not running configured version&quot;,
&quot;floor_plan_id&quot;: null,
&quot;lan_ip&quot;: null,
&quot;lat&quot;: 37.4180951010362,
&quot;lng&quot;: -122.098531723022,
&quot;mac&quot;: &quot;4c:c8:a1:09:00:63&quot;,
&quot;model&quot;: &quot;MS425-32&quot;,
&quot;network_id&quot;: &quot;N_624874448297685878&quot;,
&quot;serial&quot;: &quot;QBSB-VLNE-E299&quot;,
&quot;switch_profile_id&quot;: null,
&quot;tags&quot;: [],
&quot;url&quot;: &quot;https://n110.meraki.com/IntTestNetworkSw/n/-WmcmbUb/manage/nodes/new_list/84424578891875&quot;
},
&quot;deprecations&quot;: [
{
&quot;msg&quot;: &quot;Distribution Ubuntu 18.04 on host localhost should use /usr/bin/python3, but is using /usr/bin/python for backward compatibility with prior Ansible releases. A future Ansible release will default to using the discovered platform python for this host. See https://docs.ansible.com/ansible/2.10/reference_appendices/interpreter_discovery.html for more information&quot;,
&quot;version&quot;: &quot;2.12&quot;
}
],
&quot;response&quot;: &quot;OK (unknown bytes)&quot;,
&quot;status&quot;: 200
}</system-out>
		</testcase>
		<testcase classname="/root/ansible_collections/cisco/meraki/tests/output/.tmp/integration/meraki_ms_static_route-ugmdw6q1-ÅÑŚÌβŁÈ/tests/integration/targets/meraki_ms_static_route/tasks/main.yml:29" name="[localhost] meraki: meraki_ms_static_route : Query all static routes on a switch auth_key={{auth_key}}, state=query, serial=QBSB-VLNE-E299" time="1.487355">
			<error message="NameError: name 'argument_spec' is not defined" type="error">Traceback (most recent call last):
  File &quot;/root/.ansible/tmp/ansible-tmp-1596247882.905913-178-136358727161563/AnsiballZ_meraki_ms_static_route.py&quot;, line 143, in &lt;module&gt;
    _ansiballz_main()
  File &quot;/root/.ansible/tmp/ansible-tmp-1596247882.905913-178-136358727161563/AnsiballZ_meraki_ms_static_route.py&quot;, line 135, in _ansiballz_main
    invoke_module(zipped_mod, temp_path, ANSIBALLZ_PARAMS)
  File &quot;/root/.ansible/tmp/ansible-tmp-1596247882.905913-178-136358727161563/AnsiballZ_meraki_ms_static_route.py&quot;, line 81, in invoke_module
    runpy.run_module(mod_name='ansible_collections.cisco.meraki.plugins.modules.meraki_ms_static_route', init_globals=None, run_name='__main__', alter_sys=True)
  File &quot;/usr/lib/python3.6/runpy.py&quot;, line 205, in run_module
    return _run_module_code(code, init_globals, run_name, mod_spec)
  File &quot;/usr/lib/python3.6/runpy.py&quot;, line 96, in _run_module_code
    mod_name, mod_spec, pkg_name, script_name)
  File &quot;/usr/lib/python3.6/runpy.py&quot;, line 85, in _run_code
    exec(code, run_globals)
  File &quot;/tmp/ansible_meraki_ms_static_route_payload_13o0l_kh/ansible_meraki_ms_static_route_payload.zip/ansible_collections/cisco/meraki/plugins/modules/meraki_ms_static_route.py&quot;, line 197, in &lt;module&gt;
  File &quot;/tmp/ansible_meraki_ms_static_route_payload_13o0l_kh/ansible_meraki_ms_static_route_payload.zip/ansible_collections/cisco/meraki/plugins/modules/meraki_ms_static_route.py&quot;, line 150, in main
NameError: name 'argument_spec' is not defined
</error>
		</testcase>
	</testsuite>
</testsuites>
