<?xml version="1.0" ?>
<testsuites disabled="0" errors="0" failures="2" tests="3" time="0.4442131519317627">
	<testsuite disabled="0" errors="0" failures="2" name="meraki_organization-z3x4jp6m" skipped="1" tests="3" time="0.4442131519317627">
		<testcase classname="/root/ansible_collections/cisco/meraki/tests/output/.tmp/integration/meraki_organization-6l8v390a-ÅÑŚÌβŁÈ/tests/integration/targets/meraki_organization/tasks/tests.yml:7" name="[localhost] meraki: meraki_organization : Test an API key is provided msg=Please define an API key" time="0.101237">
			<skipped message="Conditional result was False" type="skipped"/>
		</testcase>
		<testcase classname="/root/ansible_collections/cisco/meraki/tests/output/.tmp/integration/meraki_organization-6l8v390a-ÅÑŚÌβŁÈ/tests/integration/targets/meraki_organization/tasks/tests.yml:12" name="[localhost] meraki: meraki_organization : Create a new organization named IntTestOrg auth_key={{ auth_key }}, org_name=IntTestOrg, state=present, output_level=debug" time="0.250997">
			<failure message="Unable to import meraki due to invalid syntax" type="failure">{
&quot;msg&quot;: &quot;Unable to import meraki due to invalid syntax&quot;
}</failure>
		</testcase>
		<testcase classname="/root/ansible_collections/cisco/meraki/tests/output/.tmp/integration/meraki_organization-6l8v390a-ÅÑŚÌβŁÈ/tests/integration/targets/meraki_organization/tasks/tests.yml:118" name="[localhost] meraki: meraki_organization : Delete cloned organizations with check mode auth_key={{ auth_key }}, state=absent, org_name=IntTestOrgCloned, delete_confirm={{cloned_net_id}}" time="0.091979">
			<failure message="The task includes an option with an undefined variable. The error was: 'cloned_net_id' is undefined

The error appears to be in '/root/ansible_collections/cisco/meraki/tests/output/.tmp/integration/meraki_organization-6l8v390a-ÅÑŚÌβŁÈ/tests/integration/targets/meraki_organization/tasks/tests.yml': line 118, column 5, but may
be elsewhere in the file depending on the exact syntax problem.

The offending line appears to be:


  - name: Delete cloned organizations with check mode
    ^ here
" type="failure">{
&quot;msg&quot;: &quot;The task includes an option with an undefined variable. The error was: 'cloned_net_id' is undefined\n\nThe error appears to be in '/root/ansible_collections/cisco/meraki/tests/output/.tmp/integration/meraki_organization-6l8v390a-ÅÑŚÌβŁÈ/tests/integration/targets/meraki_organization/tasks/tests.yml': line 118, column 5, but may\nbe elsewhere in the file depending on the exact syntax problem.\n\nThe offending line appears to be:\n\n\n  - name: Delete cloned organizations with check mode\n    ^ here\n&quot;
}</failure>
		</testcase>
	</testsuite>
</testsuites>
