<?xml version="1.0" ?>
<testsuites disabled="0" errors="1" failures="0" tests="17" time="64.09875988960266">
	<testsuite disabled="0" errors="1" failures="0" name="meraki_switch_stack-t3ut7sle" skipped="0" tests="17" time="64.09875988960266">
		<testcase classname="/root/ansible_collections/cisco/meraki/tests/output/.tmp/integration/meraki_switch_stack-nczu409w-ÅÑŚÌβŁÈ/tests/integration/targets/meraki_switch_stack/tasks/main.yml:7" name="[localhost] meraki: meraki_switch_stack : Create network with type switch auth_key={{ auth_key }}, state=present, org_name={{test_org_name}}, net_name={{test_switch_net_name}}, type=switch, timezone=America/Chicago" time="3.152962">
			<system-out>{
&quot;changed&quot;: false,
&quot;data&quot;: {
&quot;enrollment_string&quot;: null,
&quot;id&quot;: &quot;N_624874448297683727&quot;,
&quot;name&quot;: &quot;Home - Switch&quot;,
&quot;organization_id&quot;: &quot;133277&quot;,
&quot;product_types&quot;: [
&quot;switch&quot;
],
&quot;tags&quot;: [],
&quot;time_zone&quot;: &quot;America/Chicago&quot;,
&quot;url&quot;: &quot;https://n110.meraki.com/Home-Switch/n/otVEQbUb/manage/usage/list&quot;
},
&quot;deprecations&quot;: [
{
&quot;msg&quot;: &quot;Distribution Ubuntu 18.04 on host localhost should use /usr/bin/python3, but is using /usr/bin/python for backward compatibility with prior Ansible releases. A future Ansible release will default to using the discovered platform python for this host. See https://docs.ansible.com/ansible/devel/reference_appendices/interpreter_discovery.html for more information&quot;,
&quot;version&quot;: &quot;2.12&quot;
}
],
&quot;response&quot;: &quot;OK (unknown bytes)&quot;,
&quot;status&quot;: 200
}</system-out>
		</testcase>
		<testcase classname="/root/ansible_collections/cisco/meraki/tests/output/.tmp/integration/meraki_switch_stack-nczu409w-ÅÑŚÌβŁÈ/tests/integration/targets/meraki_switch_stack/tasks/main.yml:18" name="[localhost] meraki: meraki_switch_stack : set_fact net_id={{create_net_switch.data.id}}" time="0.097853">
			<system-out>{
&quot;ansible_facts&quot;: {
&quot;net_id&quot;: &quot;N_624874448297683727&quot;
},
&quot;changed&quot;: false
}</system-out>
		</testcase>
		<testcase classname="/root/ansible_collections/cisco/meraki/tests/output/.tmp/integration/meraki_switch_stack-nczu409w-ÅÑŚÌβŁÈ/tests/integration/targets/meraki_switch_stack/tasks/main.yml:21" name="[localhost] meraki: meraki_switch_stack : Claim devices into network auth_key={{auth_key}}, org_name={{test_org_name}}, net_id={{net_id}}, serial={{item}}, state=present" time="9.353971">
			<system-out>{
&quot;changed&quot;: false,
&quot;deprecations&quot;: [
{
&quot;msg&quot;: &quot;Distribution Ubuntu 18.04 on host localhost should use /usr/bin/python3, but is using /usr/bin/python for backward compatibility with prior Ansible releases. A future Ansible release will default to using the discovered platform python for this host. See https://docs.ansible.com/ansible/devel/reference_appendices/interpreter_discovery.html for more information&quot;,
&quot;version&quot;: &quot;2.12&quot;
}
],
&quot;msg&quot;: &quot;All items completed&quot;,
&quot;results&quot;: [
{
&quot;ansible_loop_var&quot;: &quot;item&quot;,
&quot;changed&quot;: false,
&quot;data&quot;: {
&quot;address&quot;: &quot;&quot;,
&quot;firmware&quot;: &quot;Not running configured version&quot;,
&quot;floor_plan_id&quot;: null,
&quot;lan_ip&quot;: null,
&quot;lat&quot;: 37.4180951010362,
&quot;lng&quot;: -122.098531723022,
&quot;mac&quot;: &quot;4c:c8:a1:09:00:1d&quot;,
&quot;model&quot;: &quot;MS425-32&quot;,
&quot;network_id&quot;: &quot;N_624874448297683727&quot;,
&quot;serial&quot;: &quot;QBSB-BPR6-PRER&quot;,
&quot;switch_profile_id&quot;: null,
&quot;tags&quot;: [],
&quot;url&quot;: &quot;https://n110.meraki.com/Home-Switch/n/otVEQbUb/manage/nodes/new_list/84424578891805&quot;
},
&quot;failed&quot;: false,
&quot;invocation&quot;: {
&quot;module_args&quot;: {
&quot;address&quot;: null,
&quot;auth_key&quot;: &quot;VALUE_SPECIFIED_IN_NO_LOG_PARAMETER&quot;,
&quot;follow_redirects&quot;: &quot;all&quot;,
&quot;host&quot;: &quot;api.meraki.com&quot;,
&quot;hostname&quot;: null,
&quot;internal_error_retry_time&quot;: 60,
&quot;lat&quot;: null,
&quot;lldp_cdp_timespan&quot;: null,
&quot;lng&quot;: null,
&quot;model&quot;: null,
&quot;move_map_marker&quot;: null,
&quot;net_id&quot;: &quot;N_624874448297683727&quot;,
&quot;net_name&quot;: null,
&quot;note&quot;: null,
&quot;org_id&quot;: null,
&quot;org_name&quot;: &quot;kbreit@insight.com&quot;,
&quot;output_format&quot;: &quot;snakecase&quot;,
&quot;output_level&quot;: &quot;normal&quot;,
&quot;protocol&quot;: &quot;https&quot;,
&quot;query&quot;: null,
&quot;rate_limit_retry_time&quot;: 165,
&quot;serial&quot;: &quot;QBSB-BPR6-PRER&quot;,
&quot;state&quot;: &quot;present&quot;,
&quot;tags&quot;: null,
&quot;timeout&quot;: 30,
&quot;use_https&quot;: true,
&quot;use_proxy&quot;: false,
&quot;validate_certs&quot;: true
}
},
&quot;item&quot;: &quot;QBSB-BPR6-PRER&quot;,
&quot;response&quot;: &quot;OK (unknown bytes)&quot;,
&quot;status&quot;: 200
},
{
&quot;ansible_loop_var&quot;: &quot;item&quot;,
&quot;changed&quot;: false,
&quot;data&quot;: {
&quot;address&quot;: &quot;&quot;,
&quot;firmware&quot;: &quot;Not running configured version&quot;,
&quot;floor_plan_id&quot;: null,
&quot;lan_ip&quot;: null,
&quot;lat&quot;: 37.4180951010362,
&quot;lng&quot;: -122.098531723022,
&quot;mac&quot;: &quot;4c:c8:a1:09:00:63&quot;,
&quot;model&quot;: &quot;MS425-32&quot;,
&quot;network_id&quot;: &quot;N_624874448297683727&quot;,
&quot;serial&quot;: &quot;QBSB-VLNE-E299&quot;,
&quot;switch_profile_id&quot;: null,
&quot;tags&quot;: [],
&quot;url&quot;: &quot;https://n110.meraki.com/Home-Switch/n/otVEQbUb/manage/nodes/new_list/84424578891875&quot;
},
&quot;failed&quot;: false,
&quot;invocation&quot;: {
&quot;module_args&quot;: {
&quot;address&quot;: null,
&quot;auth_key&quot;: &quot;VALUE_SPECIFIED_IN_NO_LOG_PARAMETER&quot;,
&quot;follow_redirects&quot;: &quot;all&quot;,
&quot;host&quot;: &quot;api.meraki.com&quot;,
&quot;hostname&quot;: null,
&quot;internal_error_retry_time&quot;: 60,
&quot;lat&quot;: null,
&quot;lldp_cdp_timespan&quot;: null,
&quot;lng&quot;: null,
&quot;model&quot;: null,
&quot;move_map_marker&quot;: null,
&quot;net_id&quot;: &quot;N_624874448297683727&quot;,
&quot;net_name&quot;: null,
&quot;note&quot;: null,
&quot;org_id&quot;: null,
&quot;org_name&quot;: &quot;kbreit@insight.com&quot;,
&quot;output_format&quot;: &quot;snakecase&quot;,
&quot;output_level&quot;: &quot;normal&quot;,
&quot;protocol&quot;: &quot;https&quot;,
&quot;query&quot;: null,
&quot;rate_limit_retry_time&quot;: 165,
&quot;serial&quot;: &quot;QBSB-VLNE-E299&quot;,
&quot;state&quot;: &quot;present&quot;,
&quot;tags&quot;: null,
&quot;timeout&quot;: 30,
&quot;use_https&quot;: true,
&quot;use_proxy&quot;: false,
&quot;validate_certs&quot;: true
}
},
&quot;item&quot;: &quot;QBSB-VLNE-E299&quot;,
&quot;response&quot;: &quot;OK (unknown bytes)&quot;,
&quot;status&quot;: 200
}
]
}</system-out>
		</testcase>
		<testcase classname="/root/ansible_collections/cisco/meraki/tests/output/.tmp/integration/meraki_switch_stack-nczu409w-ÅÑŚÌβŁÈ/tests/integration/targets/meraki_switch_stack/tasks/main.yml:34" name="[localhost] meraki: meraki_switch_stack : Create new stack auth_key={{ auth_key }}, state=present, org_name={{test_org_name}}, net_name={{test_switch_net_name}}, name=Test stack, serials=['QBSB-BPR6-PRER', 'QBSB-VLNE-E299']" time="6.147945">
			<system-out>{
&quot;ansible_facts&quot;: {
&quot;discovered_interpreter_python&quot;: &quot;/usr/bin/python&quot;
},
&quot;changed&quot;: true,
&quot;data&quot;: {
&quot;id&quot;: &quot;624874448297657266&quot;,
&quot;name&quot;: &quot;Test stack&quot;,
&quot;serials&quot;: [
&quot;QBSB-BPR6-PRER&quot;,
&quot;QBSB-VLNE-E299&quot;
]
},
&quot;deprecations&quot;: [
{
&quot;msg&quot;: &quot;Distribution Ubuntu 18.04 on host localhost should use /usr/bin/python3, but is using /usr/bin/python for backward compatibility with prior Ansible releases. A future Ansible release will default to using the discovered platform python for this host. See https://docs.ansible.com/ansible/devel/reference_appendices/interpreter_discovery.html for more information&quot;,
&quot;version&quot;: &quot;2.12&quot;
}
],
&quot;response&quot;: &quot;OK (unknown bytes)&quot;,
&quot;status&quot;: 201
}</system-out>
		</testcase>
		<testcase classname="/root/ansible_collections/cisco/meraki/tests/output/.tmp/integration/meraki_switch_stack-nczu409w-ÅÑŚÌβŁÈ/tests/integration/targets/meraki_switch_stack/tasks/main.yml:46" name="[localhost] meraki: meraki_switch_stack : debug var=create" time="0.096276">
			<system-out>{
    &quot;changed&quot;: false,
    &quot;create&quot;: {
        &quot;ansible_facts&quot;: {
            &quot;discovered_interpreter_python&quot;: &quot;/usr/bin/python&quot;
        },
        &quot;changed&quot;: true,
        &quot;data&quot;: {
            &quot;id&quot;: &quot;624874448297657266&quot;,
            &quot;name&quot;: &quot;Test stack&quot;,
            &quot;serials&quot;: [
                &quot;QBSB-BPR6-PRER&quot;,
                &quot;QBSB-VLNE-E299&quot;
            ]
        },
        &quot;deprecations&quot;: [
            {
                &quot;msg&quot;: &quot;Distribution Ubuntu 18.04 on host localhost should use /usr/bin/python3, but is using /usr/bin/python for backward compatibility with prior Ansible releases. A future Ansible release will default to using the discovered platform python for this host. See https://docs.ansible.com/ansible/devel/reference_appendices/interpreter_discovery.html for more information&quot;,
                &quot;version&quot;: &quot;2.12&quot;
            }
        ],
        &quot;failed&quot;: false,
        &quot;response&quot;: &quot;OK (unknown bytes)&quot;,
        &quot;status&quot;: 201
    }
}</system-out>
		</testcase>
		<testcase classname="/root/ansible_collections/cisco/meraki/tests/output/.tmp/integration/meraki_switch_stack-nczu409w-ÅÑŚÌβŁÈ/tests/integration/targets/meraki_switch_stack/tasks/main.yml:49" name="[localhost] meraki: meraki_switch_stack : set_fact stack_id={{create.data.id}}" time="0.095765">
			<system-out>{
&quot;ansible_facts&quot;: {
&quot;stack_id&quot;: &quot;624874448297657266&quot;
},
&quot;changed&quot;: false
}</system-out>
		</testcase>
		<testcase classname="/root/ansible_collections/cisco/meraki/tests/output/.tmp/integration/meraki_switch_stack-nczu409w-ÅÑŚÌβŁÈ/tests/integration/targets/meraki_switch_stack/tasks/main.yml:52" name="[localhost] meraki: meraki_switch_stack : assert that=['create.data is defined', 'create is changed']" time="0.099366">
			<system-out>{
    &quot;changed&quot;: false,
    &quot;msg&quot;: &quot;All assertions passed&quot;
}</system-out>
		</testcase>
		<testcase classname="/root/ansible_collections/cisco/meraki/tests/output/.tmp/integration/meraki_switch_stack-nczu409w-ÅÑŚÌβŁÈ/tests/integration/targets/meraki_switch_stack/tasks/main.yml:57" name="[localhost] meraki: meraki_switch_stack : Add switch to stack auth_key={{ auth_key }}, state=present, org_name={{test_org_name}}, net_name={{test_switch_net_name}}, stack_id={{stack_id}}, serials=['QBSB-D75G-PXCG']" time="6.389333">
			<system-out>{
&quot;changed&quot;: true,
&quot;data&quot;: {
&quot;id&quot;: &quot;624874448297657266&quot;,
&quot;name&quot;: &quot;Test stack&quot;,
&quot;serials&quot;: [
&quot;QBSB-BPR6-PRER&quot;,
&quot;QBSB-VLNE-E299&quot;,
&quot;QBSB-D75G-PXCG&quot;
]
},
&quot;response&quot;: &quot;OK (unknown bytes)&quot;,
&quot;status&quot;: 200
}</system-out>
		</testcase>
		<testcase classname="/root/ansible_collections/cisco/meraki/tests/output/.tmp/integration/meraki_switch_stack-nczu409w-ÅÑŚÌβŁÈ/tests/integration/targets/meraki_switch_stack/tasks/main.yml:68" name="[localhost] meraki: meraki_switch_stack : assert that=['add_stack.data is defined', 'add_stack.data.serials | length == 3', 'add_stack is changed']" time="0.100030">
			<system-out>{
    &quot;changed&quot;: false,
    &quot;msg&quot;: &quot;All assertions passed&quot;
}</system-out>
		</testcase>
		<testcase classname="/root/ansible_collections/cisco/meraki/tests/output/.tmp/integration/meraki_switch_stack-nczu409w-ÅÑŚÌβŁÈ/tests/integration/targets/meraki_switch_stack/tasks/main.yml:74" name="[localhost] meraki: meraki_switch_stack : Add switch to stack idempotent auth_key={{ auth_key }}, state=present, org_name={{test_org_name}}, net_name={{test_switch_net_name}}, stack_id={{stack_id}}, serials=['QBSB-D75G-PXCG']" time="6.233134">
			<system-out>{
&quot;changed&quot;: false,
&quot;data&quot;: {
&quot;id&quot;: &quot;624874448297657266&quot;,
&quot;name&quot;: &quot;Test stack&quot;,
&quot;serials&quot;: [
&quot;QBSB-BPR6-PRER&quot;,
&quot;QBSB-VLNE-E299&quot;,
&quot;QBSB-D75G-PXCG&quot;
]
},
&quot;response&quot;: &quot;OK (unknown bytes)&quot;,
&quot;status&quot;: 200
}</system-out>
		</testcase>
		<testcase classname="/root/ansible_collections/cisco/meraki/tests/output/.tmp/integration/meraki_switch_stack-nczu409w-ÅÑŚÌβŁÈ/tests/integration/targets/meraki_switch_stack/tasks/main.yml:85" name="[localhost] meraki: meraki_switch_stack : assert that=['add_stack_idempotent.data is defined', 'add_stack_idempotent.data.serials | length == 3', 'add_stack_idempotent is not changed']" time="0.098835">
			<system-out>{
    &quot;changed&quot;: false,
    &quot;msg&quot;: &quot;All assertions passed&quot;
}</system-out>
		</testcase>
		<testcase classname="/root/ansible_collections/cisco/meraki/tests/output/.tmp/integration/meraki_switch_stack-nczu409w-ÅÑŚÌβŁÈ/tests/integration/targets/meraki_switch_stack/tasks/main.yml:91" name="[localhost] meraki: meraki_switch_stack : Remove switch from stack auth_key={{ auth_key }}, state=absent, org_name={{test_org_name}}, net_name={{test_switch_net_name}}, stack_id={{stack_id}}, serials=['QBSB-D75G-PXCG']" time="7.874381">
			<system-out>{
&quot;changed&quot;: true,
&quot;data&quot;: {
&quot;id&quot;: &quot;624874448297657266&quot;,
&quot;name&quot;: &quot;Test stack&quot;,
&quot;serials&quot;: [
&quot;QBSB-BPR6-PRER&quot;,
&quot;QBSB-VLNE-E299&quot;
]
},
&quot;response&quot;: &quot;OK (unknown bytes)&quot;,
&quot;status&quot;: 200
}</system-out>
		</testcase>
		<testcase classname="/root/ansible_collections/cisco/meraki/tests/output/.tmp/integration/meraki_switch_stack-nczu409w-ÅÑŚÌβŁÈ/tests/integration/targets/meraki_switch_stack/tasks/main.yml:102" name="[localhost] meraki: meraki_switch_stack : debug var=remove_from_stack" time="0.092607">
			<system-out>{
    &quot;changed&quot;: false,
    &quot;remove_from_stack&quot;: {
        &quot;changed&quot;: true,
        &quot;data&quot;: {
            &quot;id&quot;: &quot;624874448297657266&quot;,
            &quot;name&quot;: &quot;Test stack&quot;,
            &quot;serials&quot;: [
                &quot;QBSB-BPR6-PRER&quot;,
                &quot;QBSB-VLNE-E299&quot;
            ]
        },
        &quot;failed&quot;: false,
        &quot;response&quot;: &quot;OK (unknown bytes)&quot;,
        &quot;status&quot;: 200
    }
}</system-out>
		</testcase>
		<testcase classname="/root/ansible_collections/cisco/meraki/tests/output/.tmp/integration/meraki_switch_stack-nczu409w-ÅÑŚÌβŁÈ/tests/integration/targets/meraki_switch_stack/tasks/main.yml:105" name="[localhost] meraki: meraki_switch_stack : assert that=['remove_from_stack.data is defined', 'remove_from_stack.data.serials | length == 2', 'remove_from_stack is changed']" time="0.100623">
			<system-out>{
    &quot;changed&quot;: false,
    &quot;msg&quot;: &quot;All assertions passed&quot;
}</system-out>
		</testcase>
		<testcase classname="/root/ansible_collections/cisco/meraki/tests/output/.tmp/integration/meraki_switch_stack-nczu409w-ÅÑŚÌβŁÈ/tests/integration/targets/meraki_switch_stack/tasks/main.yml:111" name="[localhost] meraki: meraki_switch_stack : Remove switch from stack idempotent auth_key={{ auth_key }}, state=absent, org_name={{test_org_name}}, net_name={{test_switch_net_name}}, stack_id={{stack_id}}, serials=['QBSB-D75G-PXCG']" time="4.286560">
			<error message="ValueError: list.remove(x): x not in list" type="error">Traceback (most recent call last):
  File &quot;/root/.ansible/tmp/ansible-tmp-1595427124.8166666-332-242988213027294/AnsiballZ_meraki_switch_stack.py&quot;, line 143, in &lt;module&gt;
    _ansiballz_main()
  File &quot;/root/.ansible/tmp/ansible-tmp-1595427124.8166666-332-242988213027294/AnsiballZ_meraki_switch_stack.py&quot;, line 135, in _ansiballz_main
    invoke_module(zipped_mod, temp_path, ANSIBALLZ_PARAMS)
  File &quot;/root/.ansible/tmp/ansible-tmp-1595427124.8166666-332-242988213027294/AnsiballZ_meraki_switch_stack.py&quot;, line 81, in invoke_module
    runpy.run_module(mod_name='ansible_collections.cisco.meraki.plugins.modules.meraki_switch_stack', init_globals=None, run_name='__main__', alter_sys=True)
  File &quot;/usr/lib/python3.6/runpy.py&quot;, line 205, in run_module
    return _run_module_code(code, init_globals, run_name, mod_spec)
  File &quot;/usr/lib/python3.6/runpy.py&quot;, line 96, in _run_module_code
    mod_name, mod_spec, pkg_name, script_name)
  File &quot;/usr/lib/python3.6/runpy.py&quot;, line 85, in _run_code
    exec(code, run_globals)
  File &quot;/tmp/ansible_meraki_switch_stack_payload_9z9_dlvo/ansible_meraki_switch_stack_payload.zip/ansible_collections/cisco/meraki/plugins/modules/meraki_switch_stack.py&quot;, line 276, in &lt;module&gt;
  File &quot;/tmp/ansible_meraki_switch_stack_payload_9z9_dlvo/ansible_meraki_switch_stack_payload.zip/ansible_collections/cisco/meraki/plugins/modules/meraki_switch_stack.py&quot;, line 260, in main
ValueError: list.remove(x): x not in list
</error>
		</testcase>
		<testcase classname="/root/ansible_collections/cisco/meraki/tests/output/.tmp/integration/meraki_switch_stack-nczu409w-ÅÑŚÌβŁÈ/tests/integration/targets/meraki_switch_stack/tasks/main.yml:182" name="[localhost] meraki: meraki_switch_stack : Delete stack auth_key={{ auth_key }}, state=absent, org_name={{test_org_name}}, net_name={{test_switch_net_name}}, stack_id={{stack_id}}" time="8.082372">
			<system-out>{
&quot;changed&quot;: true,
&quot;data&quot;: {},
&quot;response&quot;: &quot;OK (unknown bytes)&quot;,
&quot;status&quot;: 204
}</system-out>
		</testcase>
		<testcase classname="/root/ansible_collections/cisco/meraki/tests/output/.tmp/integration/meraki_switch_stack-nczu409w-ÅÑŚÌβŁÈ/tests/integration/targets/meraki_switch_stack/tasks/main.yml:191" name="[localhost] meraki: meraki_switch_stack : Delete network auth_key={{ auth_key }}, state=absent, org_name={{test_org_name}}, net_name={{test_switch_net_name}}" time="11.796746">
			<system-out>{
&quot;changed&quot;: true,
&quot;response&quot;: &quot;OK (unknown bytes)&quot;,
&quot;status&quot;: 204
}</system-out>
		</testcase>
	</testsuite>
</testsuites>
