<?xml version="1.0" ?>
<testsuites disabled="0" errors="0" failures="2" tests="11" time="21.929636478424072">
	<testsuite disabled="0" errors="0" failures="2" name="meraki_ms_static_route-uoxo760l" skipped="0" tests="11" time="21.929636478424072">
		<testcase classname="/root/ansible_collections/cisco/meraki/tests/output/.tmp/integration/meraki_ms_static_route-0nd01z_g-ÅÑŚÌβŁÈ/tests/integration/targets/meraki_ms_static_route/tasks/main.yml:8" name="[localhost] meraki: meraki_ms_static_route : Create network with type switch auth_key={{ auth_key }}, state=present, org_name={{test_org_name}}, net_name=IntTestNetworkSwitch, type=switch, timezone=America/Chicago" time="3.623793">
			<system-out>{
&quot;changed&quot;: false,
&quot;data&quot;: {
&quot;enrollment_string&quot;: null,
&quot;id&quot;: &quot;N_624874448297686263&quot;,
&quot;name&quot;: &quot;IntTestNetworkSwitch&quot;,
&quot;organization_id&quot;: &quot;133277&quot;,
&quot;product_types&quot;: [
&quot;switch&quot;
],
&quot;tags&quot;: [],
&quot;time_zone&quot;: &quot;America/Chicago&quot;,
&quot;url&quot;: &quot;https://n110.meraki.com/IntTestNetworkSw/n/1YqN_dUb/manage/usage/list&quot;
},
&quot;deprecations&quot;: [
{
&quot;msg&quot;: &quot;Distribution Ubuntu 18.04 on host localhost should use /usr/bin/python3, but is using /usr/bin/python for backward compatibility with prior Ansible releases. A future Ansible release will default to using the discovered platform python for this host. See https://docs.ansible.com/ansible/2.10/reference_appendices/interpreter_discovery.html for more information&quot;,
&quot;version&quot;: &quot;2.12&quot;
}
],
&quot;response&quot;: &quot;OK (unknown bytes)&quot;,
&quot;status&quot;: 200
}</system-out>
		</testcase>
		<testcase classname="/root/ansible_collections/cisco/meraki/tests/output/.tmp/integration/meraki_ms_static_route-0nd01z_g-ÅÑŚÌβŁÈ/tests/integration/targets/meraki_ms_static_route/tasks/main.yml:19" name="[localhost] meraki: meraki_ms_static_route : Claim a device into a network auth_key={{auth_key}}, org_name={{test_org_name}}, net_name=IntTestNetworkSwitch, serial={{ serial_switch_l3 }}, state=present" time="4.854949">
			<system-out>{
&quot;changed&quot;: false,
&quot;data&quot;: {
&quot;address&quot;: &quot;&quot;,
&quot;firmware&quot;: &quot;Not running configured version&quot;,
&quot;floor_plan_id&quot;: null,
&quot;lan_ip&quot;: null,
&quot;lat&quot;: 37.4180951010362,
&quot;lng&quot;: -122.098531723022,
&quot;mac&quot;: &quot;4c:c8:a1:09:00:63&quot;,
&quot;model&quot;: &quot;MS425-32&quot;,
&quot;network_id&quot;: &quot;N_624874448297686263&quot;,
&quot;serial&quot;: &quot;QBSB-VLNE-E299&quot;,
&quot;switch_profile_id&quot;: null,
&quot;tags&quot;: [
&quot;recently-added&quot;
],
&quot;url&quot;: &quot;https://n110.meraki.com/IntTestNetworkSw/n/1YqN_dUb/manage/nodes/new_list/84424578891875&quot;
},
&quot;deprecations&quot;: [
{
&quot;msg&quot;: &quot;Distribution Ubuntu 18.04 on host localhost should use /usr/bin/python3, but is using /usr/bin/python for backward compatibility with prior Ansible releases. A future Ansible release will default to using the discovered platform python for this host. See https://docs.ansible.com/ansible/2.10/reference_appendices/interpreter_discovery.html for more information&quot;,
&quot;version&quot;: &quot;2.12&quot;
}
],
&quot;response&quot;: &quot;OK (unknown bytes)&quot;,
&quot;status&quot;: 200
}</system-out>
		</testcase>
		<testcase classname="/root/ansible_collections/cisco/meraki/tests/output/.tmp/integration/meraki_ms_static_route-0nd01z_g-ÅÑŚÌβŁÈ/tests/integration/targets/meraki_ms_static_route/tasks/main.yml:28" name="[localhost] meraki: meraki_ms_static_route : Query all static routes on a switch auth_key={{auth_key}}, state=query, serial={{ serial_switch_l3 }}" time="2.210624">
			<system-out>{
&quot;changed&quot;: false,
&quot;data&quot;: [],
&quot;deprecations&quot;: [
{
&quot;msg&quot;: &quot;Distribution Ubuntu 18.04 on host localhost should use /usr/bin/python3, but is using /usr/bin/python for backward compatibility with prior Ansible releases. A future Ansible release will default to using the discovered platform python for this host. See https://docs.ansible.com/ansible/2.10/reference_appendices/interpreter_discovery.html for more information&quot;,
&quot;version&quot;: &quot;2.12&quot;
}
],
&quot;response&quot;: &quot;OK (unknown bytes)&quot;,
&quot;status&quot;: 200
}</system-out>
		</testcase>
		<testcase classname="/root/ansible_collections/cisco/meraki/tests/output/.tmp/integration/meraki_ms_static_route-0nd01z_g-ÅÑŚÌβŁÈ/tests/integration/targets/meraki_ms_static_route/tasks/main.yml:36" name="[localhost] meraki: meraki_ms_static_route : Create static route with check mode auth_key={{auth_key}}, state=present, serial={{ serial_switch_l3 }}, name=Test Route, subnet=192.168.17.0/24, next_hop_ip=192.168.2.1" time="1.367218">
			<system-out>{
&quot;changed&quot;: true,
&quot;data&quot;: {
&quot;name&quot;: &quot;Test Route&quot;,
&quot;next_hop_ip&quot;: &quot;192.168.2.1&quot;,
&quot;subnet&quot;: &quot;192.168.17.0/24&quot;
},
&quot;deprecations&quot;: [
{
&quot;msg&quot;: &quot;Distribution Ubuntu 18.04 on host localhost should use /usr/bin/python3, but is using /usr/bin/python for backward compatibility with prior Ansible releases. A future Ansible release will default to using the discovered platform python for this host. See https://docs.ansible.com/ansible/2.10/reference_appendices/interpreter_discovery.html for more information&quot;,
&quot;version&quot;: &quot;2.12&quot;
}
],
&quot;response&quot;: &quot;OK (unknown bytes)&quot;,
&quot;status&quot;: 200
}</system-out>
		</testcase>
		<testcase classname="/root/ansible_collections/cisco/meraki/tests/output/.tmp/integration/meraki_ms_static_route-0nd01z_g-ÅÑŚÌβŁÈ/tests/integration/targets/meraki_ms_static_route/tasks/main.yml:48" name="[localhost] meraki: meraki_ms_static_route : debug var=create_check" time="0.108943">
			<system-out>{
    &quot;changed&quot;: false,
    &quot;create_check&quot;: {
        &quot;changed&quot;: true,
        &quot;data&quot;: {
            &quot;name&quot;: &quot;Test Route&quot;,
            &quot;next_hop_ip&quot;: &quot;192.168.2.1&quot;,
            &quot;subnet&quot;: &quot;192.168.17.0/24&quot;
        },
        &quot;deprecations&quot;: [
            {
                &quot;msg&quot;: &quot;Distribution Ubuntu 18.04 on host localhost should use /usr/bin/python3, but is using /usr/bin/python for backward compatibility with prior Ansible releases. A future Ansible release will default to using the discovered platform python for this host. See https://docs.ansible.com/ansible/2.10/reference_appendices/interpreter_discovery.html for more information&quot;,
                &quot;version&quot;: &quot;2.12&quot;
            }
        ],
        &quot;failed&quot;: false,
        &quot;response&quot;: &quot;OK (unknown bytes)&quot;,
        &quot;status&quot;: 200
    }
}</system-out>
		</testcase>
		<testcase classname="/root/ansible_collections/cisco/meraki/tests/output/.tmp/integration/meraki_ms_static_route-0nd01z_g-ÅÑŚÌβŁÈ/tests/integration/targets/meraki_ms_static_route/tasks/main.yml:51" name="[localhost] meraki: meraki_ms_static_route : assert that=['create_check.data is defined', 'create_check is changed']" time="0.142591">
			<system-out>{
    &quot;changed&quot;: false,
    &quot;msg&quot;: &quot;All assertions passed&quot;
}</system-out>
		</testcase>
		<testcase classname="/root/ansible_collections/cisco/meraki/tests/output/.tmp/integration/meraki_ms_static_route-0nd01z_g-ÅÑŚÌβŁÈ/tests/integration/targets/meraki_ms_static_route/tasks/main.yml:56" name="[localhost] meraki: meraki_ms_static_route : Create l3 interface auth_key={{ auth_key }}, state=present, serial={{ serial_switch_l3 }}, name=Test L3 interface 2, subnet=192.168.17.0/24, default_gateway=192.168.17.1, interface_ip=192.168.17.1, multicast_routing=disabled, vlan_id=11" time="2.971624">
			<system-out>{
&quot;changed&quot;: true,
&quot;data&quot;: {
&quot;default_gateway&quot;: &quot;192.168.17.1&quot;,
&quot;interface_id&quot;: &quot;624874448297660095&quot;,
&quot;interface_ip&quot;: &quot;192.168.17.1&quot;,
&quot;multicast_routing&quot;: &quot;disabled&quot;,
&quot;name&quot;: &quot;Test L3 interface 2&quot;,
&quot;ospf_settings&quot;: {
&quot;area&quot;: &quot;ospfDisabled&quot;
},
&quot;subnet&quot;: &quot;192.168.17.0/24&quot;,
&quot;vlan_id&quot;: 11
},
&quot;deprecations&quot;: [
{
&quot;msg&quot;: &quot;Distribution Ubuntu 18.04 on host localhost should use /usr/bin/python3, but is using /usr/bin/python for backward compatibility with prior Ansible releases. A future Ansible release will default to using the discovered platform python for this host. See https://docs.ansible.com/ansible/2.10/reference_appendices/interpreter_discovery.html for more information&quot;,
&quot;version&quot;: &quot;2.12&quot;
}
],
&quot;response&quot;: &quot;OK (unknown bytes)&quot;,
&quot;status&quot;: 201
}</system-out>
		</testcase>
		<testcase classname="/root/ansible_collections/cisco/meraki/tests/output/.tmp/integration/meraki_ms_static_route-0nd01z_g-ÅÑŚÌβŁÈ/tests/integration/targets/meraki_ms_static_route/tasks/main.yml:85" name="[localhost] meraki: meraki_ms_static_route : Create static route auth_key={{auth_key}}, state=present, serial={{ serial_switch_l3 }}, name=Test Route, subnet=192.168.17.0/24, next_hop_ip=192.168.2.1" time="2.230578">
			<failure message="HTTP error 400 - https://api.meraki.com/api/v1/devices/QBSB-VLNE-E299/switch/routing/staticRoutes - Next hop '192.168.2.1' is not contained in a local subnet" type="failure">{
&quot;changed&quot;: false,
&quot;deprecations&quot;: [
{
&quot;msg&quot;: &quot;Distribution Ubuntu 18.04 on host localhost should use /usr/bin/python3, but is using /usr/bin/python for backward compatibility with prior Ansible releases. A future Ansible release will default to using the discovered platform python for this host. See https://docs.ansible.com/ansible/2.10/reference_appendices/interpreter_discovery.html for more information&quot;,
&quot;version&quot;: &quot;2.12&quot;
}
],
&quot;msg&quot;: &quot;HTTP error 400 - https://api.meraki.com/api/v1/devices/QBSB-VLNE-E299/switch/routing/staticRoutes - Next hop '192.168.2.1' is not contained in a local subnet&quot;,
&quot;response&quot;: &quot;OK (unknown bytes)&quot;,
&quot;status&quot;: 400
}</failure>
		</testcase>
		<testcase classname="/root/ansible_collections/cisco/meraki/tests/output/.tmp/integration/meraki_ms_static_route-0nd01z_g-ÅÑŚÌβŁÈ/tests/integration/targets/meraki_ms_static_route/tasks/main.yml:169" name="[localhost] meraki: meraki_ms_static_route : Delete static route with check mode auth_key={{auth_key}}, state=absent, serial={{ serial_switch_l3 }}, name=Test Route" time="1.514288">
			<system-out>{
&quot;changed&quot;: true,
&quot;data&quot;: {},
&quot;deprecations&quot;: [
{
&quot;msg&quot;: &quot;Distribution Ubuntu 18.04 on host localhost should use /usr/bin/python3, but is using /usr/bin/python for backward compatibility with prior Ansible releases. A future Ansible release will default to using the discovered platform python for this host. See https://docs.ansible.com/ansible/2.10/reference_appendices/interpreter_discovery.html for more information&quot;,
&quot;version&quot;: &quot;2.12&quot;
}
],
&quot;response&quot;: &quot;OK (unknown bytes)&quot;,
&quot;status&quot;: 200
}</system-out>
		</testcase>
		<testcase classname="/root/ansible_collections/cisco/meraki/tests/output/.tmp/integration/meraki_ms_static_route-0nd01z_g-ÅÑŚÌβŁÈ/tests/integration/targets/meraki_ms_static_route/tasks/main.yml:179" name="[localhost] meraki: meraki_ms_static_route : assert that=['delete_check is changed']" time="0.104947">
			<system-out>{
    &quot;changed&quot;: false,
    &quot;msg&quot;: &quot;All assertions passed&quot;
}</system-out>
		</testcase>
		<testcase classname="/root/ansible_collections/cisco/meraki/tests/output/.tmp/integration/meraki_ms_static_route-0nd01z_g-ÅÑŚÌβŁÈ/tests/integration/targets/meraki_ms_static_route/tasks/main.yml:183" name="[localhost] meraki: meraki_ms_static_route : Delete static route auth_key={{auth_key}}, state=absent, serial={{ serial_switch_l3 }}, name=Test Route" time="2.800081">
			<failure message="404" type="failure">{
&quot;changed&quot;: false,
&quot;deprecations&quot;: [
{
&quot;msg&quot;: &quot;Distribution Ubuntu 18.04 on host localhost should use /usr/bin/python3, but is using /usr/bin/python for backward compatibility with prior Ansible releases. A future Ansible release will default to using the discovered platform python for this host. See https://docs.ansible.com/ansible/2.10/reference_appendices/interpreter_discovery.html for more information&quot;,
&quot;version&quot;: &quot;2.12&quot;
}
],
&quot;msg&quot;: 404,
&quot;response&quot;: &quot;OK (unknown bytes)&quot;,
&quot;status&quot;: 404,
&quot;url&quot;: &quot;https://api.meraki.com/api/v1/devices/QBSB-VLNE-E299/switch/routing/staticRoutes/None&quot;
}</failure>
		</testcase>
	</testsuite>
</testsuites>
