<?xml version="1.0" ?>
<testsuites disabled="0" errors="0" failures="1" tests="30" time="49.16946053504944">
	<testsuite disabled="0" errors="0" failures="1" name="meraki_intrusion_prevention-uln6e319" skipped="1" tests="30" time="49.16946053504944">
		<testcase classname="/root/ansible_collections/cisco/meraki/tests/output/.tmp/integration/meraki_intrusion_prevention-uzdtgqbl-ÅÑŚÌβŁÈ/tests/integration/targets/meraki_intrusion_prevention/tasks/tests.yml:7" name="[localhost] meraki: meraki_intrusion_prevention : Test an API key is provided msg=Please define an API key" time="0.098082">
			<skipped message="Conditional result was False" type="skipped"/>
		</testcase>
		<testcase classname="/root/ansible_collections/cisco/meraki/tests/output/.tmp/integration/meraki_intrusion_prevention-uzdtgqbl-ÅÑŚÌβŁÈ/tests/integration/targets/meraki_intrusion_prevention/tasks/tests.yml:12" name="[localhost] meraki: meraki_intrusion_prevention : Create test network auth_key={{auth_key}}, state=present, org_name={{test_org_name}}, net_name={{test_net_name}} - IPS, type=appliance" time="5.222324">
			<system-out>{
&quot;ansible_facts&quot;: {
&quot;discovered_interpreter_python&quot;: &quot;/usr/bin/python&quot;
},
&quot;changed&quot;: true,
&quot;data&quot;: {
&quot;enrollment_string&quot;: null,
&quot;id&quot;: &quot;N_624874448297685356&quot;,
&quot;name&quot;: &quot;Home - Appliance - IPS&quot;,
&quot;organization_id&quot;: &quot;133277&quot;,
&quot;product_types&quot;: [
&quot;appliance&quot;
],
&quot;tags&quot;: [],
&quot;time_zone&quot;: &quot;America/Los_Angeles&quot;,
&quot;url&quot;: &quot;https://n110.meraki.com/Home-Appliance-I/n/7sMpsaUb/manage/usage/list&quot;
},
&quot;deprecations&quot;: [
{
&quot;msg&quot;: &quot;Distribution Ubuntu 18.04 on host localhost should use /usr/bin/python3, but is using /usr/bin/python for backward compatibility with prior Ansible releases. A future Ansible release will default to using the discovered platform python for this host. See https://docs.ansible.com/ansible/devel/reference_appendices/interpreter_discovery.html for more information&quot;,
&quot;version&quot;: &quot;2.12&quot;
}
],
&quot;response&quot;: &quot;OK (unknown bytes)&quot;,
&quot;status&quot;: 201
}</system-out>
		</testcase>
		<testcase classname="/root/ansible_collections/cisco/meraki/tests/output/.tmp/integration/meraki_intrusion_prevention-uzdtgqbl-ÅÑŚÌβŁÈ/tests/integration/targets/meraki_intrusion_prevention/tasks/tests.yml:21" name="[localhost] meraki: meraki_intrusion_prevention : debug var=net" time="0.100785">
			<system-out>{
    &quot;changed&quot;: false,
    &quot;net&quot;: {
        &quot;ansible_facts&quot;: {
            &quot;discovered_interpreter_python&quot;: &quot;/usr/bin/python&quot;
        },
        &quot;changed&quot;: true,
        &quot;data&quot;: {
            &quot;enrollment_string&quot;: null,
            &quot;id&quot;: &quot;N_624874448297685356&quot;,
            &quot;name&quot;: &quot;Home - Appliance - IPS&quot;,
            &quot;organization_id&quot;: &quot;133277&quot;,
            &quot;product_types&quot;: [
                &quot;appliance&quot;
            ],
            &quot;tags&quot;: [],
            &quot;time_zone&quot;: &quot;America/Los_Angeles&quot;,
            &quot;url&quot;: &quot;https://n110.meraki.com/Home-Appliance-I/n/7sMpsaUb/manage/usage/list&quot;
        },
        &quot;deprecations&quot;: [
            {
                &quot;msg&quot;: &quot;Distribution Ubuntu 18.04 on host localhost should use /usr/bin/python3, but is using /usr/bin/python for backward compatibility with prior Ansible releases. A future Ansible release will default to using the discovered platform python for this host. See https://docs.ansible.com/ansible/devel/reference_appendices/interpreter_discovery.html for more information&quot;,
                &quot;version&quot;: &quot;2.12&quot;
            }
        ],
        &quot;failed&quot;: false,
        &quot;response&quot;: &quot;OK (unknown bytes)&quot;,
        &quot;status&quot;: 201
    }
}</system-out>
		</testcase>
		<testcase classname="/root/ansible_collections/cisco/meraki/tests/output/.tmp/integration/meraki_intrusion_prevention-uzdtgqbl-ÅÑŚÌβŁÈ/tests/integration/targets/meraki_intrusion_prevention/tasks/tests.yml:24" name="[localhost] meraki: meraki_intrusion_prevention : Set whitelist for organization in check mode auth_key={{auth_key}}, state=present, org_name={{test_org_name}}, whitelisted_rules=[{'rule_id': 'meraki:intrusion/snort/GID/01/SID/5805', 'message': 'Test rule'}]" time="2.495430">
			<system-out>{
&quot;changed&quot;: true,
&quot;data&quot;: {
&quot;whitelisted_rules&quot;: [
{
&quot;message&quot;: &quot;Test rule&quot;,
&quot;rule_id&quot;: &quot;meraki:intrusion/snort/GID/01/SID/5805&quot;
}
]
},
&quot;response&quot;: &quot;OK (unknown bytes)&quot;,
&quot;status&quot;: 200
}</system-out>
		</testcase>
		<testcase classname="/root/ansible_collections/cisco/meraki/tests/output/.tmp/integration/meraki_intrusion_prevention-uzdtgqbl-ÅÑŚÌβŁÈ/tests/integration/targets/meraki_intrusion_prevention/tasks/tests.yml:35" name="[localhost] meraki: meraki_intrusion_prevention : assert that=['create_org_check is changed', 'create_org_check.data is defined']" time="0.121288">
			<system-out>{
    &quot;changed&quot;: false,
    &quot;msg&quot;: &quot;All assertions passed&quot;
}</system-out>
		</testcase>
		<testcase classname="/root/ansible_collections/cisco/meraki/tests/output/.tmp/integration/meraki_intrusion_prevention-uzdtgqbl-ÅÑŚÌβŁÈ/tests/integration/targets/meraki_intrusion_prevention/tasks/tests.yml:40" name="[localhost] meraki: meraki_intrusion_prevention : Set whitelist for organization auth_key={{auth_key}}, state=present, org_id={{test_org_id}}, whitelisted_rules=[{'rule_id': 'meraki:intrusion/snort/GID/01/SID/5805', 'message': 'Test rule'}]" time="2.508778">
			<system-out>{
&quot;changed&quot;: true,
&quot;data&quot;: {
&quot;whitelisted_rules&quot;: [
{
&quot;message&quot;: &quot;MALWARE-OTHER Trackware myway speedbar runtime detection - switch engines&quot;,
&quot;rule_id&quot;: &quot;meraki:intrusion/snort/GID/01/SID/5805&quot;
}
]
},
&quot;response&quot;: &quot;OK (unknown bytes)&quot;,
&quot;status&quot;: 200,
&quot;warnings&quot;: [
&quot;The value \&quot;auth_key: 133277\&quot; (type int) was converted to \&quot;auth_key: '133277'\&quot; (type string). If this does not look like what you expect, quote the entire value to ensure it does not change.&quot;
]
}</system-out>
		</testcase>
		<testcase classname="/root/ansible_collections/cisco/meraki/tests/output/.tmp/integration/meraki_intrusion_prevention-uzdtgqbl-ÅÑŚÌβŁÈ/tests/integration/targets/meraki_intrusion_prevention/tasks/tests.yml:50" name="[localhost] meraki: meraki_intrusion_prevention : assert that=['create_org is changed', 'create_org.data is defined', 'create_org.data.whitelisted_rules | length == 1']" time="0.106605">
			<system-out>{
    &quot;changed&quot;: false,
    &quot;msg&quot;: &quot;All assertions passed&quot;
}</system-out>
		</testcase>
		<testcase classname="/root/ansible_collections/cisco/meraki/tests/output/.tmp/integration/meraki_intrusion_prevention-uzdtgqbl-ÅÑŚÌβŁÈ/tests/integration/targets/meraki_intrusion_prevention/tasks/tests.yml:56" name="[localhost] meraki: meraki_intrusion_prevention : Set whitelist for organization with idempotency auth_key={{auth_key}}, state=present, org_id={{test_org_id}}, whitelisted_rules=[{'rule_id': 'meraki:intrusion/snort/GID/01/SID/5805', 'message': 'Test rule'}]" time="1.995565">
			<system-out>{
&quot;changed&quot;: false,
&quot;data&quot;: {
&quot;whitelisted_rules&quot;: [
{
&quot;message&quot;: &quot;MALWARE-OTHER Trackware myway speedbar runtime detection - switch engines&quot;,
&quot;rule_id&quot;: &quot;meraki:intrusion/snort/GID/01/SID/5805&quot;
}
]
},
&quot;response&quot;: &quot;OK (unknown bytes)&quot;,
&quot;status&quot;: 200,
&quot;warnings&quot;: [
&quot;The value \&quot;auth_key: 133277\&quot; (type int) was converted to \&quot;auth_key: '133277'\&quot; (type string). If this does not look like what you expect, quote the entire value to ensure it does not change.&quot;
]
}</system-out>
		</testcase>
		<testcase classname="/root/ansible_collections/cisco/meraki/tests/output/.tmp/integration/meraki_intrusion_prevention-uzdtgqbl-ÅÑŚÌβŁÈ/tests/integration/targets/meraki_intrusion_prevention/tasks/tests.yml:66" name="[localhost] meraki: meraki_intrusion_prevention : assert that=['create_org_idempotent is not changed', 'create_org_idempotent.data is defined']" time="0.101593">
			<system-out>{
    &quot;changed&quot;: false,
    &quot;msg&quot;: &quot;All assertions passed&quot;
}</system-out>
		</testcase>
		<testcase classname="/root/ansible_collections/cisco/meraki/tests/output/.tmp/integration/meraki_intrusion_prevention-uzdtgqbl-ÅÑŚÌβŁÈ/tests/integration/targets/meraki_intrusion_prevention/tasks/tests.yml:71" name="[localhost] meraki: meraki_intrusion_prevention : Query IPS info for organization auth_key={{auth_key}}, state=query, org_name={{test_org_name}}" time="2.495569">
			<system-out>{
&quot;changed&quot;: false,
&quot;data&quot;: {
&quot;whitelisted_rules&quot;: [
{
&quot;message&quot;: &quot;MALWARE-OTHER Trackware myway speedbar runtime detection - switch engines&quot;,
&quot;rule_id&quot;: &quot;meraki:intrusion/snort/GID/01/SID/5805&quot;
}
]
},
&quot;response&quot;: &quot;OK (unknown bytes)&quot;,
&quot;status&quot;: 200
}</system-out>
		</testcase>
		<testcase classname="/root/ansible_collections/cisco/meraki/tests/output/.tmp/integration/meraki_intrusion_prevention-uzdtgqbl-ÅÑŚÌβŁÈ/tests/integration/targets/meraki_intrusion_prevention/tasks/tests.yml:78" name="[localhost] meraki: meraki_intrusion_prevention : assert that=['query_org.data.whitelisted_rules is defined']" time="0.117606">
			<system-out>{
    &quot;changed&quot;: false,
    &quot;msg&quot;: &quot;All assertions passed&quot;
}</system-out>
		</testcase>
		<testcase classname="/root/ansible_collections/cisco/meraki/tests/output/.tmp/integration/meraki_intrusion_prevention-uzdtgqbl-ÅÑŚÌβŁÈ/tests/integration/targets/meraki_intrusion_prevention/tasks/tests.yml:82" name="[localhost] meraki: meraki_intrusion_prevention : Set mode to prevention with check mode auth_key={{auth_key}}, state=present, org_name={{test_org_name}}, net_name={{test_net_name}} - IPS, mode=prevention" time="5.415328">
			<system-out>{
&quot;changed&quot;: true,
&quot;data&quot;: {
&quot;mode&quot;: &quot;disabled&quot;
},
&quot;response&quot;: &quot;OK (unknown bytes)&quot;,
&quot;status&quot;: 200
}</system-out>
		</testcase>
		<testcase classname="/root/ansible_collections/cisco/meraki/tests/output/.tmp/integration/meraki_intrusion_prevention-uzdtgqbl-ÅÑŚÌβŁÈ/tests/integration/targets/meraki_intrusion_prevention/tasks/tests.yml:92" name="[localhost] meraki: meraki_intrusion_prevention : assert that=['mode_check is changed', 'mode_check.data is defined']" time="0.098515">
			<system-out>{
    &quot;changed&quot;: false,
    &quot;msg&quot;: &quot;All assertions passed&quot;
}</system-out>
		</testcase>
		<testcase classname="/root/ansible_collections/cisco/meraki/tests/output/.tmp/integration/meraki_intrusion_prevention-uzdtgqbl-ÅÑŚÌβŁÈ/tests/integration/targets/meraki_intrusion_prevention/tasks/tests.yml:97" name="[localhost] meraki: meraki_intrusion_prevention : Set mode to prevention auth_key={{auth_key}}, state=present, org_name={{test_org_name}}, net_name={{test_net_name}} - IPS, mode=prevention" time="5.918427">
			<system-out>{
&quot;changed&quot;: true,
&quot;data&quot;: {
&quot;ids_rulesets&quot;: &quot;balanced&quot;,
&quot;mode&quot;: &quot;prevention&quot;
},
&quot;response&quot;: &quot;OK (unknown bytes)&quot;,
&quot;status&quot;: 200
}</system-out>
		</testcase>
		<testcase classname="/root/ansible_collections/cisco/meraki/tests/output/.tmp/integration/meraki_intrusion_prevention-uzdtgqbl-ÅÑŚÌβŁÈ/tests/integration/targets/meraki_intrusion_prevention/tasks/tests.yml:106" name="[localhost] meraki: meraki_intrusion_prevention : debug var=mode" time="0.096707">
			<system-out>{
    &quot;changed&quot;: false,
    &quot;mode&quot;: {
        &quot;changed&quot;: true,
        &quot;data&quot;: {
            &quot;ids_rulesets&quot;: &quot;balanced&quot;,
            &quot;mode&quot;: &quot;prevention&quot;
        },
        &quot;failed&quot;: false,
        &quot;response&quot;: &quot;OK (unknown bytes)&quot;,
        &quot;status&quot;: 200
    }
}</system-out>
		</testcase>
		<testcase classname="/root/ansible_collections/cisco/meraki/tests/output/.tmp/integration/meraki_intrusion_prevention-uzdtgqbl-ÅÑŚÌβŁÈ/tests/integration/targets/meraki_intrusion_prevention/tasks/tests.yml:109" name="[localhost] meraki: meraki_intrusion_prevention : assert that=['mode is changed', 'mode.data.mode is defined']" time="0.099798">
			<system-out>{
    &quot;changed&quot;: false,
    &quot;msg&quot;: &quot;All assertions passed&quot;
}</system-out>
		</testcase>
		<testcase classname="/root/ansible_collections/cisco/meraki/tests/output/.tmp/integration/meraki_intrusion_prevention-uzdtgqbl-ÅÑŚÌβŁÈ/tests/integration/targets/meraki_intrusion_prevention/tasks/tests.yml:114" name="[localhost] meraki: meraki_intrusion_prevention : Set mode to prevention with idempotency auth_key={{auth_key}}, state=present, org_name={{test_org_name}}, net_name={{test_net_name}} - IPS, mode=prevention" time="5.044536">
			<system-out>{
&quot;changed&quot;: false,
&quot;data&quot;: {
&quot;ids_rulesets&quot;: &quot;balanced&quot;,
&quot;mode&quot;: &quot;prevention&quot;
},
&quot;response&quot;: &quot;OK (unknown bytes)&quot;,
&quot;status&quot;: 200
}</system-out>
		</testcase>
		<testcase classname="/root/ansible_collections/cisco/meraki/tests/output/.tmp/integration/meraki_intrusion_prevention-uzdtgqbl-ÅÑŚÌβŁÈ/tests/integration/targets/meraki_intrusion_prevention/tasks/tests.yml:123" name="[localhost] meraki: meraki_intrusion_prevention : debug var=mode_idempotent" time="0.097390">
			<system-out>{
    &quot;changed&quot;: false,
    &quot;mode_idempotent&quot;: {
        &quot;changed&quot;: false,
        &quot;data&quot;: {
            &quot;ids_rulesets&quot;: &quot;balanced&quot;,
            &quot;mode&quot;: &quot;prevention&quot;
        },
        &quot;failed&quot;: false,
        &quot;response&quot;: &quot;OK (unknown bytes)&quot;,
        &quot;status&quot;: 200
    }
}</system-out>
		</testcase>
		<testcase classname="/root/ansible_collections/cisco/meraki/tests/output/.tmp/integration/meraki_intrusion_prevention-uzdtgqbl-ÅÑŚÌβŁÈ/tests/integration/targets/meraki_intrusion_prevention/tasks/tests.yml:126" name="[localhost] meraki: meraki_intrusion_prevention : assert that=['mode_idempotent is not changed', 'mode_idempotent.data.mode is defined']" time="0.101364">
			<system-out>{
    &quot;changed&quot;: false,
    &quot;msg&quot;: &quot;All assertions passed&quot;
}</system-out>
		</testcase>
		<testcase classname="/root/ansible_collections/cisco/meraki/tests/output/.tmp/integration/meraki_intrusion_prevention-uzdtgqbl-ÅÑŚÌβŁÈ/tests/integration/targets/meraki_intrusion_prevention/tasks/tests.yml:131" name="[localhost] meraki: meraki_intrusion_prevention : Set full ruleset with check mode auth_key={{auth_key}}, state=present, org_name={{test_org_name}}, net_name={{test_net_name}} - IPS, mode=prevention, ids_rulesets=security, protected_networks={'use_default': True, 'included_cidr': ['192.0.1.0/24'], 'excluded_cidr': ['10.0.1.0/24']}" time="4.679347">
			<system-out>{
&quot;changed&quot;: true,
&quot;data&quot;: {
&quot;ids_rulesets&quot;: &quot;balanced&quot;,
&quot;mode&quot;: &quot;prevention&quot;,
&quot;protected_networks&quot;: {
&quot;excluded_cidr&quot;: [
&quot;10.0.1.0/24&quot;
],
&quot;included_cidr&quot;: [
&quot;192.0.1.0/24&quot;
],
&quot;use_default&quot;: true
}
},
&quot;response&quot;: &quot;OK (unknown bytes)&quot;,
&quot;status&quot;: 200
}</system-out>
		</testcase>
		<testcase classname="/root/ansible_collections/cisco/meraki/tests/output/.tmp/integration/meraki_intrusion_prevention-uzdtgqbl-ÅÑŚÌβŁÈ/tests/integration/targets/meraki_intrusion_prevention/tasks/tests.yml:148" name="[localhost] meraki: meraki_intrusion_prevention : debug var=full_check" time="0.098284">
			<system-out>{
    &quot;changed&quot;: false,
    &quot;full_check&quot;: {
        &quot;changed&quot;: true,
        &quot;data&quot;: {
            &quot;ids_rulesets&quot;: &quot;balanced&quot;,
            &quot;mode&quot;: &quot;prevention&quot;,
            &quot;protected_networks&quot;: {
                &quot;excluded_cidr&quot;: [
                    &quot;10.0.1.0/24&quot;
                ],
                &quot;included_cidr&quot;: [
                    &quot;192.0.1.0/24&quot;
                ],
                &quot;use_default&quot;: true
            }
        },
        &quot;failed&quot;: false,
        &quot;response&quot;: &quot;OK (unknown bytes)&quot;,
        &quot;status&quot;: 200
    }
}</system-out>
		</testcase>
		<testcase classname="/root/ansible_collections/cisco/meraki/tests/output/.tmp/integration/meraki_intrusion_prevention-uzdtgqbl-ÅÑŚÌβŁÈ/tests/integration/targets/meraki_intrusion_prevention/tasks/tests.yml:151" name="[localhost] meraki: meraki_intrusion_prevention : assert that=['full_check is changed', 'full_check.data.mode is defined']" time="0.100125">
			<system-out>{
    &quot;changed&quot;: false,
    &quot;msg&quot;: &quot;All assertions passed&quot;
}</system-out>
		</testcase>
		<testcase classname="/root/ansible_collections/cisco/meraki/tests/output/.tmp/integration/meraki_intrusion_prevention-uzdtgqbl-ÅÑŚÌβŁÈ/tests/integration/targets/meraki_intrusion_prevention/tasks/tests.yml:210" name="[localhost] meraki: meraki_intrusion_prevention : Query IPS info for network auth_key={{auth_key}}, state=query, org_name={{test_org_name}}, net_name={{test_net_name}} - IPS" time="3.657621">
			<system-out>{
&quot;changed&quot;: false,
&quot;response&quot;: &quot;OK (unknown bytes)&quot;,
&quot;status&quot;: 200
}</system-out>
		</testcase>
		<testcase classname="/root/ansible_collections/cisco/meraki/tests/output/.tmp/integration/meraki_intrusion_prevention-uzdtgqbl-ÅÑŚÌβŁÈ/tests/integration/targets/meraki_intrusion_prevention/tasks/tests.yml:218" name="[localhost] meraki: meraki_intrusion_prevention : assert that=['query_net is defined']" time="0.095111">
			<system-out>{
    &quot;changed&quot;: false,
    &quot;msg&quot;: &quot;All assertions passed&quot;
}</system-out>
		</testcase>
		<testcase classname="/root/ansible_collections/cisco/meraki/tests/output/.tmp/integration/meraki_intrusion_prevention-uzdtgqbl-ÅÑŚÌβŁÈ/tests/integration/targets/meraki_intrusion_prevention/tasks/tests.yml:222" name="[localhost] meraki: meraki_intrusion_prevention : Test use_default error with included_cidr auth_key={{auth_key}}, state=present, org_name={{test_org_name}}, net_name={{test_net_name}} - IPS, mode=prevention, ids_rulesets=security, protected_networks={'use_default': False, 'excluded_cidr': ['10.0.1.0/24']}" time="0.432824">
			<system-out>{
&quot;changed&quot;: false,
&quot;msg&quot;: &quot;included_cidr is required when use_default is False.&quot;,
&quot;response&quot;: null,
&quot;status&quot;: null
}</system-out>
		</testcase>
		<testcase classname="/root/ansible_collections/cisco/meraki/tests/output/.tmp/integration/meraki_intrusion_prevention-uzdtgqbl-ÅÑŚÌβŁÈ/tests/integration/targets/meraki_intrusion_prevention/tasks/tests.yml:238" name="[localhost] meraki: meraki_intrusion_prevention : assert that=['included_missing.msg == &quot;included_cidr is required when use_default is False.&quot;']" time="0.096560">
			<system-out>{
    &quot;changed&quot;: false,
    &quot;msg&quot;: &quot;All assertions passed&quot;
}</system-out>
		</testcase>
		<testcase classname="/root/ansible_collections/cisco/meraki/tests/output/.tmp/integration/meraki_intrusion_prevention-uzdtgqbl-ÅÑŚÌβŁÈ/tests/integration/targets/meraki_intrusion_prevention/tasks/tests.yml:242" name="[localhost] meraki: meraki_intrusion_prevention : Test use_default error with included_cidr auth_key={{auth_key}}, state=present, org_name={{test_org_name}}, net_name={{test_net_name}} - IPS, mode=prevention, ids_rulesets=security, protected_networks={'use_default': False, 'included_cidr': ['10.0.1.0/24']}" time="0.427627">
			<system-out>{
&quot;changed&quot;: false,
&quot;msg&quot;: &quot;excluded_cidr is required when use_default is False.&quot;,
&quot;response&quot;: null,
&quot;status&quot;: null
}</system-out>
		</testcase>
		<testcase classname="/root/ansible_collections/cisco/meraki/tests/output/.tmp/integration/meraki_intrusion_prevention-uzdtgqbl-ÅÑŚÌβŁÈ/tests/integration/targets/meraki_intrusion_prevention/tasks/tests.yml:258" name="[localhost] meraki: meraki_intrusion_prevention : assert that=['excluded_missing.msg == &quot;excluded_cidr is required when use_default is False.&quot;']" time="0.099971">
			<system-out>{
    &quot;changed&quot;: false,
    &quot;msg&quot;: &quot;All assertions passed&quot;
}</system-out>
		</testcase>
		<testcase classname="/root/ansible_collections/cisco/meraki/tests/output/.tmp/integration/meraki_intrusion_prevention-uzdtgqbl-ÅÑŚÌβŁÈ/tests/integration/targets/meraki_intrusion_prevention/tasks/tests.yml:266" name="[localhost] meraki: meraki_intrusion_prevention : Delete network auth_key={{auth_key}}, state=absent, org_name={{test_org_name}}, net_name={{test_net_name}} - IPS" time="6.800666">
			<system-out>{
&quot;changed&quot;: true,
&quot;response&quot;: &quot;OK (unknown bytes)&quot;,
&quot;status&quot;: 204
}</system-out>
		</testcase>
		<testcase classname="/root/ansible_collections/cisco/meraki/tests/output/.tmp/integration/meraki_intrusion_prevention-uzdtgqbl-ÅÑŚÌβŁÈ/tests/integration/targets/meraki_intrusion_prevention/tasks/tests.yml:274" name="[localhost] meraki: meraki_intrusion_prevention : Clear rules from organization with check mode auth_key={{auth_key}}, state=absent, org_name={{test_org_name}}, whitelisted_rules=[None]" time="0.445634">
			<failure message="Failure when processing no_log parameters. Module invocation will be hidden. Value 'None' in the sub parameter field 'whitelisted_rules' must by a list, not 'NoneType'" type="failure">{
&quot;changed&quot;: false,
&quot;msg&quot;: &quot;Failure when processing no_log parameters. Module invocation will be hidden. Value 'None' in the sub parameter field 'whitelisted_rules' must by a list, not 'NoneType'&quot;
}</failure>
		</testcase>
	</testsuite>
</testsuites>
