<?xml version="1.0" ?>
<testsuites disabled="0" errors="0" failures="1" tests="7" time="11.447402715682983">
	<testsuite disabled="0" errors="0" failures="1" name="meraki_syslog-m1jsrmmc" skipped="1" tests="7" time="11.447402715682983">
		<testcase classname="/root/ansible/ansible_collections/cisco/meraki/tests/output/.tmp/integration/meraki_syslog-vhw0nzz2-ÅÑŚÌβŁÈ/tests/integration/targets/meraki_syslog/tasks/main.yml:7" name="[localhost] meraki: meraki_syslog : Test an API key is provided msg=Please define an API key" time="0.357215">
			<skipped message="Conditional result was False" type="skipped"/>
		</testcase>
		<testcase classname="/root/ansible/ansible_collections/cisco/meraki/tests/output/.tmp/integration/meraki_syslog-vhw0nzz2-ÅÑŚÌβŁÈ/tests/integration/targets/meraki_syslog/tasks/main.yml:12" name="[localhost] meraki: meraki_syslog : set_fact syslog_test_net_name=syslog_{{test_net_name}}" time="0.336857">
			<system-out>{
&quot;ansible_facts&quot;: {
&quot;syslog_test_net_name&quot;: &quot;syslog_Home - Appliance&quot;
},
&quot;changed&quot;: false
}</system-out>
		</testcase>
		<testcase classname="/root/ansible/ansible_collections/cisco/meraki/tests/output/.tmp/integration/meraki_syslog-vhw0nzz2-ÅÑŚÌβŁÈ/tests/integration/targets/meraki_syslog/tasks/main.yml:15" name="[localhost] meraki: meraki_syslog : Create network with type appliance and no timezone auth_key={{ auth_key }}, state=present, org_name={{test_org_name}}, net_name={{test_net_name}}, type=appliance" time="3.176089">
			<system-out>{
&quot;ansible_facts&quot;: {
&quot;discovered_interpreter_python&quot;: &quot;/usr/bin/python&quot;
},
&quot;changed&quot;: false,
&quot;data&quot;: {
&quot;disable_my_meraki_com&quot;: false,
&quot;disable_remote_status_page&quot;: true,
&quot;id&quot;: &quot;N_624874448297682319&quot;,
&quot;name&quot;: &quot;Home - Appliance&quot;,
&quot;organization_id&quot;: &quot;133277&quot;,
&quot;product_types&quot;: [
&quot;appliance&quot;
],
&quot;tags&quot;: null,
&quot;time_zone&quot;: &quot;America/Los_Angeles&quot;,
&quot;type&quot;: &quot;appliance&quot;
},
&quot;deprecations&quot;: [
{
&quot;msg&quot;: &quot;Distribution Ubuntu 18.04 on host localhost should use /usr/bin/python3, but is using /usr/bin/python for backward compatibility with prior Ansible releases. A future Ansible release will default to using the discovered platform python for this host. See https://docs.ansible.com/ansible/2.9/reference_appendices/interpreter_discovery.html for more information&quot;,
&quot;version&quot;: &quot;2.12&quot;
}
],
&quot;response&quot;: &quot;OK (unknown bytes)&quot;,
&quot;status&quot;: 200
}</system-out>
		</testcase>
		<testcase classname="/root/ansible/ansible_collections/cisco/meraki/tests/output/.tmp/integration/meraki_syslog-vhw0nzz2-ÅÑŚÌβŁÈ/tests/integration/targets/meraki_syslog/tasks/main.yml:25" name="[localhost] meraki: meraki_syslog : set_fact net_id={{new_net.data.id}}" time="0.366194">
			<system-out>{
&quot;ansible_facts&quot;: {
&quot;net_id&quot;: &quot;N_624874448297682319&quot;
},
&quot;changed&quot;: false
}</system-out>
		</testcase>
		<testcase classname="/root/ansible/ansible_collections/cisco/meraki/tests/output/.tmp/integration/meraki_syslog-vhw0nzz2-ÅÑŚÌβŁÈ/tests/integration/targets/meraki_syslog/tasks/main.yml:116" name="[localhost] meraki: meraki_syslog : Create syslog server with bad name auth_key={{auth_key}}, org_name={{test_org_name}}, net_name={{test_net_name}}, state=present, servers=[{'host': '192.0.1.6', 'port': 514, 'roles': ['Invalid role']}]" time="6.491782">
			<system-out>{
&quot;changed&quot;: false,
&quot;msg&quot;: &quot;HTTP error 400 - https://api.meraki.com/api/v0/networks/N_624874448297682319/syslogServers - {'errors': ['Please select at least one valid role for 192.0.1.6 514']}&quot;,
&quot;response&quot;: &quot;HTTP Error 400: Bad Request&quot;,
&quot;status&quot;: 400
}</system-out>
		</testcase>
		<testcase classname="/root/ansible/ansible_collections/cisco/meraki/tests/output/.tmp/integration/meraki_syslog-vhw0nzz2-ÅÑŚÌβŁÈ/tests/integration/targets/meraki_syslog/tasks/main.yml:131" name="[localhost] meraki: meraki_syslog : debug msg={{invalid_role}}" time="0.361523">
			<system-out>{
    &quot;changed&quot;: false,
    &quot;msg&quot;: {
        &quot;changed&quot;: false,
        &quot;failed&quot;: true,
        &quot;msg&quot;: &quot;HTTP error 400 - https://api.meraki.com/api/v0/networks/N_624874448297682319/syslogServers - {'errors': ['Please select at least one valid role for 192.0.1.6 514']}&quot;,
        &quot;response&quot;: &quot;HTTP Error 400: Bad Request&quot;,
        &quot;status&quot;: 400
    }
}</system-out>
		</testcase>
		<testcase classname="/root/ansible/ansible_collections/cisco/meraki/tests/output/.tmp/integration/meraki_syslog-vhw0nzz2-ÅÑŚÌβŁÈ/tests/integration/targets/meraki_syslog/tasks/main.yml:134" name="[localhost] meraki: meraki_syslog : assert that=['&quot;Please select at least one valid role&quot; in invalid_role.body.errors.0']" time="0.357743">
			<failure message="The conditional check '&quot;Please select at least one valid role&quot; in invalid_role.body.errors.0' failed. The error was: error while evaluating conditional (&quot;Please select at least one valid role&quot; in invalid_role.body.errors.0): Unable to look up a name or access an attribute in template string ({% if &quot;Please select at least one valid role&quot; in invalid_role.body.errors.0 %} True {% else %} False {% endif %}).
Make sure your variable name does not contain invalid characters like '-': argument of type 'AnsibleUndefined' is not iterable" type="failure">{
&quot;msg&quot;: &quot;The conditional check '\&quot;Please select at least one valid role\&quot; in invalid_role.body.errors.0' failed. The error was: error while evaluating conditional (\&quot;Please select at least one valid role\&quot; in invalid_role.body.errors.0): Unable to look up a name or access an attribute in template string ({% if \&quot;Please select at least one valid role\&quot; in invalid_role.body.errors.0 %} True {% else %} False {% endif %}).\nMake sure your variable name does not contain invalid characters like '-': argument of type 'AnsibleUndefined' is not iterable&quot;
}</failure>
		</testcase>
	</testsuite>
</testsuites>
