<?xml version="1.0" ?>
<testsuites disabled="0" errors="0" failures="2" tests="2" time="0.2607133388519287">
	<testsuite disabled="0" errors="0" failures="2" name="meraki_switch_stack-_hut0oyx" skipped="0" tests="2" time="0.2607133388519287">
		<testcase classname="/root/ansible_collections/cisco/meraki/tests/output/.tmp/integration/meraki_switch_stack-5m4vufm9-ÅÑŚÌβŁÈ/tests/integration/targets/meraki_switch_stack/tasks/main.yml:77" name="[localhost] meraki: meraki_switch_stack : Add switch to stack idempotent auth_key={{ auth_key }}, state=present, org_name={{test_org_name}}, net_name={{test_switch_net_name}}, stack_id={{stack_id}}, serials=['QBSB-D75G-PXCG']" time="0.140679">
			<failure message="The task includes an option with an undefined variable. The error was: 'stack_id' is undefined

The error appears to be in '/root/ansible_collections/cisco/meraki/tests/output/.tmp/integration/meraki_switch_stack-5m4vufm9-ÅÑŚÌβŁÈ/tests/integration/targets/meraki_switch_stack/tasks/main.yml': line 77, column 5, but may
be elsewhere in the file depending on the exact syntax problem.

The offending line appears to be:


  - name: Add switch to stack idempotent
    ^ here
" type="failure">{
&quot;msg&quot;: &quot;The task includes an option with an undefined variable. The error was: 'stack_id' is undefined\n\nThe error appears to be in '/root/ansible_collections/cisco/meraki/tests/output/.tmp/integration/meraki_switch_stack-5m4vufm9-ÅÑŚÌβŁÈ/tests/integration/targets/meraki_switch_stack/tasks/main.yml': line 77, column 5, but may\nbe elsewhere in the file depending on the exact syntax problem.\n\nThe offending line appears to be:\n\n\n  - name: Add switch to stack idempotent\n    ^ here\n&quot;
}</failure>
		</testcase>
		<testcase classname="/root/ansible_collections/cisco/meraki/tests/output/.tmp/integration/meraki_switch_stack-5m4vufm9-ÅÑŚÌβŁÈ/tests/integration/targets/meraki_switch_stack/tasks/main.yml:188" name="[localhost] meraki: meraki_switch_stack : Delete stack auth_key={{ auth_key }}, state=absent, org_name={{test_org_name}}, net_name={{test_switch_net_name}}, stack_id={{stack_id}}" time="0.120034">
			<failure message="The task includes an option with an undefined variable. The error was: 'stack_id' is undefined

The error appears to be in '/root/ansible_collections/cisco/meraki/tests/output/.tmp/integration/meraki_switch_stack-5m4vufm9-ÅÑŚÌβŁÈ/tests/integration/targets/meraki_switch_stack/tasks/main.yml': line 188, column 5, but may
be elsewhere in the file depending on the exact syntax problem.

The offending line appears to be:

  always:
  - name: Delete stack
    ^ here
" type="failure">{
&quot;msg&quot;: &quot;The task includes an option with an undefined variable. The error was: 'stack_id' is undefined\n\nThe error appears to be in '/root/ansible_collections/cisco/meraki/tests/output/.tmp/integration/meraki_switch_stack-5m4vufm9-ÅÑŚÌβŁÈ/tests/integration/targets/meraki_switch_stack/tasks/main.yml': line 188, column 5, but may\nbe elsewhere in the file depending on the exact syntax problem.\n\nThe offending line appears to be:\n\n  always:\n  - name: Delete stack\n    ^ here\n&quot;
}</failure>
		</testcase>
	</testsuite>
</testsuites>
