<?xml version="1.0" ?>
<testsuites disabled="0" errors="1" failures="0" tests="3" time="17.222426891326904">
	<testsuite disabled="0" errors="1" failures="0" name="meraki_mr_rf_profile-ajea5yc_" skipped="0" tests="3" time="17.222426891326904">
		<testcase classname="/root/ansible_collections/cisco/meraki/tests/output/.tmp/integration/meraki_mr_rf_profile-n896hrrd-ÅÑŚÌβŁÈ/tests/integration/targets/meraki_mr_rf_profile/tasks/main.yml:7" name="[localhost] meraki: meraki_mr_rf_profile : Create network with type wireless auth_key={{ auth_key }}, state=present, org_name={{test_org_name}}, net_name=IntTestNetworkWireless, type=wireless, timezone=America/Chicago" time="4.770697">
			<system-out>{
&quot;changed&quot;: true,
&quot;data&quot;: {
&quot;enrollment_string&quot;: null,
&quot;id&quot;: &quot;N_624874448297686290&quot;,
&quot;name&quot;: &quot;IntTestNetworkWireless&quot;,
&quot;organization_id&quot;: &quot;133277&quot;,
&quot;product_types&quot;: [
&quot;wireless&quot;
],
&quot;tags&quot;: [],
&quot;time_zone&quot;: &quot;America/Chicago&quot;,
&quot;url&quot;: &quot;https://n110.meraki.com/IntTestNetworkWi/n/HJJCAbUb/manage/usage/list&quot;
},
&quot;deprecations&quot;: [
{
&quot;msg&quot;: &quot;Distribution Ubuntu 18.04 on host localhost should use /usr/bin/python3, but is using /usr/bin/python for backward compatibility with prior Ansible releases. A future Ansible release will default to using the discovered platform python for this host. See https://docs.ansible.com/ansible/2.10/reference_appendices/interpreter_discovery.html for more information&quot;,
&quot;version&quot;: &quot;2.12&quot;
}
],
&quot;response&quot;: &quot;OK (unknown bytes)&quot;,
&quot;status&quot;: 201
}</system-out>
		</testcase>
		<testcase classname="/root/ansible_collections/cisco/meraki/tests/output/.tmp/integration/meraki_mr_rf_profile-n896hrrd-ÅÑŚÌβŁÈ/tests/integration/targets/meraki_mr_rf_profile/tasks/main.yml:17" name="[localhost] meraki: meraki_mr_rf_profile : Query all RF profiles auth_key={{ auth_key }}, org_name={{test_org_name}}, net_name=IntTestNetworkWireless, state=query" time="0.705845">
			<error message="NameError: name 'radius_arg_spec' is not defined" type="error">Traceback (most recent call last):
  File &quot;/root/.ansible/tmp/ansible-tmp-1598450845.9013295-142-123196727704631/AnsiballZ_meraki_mr_rf_profile.py&quot;, line 143, in &lt;module&gt;
    _ansiballz_main()
  File &quot;/root/.ansible/tmp/ansible-tmp-1598450845.9013295-142-123196727704631/AnsiballZ_meraki_mr_rf_profile.py&quot;, line 135, in _ansiballz_main
    invoke_module(zipped_mod, temp_path, ANSIBALLZ_PARAMS)
  File &quot;/root/.ansible/tmp/ansible-tmp-1598450845.9013295-142-123196727704631/AnsiballZ_meraki_mr_rf_profile.py&quot;, line 81, in invoke_module
    runpy.run_module(mod_name='ansible_collections.cisco.meraki.plugins.modules.meraki_mr_rf_profile', init_globals=None, run_name='__main__', alter_sys=True)
  File &quot;/usr/lib/python3.6/runpy.py&quot;, line 205, in run_module
    return _run_module_code(code, init_globals, run_name, mod_spec)
  File &quot;/usr/lib/python3.6/runpy.py&quot;, line 96, in _run_module_code
    mod_name, mod_spec, pkg_name, script_name)
  File &quot;/usr/lib/python3.6/runpy.py&quot;, line 85, in _run_code
    exec(code, run_globals)
  File &quot;/tmp/ansible_meraki_mr_rf_profile_payload_2b_h0xo8/ansible_meraki_mr_rf_profile_payload.zip/ansible_collections/cisco/meraki/plugins/modules/meraki_mr_rf_profile.py&quot;, line 226, in &lt;module&gt;
  File &quot;/tmp/ansible_meraki_mr_rf_profile_payload_2b_h0xo8/ansible_meraki_mr_rf_profile_payload.zip/ansible_collections/cisco/meraki/plugins/modules/meraki_mr_rf_profile.py&quot;, line 164, in main
NameError: name 'radius_arg_spec' is not defined
</error>
		</testcase>
		<testcase classname="/root/ansible_collections/cisco/meraki/tests/output/.tmp/integration/meraki_mr_rf_profile-n896hrrd-ÅÑŚÌβŁÈ/tests/integration/targets/meraki_mr_rf_profile/tasks/main.yml:96" name="[localhost] meraki: meraki_mr_rf_profile : Delete network auth_key={{ auth_key }}, state=absent, org_name={{test_org_name}}, net_name=IntTestNetworkWireless" time="11.745885">
			<system-out>{
&quot;changed&quot;: true,
&quot;deprecations&quot;: [
{
&quot;msg&quot;: &quot;Distribution Ubuntu 18.04 on host localhost should use /usr/bin/python3, but is using /usr/bin/python for backward compatibility with prior Ansible releases. A future Ansible release will default to using the discovered platform python for this host. See https://docs.ansible.com/ansible/2.10/reference_appendices/interpreter_discovery.html for more information&quot;,
&quot;version&quot;: &quot;2.12&quot;
}
],
&quot;response&quot;: &quot;OK (unknown bytes)&quot;,
&quot;status&quot;: 204
}</system-out>
		</testcase>
	</testsuite>
</testsuites>
