<?xml version="1.0" ?>
<testsuites disabled="0" errors="0" failures="1" tests="10" time="13.076614618301392">
	<testsuite disabled="0" errors="0" failures="1" name="meraki_switchport-gsa1v56j" skipped="0" tests="10" time="13.076614618301392">
		<testcase classname="/root/ansible_collections/cisco/meraki/tests/output/.tmp/integration/meraki_switchport-ts3qsono-ÅÑŚÌβŁÈ/tests/integration/targets/meraki_switchport/tasks/main.yml:128" name="[localhost] meraki: meraki_switchport : Configure access port auth_key={{auth_key}}, state=present, serial={{ serial_switch }}, number=7, enabled=True, name=Test Port, tags=desktop, type=access, vlan=10" time="3.127155">
			<system-out>{
&quot;changed&quot;: true,
&quot;data&quot;: {
&quot;access_policy_type&quot;: &quot;Open&quot;,
&quot;allowed_vlans&quot;: &quot;all&quot;,
&quot;enabled&quot;: true,
&quot;isolation_enabled&quot;: false,
&quot;link_negotiation&quot;: &quot;Auto negotiate&quot;,
&quot;name&quot;: &quot;Test Port&quot;,
&quot;poe_enabled&quot;: true,
&quot;port_id&quot;: &quot;7&quot;,
&quot;port_schedule_id&quot;: null,
&quot;rstp_enabled&quot;: true,
&quot;stp_guard&quot;: &quot;disabled&quot;,
&quot;tags&quot;: [
&quot;desktop&quot;
],
&quot;type&quot;: &quot;access&quot;,
&quot;udld&quot;: &quot;Alert only&quot;,
&quot;vlan&quot;: 10,
&quot;voice_vlan&quot;: 11
},
&quot;deprecations&quot;: [
{
&quot;msg&quot;: &quot;Distribution Ubuntu 18.04 on host localhost should use /usr/bin/python3, but is using /usr/bin/python for backward compatibility with prior Ansible releases. A future Ansible release will default to using the discovered platform python for this host. See https://docs.ansible.com/ansible/devel/reference_appendices/interpreter_discovery.html for more information&quot;,
&quot;version&quot;: &quot;2.12&quot;
}
],
&quot;response&quot;: &quot;OK (unknown bytes)&quot;,
&quot;status&quot;: 200,
&quot;warnings&quot;: [
&quot;The value \&quot;auth_key: 7\&quot; (type int) was converted to \&quot;auth_key: '7'\&quot; (type string). If this does not look like what you expect, quote the entire value to ensure it does not change.&quot;
]
}</system-out>
		</testcase>
		<testcase classname="/root/ansible_collections/cisco/meraki/tests/output/.tmp/integration/meraki_switchport-ts3qsono-ÅÑŚÌβŁÈ/tests/integration/targets/meraki_switchport/tasks/main.yml:142" name="[localhost] meraki: meraki_switchport : debug msg={{update_access_port}}" time="0.129723">
			<system-out>{
    &quot;changed&quot;: false,
    &quot;msg&quot;: {
        &quot;changed&quot;: true,
        &quot;data&quot;: {
            &quot;access_policy_type&quot;: &quot;Open&quot;,
            &quot;allowed_vlans&quot;: &quot;all&quot;,
            &quot;enabled&quot;: true,
            &quot;isolation_enabled&quot;: false,
            &quot;link_negotiation&quot;: &quot;Auto negotiate&quot;,
            &quot;name&quot;: &quot;Test Port&quot;,
            &quot;poe_enabled&quot;: true,
            &quot;port_id&quot;: &quot;7&quot;,
            &quot;port_schedule_id&quot;: null,
            &quot;rstp_enabled&quot;: true,
            &quot;stp_guard&quot;: &quot;disabled&quot;,
            &quot;tags&quot;: [
                &quot;desktop&quot;
            ],
            &quot;type&quot;: &quot;access&quot;,
            &quot;udld&quot;: &quot;Alert only&quot;,
            &quot;vlan&quot;: 10,
            &quot;voice_vlan&quot;: 11
        },
        &quot;deprecations&quot;: [
            {
                &quot;msg&quot;: &quot;Distribution Ubuntu 18.04 on host localhost should use /usr/bin/python3, but is using /usr/bin/python for backward compatibility with prior Ansible releases. A future Ansible release will default to using the discovered platform python for this host. See https://docs.ansible.com/ansible/devel/reference_appendices/interpreter_discovery.html for more information&quot;,
                &quot;version&quot;: &quot;2.12&quot;
            }
        ],
        &quot;failed&quot;: false,
        &quot;response&quot;: &quot;OK (unknown bytes)&quot;,
        &quot;status&quot;: 200,
        &quot;warnings&quot;: [
            &quot;The value \&quot;auth_key: 7\&quot; (type int) was converted to \&quot;auth_key: '7'\&quot; (type string). If this does not look like what you expect, quote the entire value to ensure it does not change.&quot;
        ]
    }
}</system-out>
		</testcase>
		<testcase classname="/root/ansible_collections/cisco/meraki/tests/output/.tmp/integration/meraki_switchport-ts3qsono-ÅÑŚÌβŁÈ/tests/integration/targets/meraki_switchport/tasks/main.yml:145" name="[localhost] meraki: meraki_switchport : assert that=['update_access_port.data.vlan == 10']" time="0.128087">
			<system-out>{
    &quot;changed&quot;: false,
    &quot;msg&quot;: &quot;All assertions passed&quot;
}</system-out>
		</testcase>
		<testcase classname="/root/ansible_collections/cisco/meraki/tests/output/.tmp/integration/meraki_switchport-ts3qsono-ÅÑŚÌβŁÈ/tests/integration/targets/meraki_switchport/tasks/main.yml:149" name="[localhost] meraki: meraki_switchport : Configure port as trunk auth_key={{auth_key}}, state=present, serial={{ serial_switch }}, number=8, enabled=True, name=Test Port, type=trunk, vlan=10, allowed_vlans=10, 100, 200" time="3.289055">
			<system-out>{
&quot;changed&quot;: true,
&quot;data&quot;: {
&quot;allowed_vlans&quot;: &quot;10,100,200&quot;,
&quot;enabled&quot;: true,
&quot;isolation_enabled&quot;: false,
&quot;link_negotiation&quot;: &quot;Auto negotiate&quot;,
&quot;name&quot;: &quot;Test Port&quot;,
&quot;poe_enabled&quot;: true,
&quot;port_id&quot;: &quot;8&quot;,
&quot;port_schedule_id&quot;: null,
&quot;rstp_enabled&quot;: true,
&quot;stp_guard&quot;: &quot;disabled&quot;,
&quot;tags&quot;: [],
&quot;type&quot;: &quot;trunk&quot;,
&quot;udld&quot;: &quot;Alert only&quot;,
&quot;vlan&quot;: 10,
&quot;voice_vlan&quot;: null
},
&quot;deprecations&quot;: [
{
&quot;msg&quot;: &quot;Distribution Ubuntu 18.04 on host localhost should use /usr/bin/python3, but is using /usr/bin/python for backward compatibility with prior Ansible releases. A future Ansible release will default to using the discovered platform python for this host. See https://docs.ansible.com/ansible/devel/reference_appendices/interpreter_discovery.html for more information&quot;,
&quot;version&quot;: &quot;2.12&quot;
}
],
&quot;response&quot;: &quot;OK (unknown bytes)&quot;,
&quot;status&quot;: 200,
&quot;warnings&quot;: [
&quot;The value \&quot;auth_key: 8\&quot; (type int) was converted to \&quot;auth_key: '8'\&quot; (type string). If this does not look like what you expect, quote the entire value to ensure it does not change.&quot;
]
}</system-out>
		</testcase>
		<testcase classname="/root/ansible_collections/cisco/meraki/tests/output/.tmp/integration/meraki_switchport-ts3qsono-ÅÑŚÌβŁÈ/tests/integration/targets/meraki_switchport/tasks/main.yml:162" name="[localhost] meraki: meraki_switchport : Convert trunk port to access auth_key={{auth_key}}, state=present, serial={{ serial_switch }}, number=8, enabled=True, name=Test Port, type=access, vlan=10" time="2.701944">
			<system-out>{
&quot;changed&quot;: true,
&quot;data&quot;: {
&quot;access_policy_type&quot;: &quot;Open&quot;,
&quot;allowed_vlans&quot;: &quot;all&quot;,
&quot;enabled&quot;: true,
&quot;isolation_enabled&quot;: false,
&quot;link_negotiation&quot;: &quot;Auto negotiate&quot;,
&quot;name&quot;: &quot;Test Port&quot;,
&quot;poe_enabled&quot;: true,
&quot;port_id&quot;: &quot;8&quot;,
&quot;port_schedule_id&quot;: null,
&quot;rstp_enabled&quot;: true,
&quot;stp_guard&quot;: &quot;disabled&quot;,
&quot;tags&quot;: [],
&quot;type&quot;: &quot;access&quot;,
&quot;udld&quot;: &quot;Alert only&quot;,
&quot;vlan&quot;: 10,
&quot;voice_vlan&quot;: null
},
&quot;deprecations&quot;: [
{
&quot;msg&quot;: &quot;Distribution Ubuntu 18.04 on host localhost should use /usr/bin/python3, but is using /usr/bin/python for backward compatibility with prior Ansible releases. A future Ansible release will default to using the discovered platform python for this host. See https://docs.ansible.com/ansible/devel/reference_appendices/interpreter_discovery.html for more information&quot;,
&quot;version&quot;: &quot;2.12&quot;
}
],
&quot;response&quot;: &quot;OK (unknown bytes)&quot;,
&quot;status&quot;: 200,
&quot;warnings&quot;: [
&quot;The value \&quot;auth_key: 8\&quot; (type int) was converted to \&quot;auth_key: '8'\&quot; (type string). If this does not look like what you expect, quote the entire value to ensure it does not change.&quot;
]
}</system-out>
		</testcase>
		<testcase classname="/root/ansible_collections/cisco/meraki/tests/output/.tmp/integration/meraki_switchport-ts3qsono-ÅÑŚÌβŁÈ/tests/integration/targets/meraki_switchport/tasks/main.yml:174" name="[localhost] meraki: meraki_switchport : Test converted port for idempotency auth_key={{auth_key}}, state=present, serial={{ serial_switch }}, number=8, enabled=True, name=Test Port, type=access, vlan=10" time="1.596035">
			<system-out>{
&quot;changed&quot;: false,
&quot;data&quot;: {
&quot;access_policy_type&quot;: &quot;Open&quot;,
&quot;allowed_vlans&quot;: &quot;all&quot;,
&quot;enabled&quot;: true,
&quot;isolation_enabled&quot;: false,
&quot;link_negotiation&quot;: &quot;Auto negotiate&quot;,
&quot;name&quot;: &quot;Test Port&quot;,
&quot;poe_enabled&quot;: true,
&quot;port_id&quot;: &quot;8&quot;,
&quot;port_schedule_id&quot;: null,
&quot;rstp_enabled&quot;: true,
&quot;stp_guard&quot;: &quot;disabled&quot;,
&quot;tags&quot;: [],
&quot;type&quot;: &quot;access&quot;,
&quot;udld&quot;: &quot;Alert only&quot;,
&quot;vlan&quot;: 10,
&quot;voice_vlan&quot;: null
},
&quot;deprecations&quot;: [
{
&quot;msg&quot;: &quot;Distribution Ubuntu 18.04 on host localhost should use /usr/bin/python3, but is using /usr/bin/python for backward compatibility with prior Ansible releases. A future Ansible release will default to using the discovered platform python for this host. See https://docs.ansible.com/ansible/devel/reference_appendices/interpreter_discovery.html for more information&quot;,
&quot;version&quot;: &quot;2.12&quot;
}
],
&quot;response&quot;: &quot;OK (unknown bytes)&quot;,
&quot;status&quot;: 200,
&quot;warnings&quot;: [
&quot;The value \&quot;auth_key: 8\&quot; (type int) was converted to \&quot;auth_key: '8'\&quot; (type string). If this does not look like what you expect, quote the entire value to ensure it does not change.&quot;
]
}</system-out>
		</testcase>
		<testcase classname="/root/ansible_collections/cisco/meraki/tests/output/.tmp/integration/meraki_switchport-ts3qsono-ÅÑŚÌβŁÈ/tests/integration/targets/meraki_switchport/tasks/main.yml:187" name="[localhost] meraki: meraki_switchport : assert that=['convert_idempotent.changed == False']" time="0.093584">
			<system-out>{
    &quot;changed&quot;: false,
    &quot;msg&quot;: &quot;All assertions passed&quot;
}</system-out>
		</testcase>
		<testcase classname="/root/ansible_collections/cisco/meraki/tests/output/.tmp/integration/meraki_switchport-ts3qsono-ÅÑŚÌβŁÈ/tests/integration/targets/meraki_switchport/tasks/main.yml:191" name="[localhost] meraki: meraki_switchport : Configure access port with voice VLAN auth_key={{auth_key}}, state=present, serial={{ serial_switch }}, number=7, enabled=True, name=Test Port, tags=desktop, type=access, vlan=10, voice_vlan=11" time="1.813580">
			<system-out>{
&quot;changed&quot;: false,
&quot;data&quot;: {
&quot;access_policy_type&quot;: &quot;Open&quot;,
&quot;allowed_vlans&quot;: &quot;all&quot;,
&quot;enabled&quot;: true,
&quot;isolation_enabled&quot;: false,
&quot;link_negotiation&quot;: &quot;Auto negotiate&quot;,
&quot;name&quot;: &quot;Test Port&quot;,
&quot;poe_enabled&quot;: true,
&quot;port_id&quot;: &quot;7&quot;,
&quot;port_schedule_id&quot;: null,
&quot;rstp_enabled&quot;: true,
&quot;stp_guard&quot;: &quot;disabled&quot;,
&quot;tags&quot;: [
&quot;desktop&quot;
],
&quot;type&quot;: &quot;access&quot;,
&quot;udld&quot;: &quot;Alert only&quot;,
&quot;vlan&quot;: 10,
&quot;voice_vlan&quot;: 11
},
&quot;deprecations&quot;: [
{
&quot;msg&quot;: &quot;Distribution Ubuntu 18.04 on host localhost should use /usr/bin/python3, but is using /usr/bin/python for backward compatibility with prior Ansible releases. A future Ansible release will default to using the discovered platform python for this host. See https://docs.ansible.com/ansible/devel/reference_appendices/interpreter_discovery.html for more information&quot;,
&quot;version&quot;: &quot;2.12&quot;
}
],
&quot;response&quot;: &quot;OK (unknown bytes)&quot;,
&quot;status&quot;: 200,
&quot;warnings&quot;: [
&quot;The value \&quot;auth_key: 7\&quot; (type int) was converted to \&quot;auth_key: '7'\&quot; (type string). If this does not look like what you expect, quote the entire value to ensure it does not change.&quot;
]
}</system-out>
		</testcase>
		<testcase classname="/root/ansible_collections/cisco/meraki/tests/output/.tmp/integration/meraki_switchport-ts3qsono-ÅÑŚÌβŁÈ/tests/integration/targets/meraki_switchport/tasks/main.yml:206" name="[localhost] meraki: meraki_switchport : debug msg={{update_port_vvlan}}" time="0.093557">
			<system-out>{
    &quot;changed&quot;: false,
    &quot;msg&quot;: {
        &quot;changed&quot;: false,
        &quot;data&quot;: {
            &quot;access_policy_type&quot;: &quot;Open&quot;,
            &quot;allowed_vlans&quot;: &quot;all&quot;,
            &quot;enabled&quot;: true,
            &quot;isolation_enabled&quot;: false,
            &quot;link_negotiation&quot;: &quot;Auto negotiate&quot;,
            &quot;name&quot;: &quot;Test Port&quot;,
            &quot;poe_enabled&quot;: true,
            &quot;port_id&quot;: &quot;7&quot;,
            &quot;port_schedule_id&quot;: null,
            &quot;rstp_enabled&quot;: true,
            &quot;stp_guard&quot;: &quot;disabled&quot;,
            &quot;tags&quot;: [
                &quot;desktop&quot;
            ],
            &quot;type&quot;: &quot;access&quot;,
            &quot;udld&quot;: &quot;Alert only&quot;,
            &quot;vlan&quot;: 10,
            &quot;voice_vlan&quot;: 11
        },
        &quot;deprecations&quot;: [
            {
                &quot;msg&quot;: &quot;Distribution Ubuntu 18.04 on host localhost should use /usr/bin/python3, but is using /usr/bin/python for backward compatibility with prior Ansible releases. A future Ansible release will default to using the discovered platform python for this host. See https://docs.ansible.com/ansible/devel/reference_appendices/interpreter_discovery.html for more information&quot;,
                &quot;version&quot;: &quot;2.12&quot;
            }
        ],
        &quot;failed&quot;: false,
        &quot;response&quot;: &quot;OK (unknown bytes)&quot;,
        &quot;status&quot;: 200,
        &quot;warnings&quot;: [
            &quot;The value \&quot;auth_key: 7\&quot; (type int) was converted to \&quot;auth_key: '7'\&quot; (type string). If this does not look like what you expect, quote the entire value to ensure it does not change.&quot;
        ]
    }
}</system-out>
		</testcase>
		<testcase classname="/root/ansible_collections/cisco/meraki/tests/output/.tmp/integration/meraki_switchport-ts3qsono-ÅÑŚÌβŁÈ/tests/integration/targets/meraki_switchport/tasks/main.yml:209" name="[localhost] meraki: meraki_switchport : assert that=['update_port_vvlan.data.voice_vlan == 11', 'update_port_vvlan.changed == True']" time="0.103895">
			<failure message="Assertion failed" type="failure">{
    &quot;assertion&quot;: &quot;update_port_vvlan.changed == True&quot;,
    &quot;changed&quot;: false,
    &quot;evaluated_to&quot;: false,
    &quot;msg&quot;: &quot;Assertion failed&quot;
}</failure>
		</testcase>
	</testsuite>
</testsuites>
